[0.000000] (-) TimerEvent: {}
[0.000158] (sam_bot_nav2_gz) JobQueued: {'identifier': 'sam_bot_nav2_gz', 'dependencies': OrderedDict()}
[0.000186] (sam_bot_nav2_gz) JobStarted: {'identifier': 'sam_bot_nav2_gz'}
[0.064650] (sam_bot_nav2_gz) JobProgress: {'identifier': 'sam_bot_nav2_gz', 'progress': 'cmake'}
[0.065109] (sam_bot_nav2_gz) JobProgress: {'identifier': 'sam_bot_nav2_gz', 'progress': 'build'}
[0.065737] (sam_bot_nav2_gz) Command: {'cmd': ['/usr/bin/cmake', '--build', '/home/ubuntu/ros2_ws/src/sam_bot_nav2_gz/build/sam_bot_nav2_gz', '--', '-j8', '-l8'], 'cwd': '/home/ubuntu/ros2_ws/src/sam_bot_nav2_gz/build/sam_bot_nav2_gz', 'env': OrderedDict([('USER', 'ubuntu'), ('XDG_SESSION_TYPE', 'x11'), ('SHLVL', '1'), ('LD_LIBRARY_PATH', '/opt/ros/iron/opt/rviz_ogre_vendor/lib:/opt/ros/iron/lib/x86_64-linux-gnu:/opt/ros/iron/lib'), ('HOME', '/home/ubuntu'), ('DESKTOP_SESSION', 'ubuntu'), ('ROS_PYTHON_VERSION', '3'), ('GNOME_SHELL_SESSION_MODE', 'ubuntu'), ('GTK_MODULES', 'gail:atk-bridge'), ('DBUS_STARTER_BUS_TYPE', 'session'), ('SYSTEMD_EXEC_PID', '2428'), ('DBUS_SESSION_BUS_ADDRESS', 'unix:path=/run/user/999/bus,guid=029e0f4fc8d61d8d3d98334166030c5e'), ('COLORTERM', 'truecolor'), ('IM_CONFIG_PHASE', '1'), ('COLCON_PREFIX_PATH', '/home/ubuntu/ros2_ws/src/sam_bot_nav2_gz/install'), ('ROS_DISTRO', 'iron'), ('GTK_IM_MODULE', 'ibus'), ('LOGNAME', 'ubuntu'), ('_', '/usr/bin/colcon'), ('ROS_VERSION', '2'), ('XDG_SESSION_CLASS', 'user'), ('USERNAME', 'ubuntu'), ('TERM', 'xterm-256color'), ('GNOME_DESKTOP_SESSION_ID', 'this-is-deprecated'), ('WINDOWPATH', '2'), ('PATH', '/opt/ros/iron/bin:/usr/local/sbin:/usr/local/bin:/usr/sbin:/usr/bin:/sbin:/bin:/usr/games:/usr/local/games:/snap/bin:/snap/bin'), ('SESSION_MANAGER', 'local/ubuntu:@/tmp/.ICE-unix/2428,unix/ubuntu:/tmp/.ICE-unix/2428'), ('XDG_MENU_PREFIX', 'gnome-'), ('GNOME_TERMINAL_SCREEN', '/org/gnome/Terminal/screen/da8bab79_5b1a_469b_9233_be305817c907'), ('XDG_RUNTIME_DIR', '/run/user/999'), ('DISPLAY', ':0'), ('LANG', 'C.UTF-8'), ('XDG_CURRENT_DESKTOP', 'ubuntu:GNOME'), ('XMODIFIERS', '@im=ibus'), ('XDG_SESSION_DESKTOP', 'ubuntu'), ('XAUTHORITY', '/run/user/999/gdm/Xauthority'), ('GNOME_TERMINAL_SERVICE', ':1.115'), ('SSH_AGENT_LAUNCHER', 'gnome-keyring'), ('SSH_AUTH_SOCK', '/run/user/999/keyring/ssh'), ('AMENT_PREFIX_PATH', '/home/ubuntu/ros2_ws/src/sam_bot_nav2_gz/install/sam_bot_nav2_gz:/opt/ros/iron'), ('SHELL', '/bin/bash'), ('QT_ACCESSIBILITY', '1'), ('GDMSESSION', 'ubuntu'), ('GPG_AGENT_INFO', '/run/user/999/gnupg/S.gpg-agent:0:1'), ('ROS_AUTOMATIC_DISCOVERY_RANGE', 'SUBNET'), ('QT_IM_MODULE', 'ibus'), ('PWD', '/home/ubuntu/ros2_ws/src/sam_bot_nav2_gz/build/sam_bot_nav2_gz'), ('XDG_CONFIG_DIRS', '/etc/xdg/xdg-ubuntu:/etc/xdg'), ('DBUS_STARTER_ADDRESS', 'unix:path=/run/user/999/bus,guid=029e0f4fc8d61d8d3d98334166030c5e'), ('XDG_DATA_DIRS', '/usr/share/ubuntu:/usr/share/gnome:/usr/local/share/:/usr/share/:/var/lib/snapd/desktop'), ('PYTHONPATH', '/opt/ros/iron/lib/python3.10/site-packages'), ('COLCON', '1'), ('VTE_VERSION', '6800'), ('CMAKE_PREFIX_PATH', '/home/ubuntu/ros2_ws/src/sam_bot_nav2_gz/install/sam_bot_nav2_gz:/opt/ros/iron')]), 'shell': False}
[0.099199] (sam_bot_nav2_gz) CommandEnded: {'returncode': 0}
[0.099504] (-) TimerEvent: {}
[0.119439] (sam_bot_nav2_gz) JobProgress: {'identifier': 'sam_bot_nav2_gz', 'progress': 'install'}
[0.128409] (sam_bot_nav2_gz) Command: {'cmd': ['/usr/bin/cmake', '--install', '/home/ubuntu/ros2_ws/src/sam_bot_nav2_gz/build/sam_bot_nav2_gz'], 'cwd': '/home/ubuntu/ros2_ws/src/sam_bot_nav2_gz/build/sam_bot_nav2_gz', 'env': OrderedDict([('USER', 'ubuntu'), ('XDG_SESSION_TYPE', 'x11'), ('SHLVL', '1'), ('LD_LIBRARY_PATH', '/opt/ros/iron/opt/rviz_ogre_vendor/lib:/opt/ros/iron/lib/x86_64-linux-gnu:/opt/ros/iron/lib'), ('HOME', '/home/ubuntu'), ('DESKTOP_SESSION', 'ubuntu'), ('ROS_PYTHON_VERSION', '3'), ('GNOME_SHELL_SESSION_MODE', 'ubuntu'), ('GTK_MODULES', 'gail:atk-bridge'), ('DBUS_STARTER_BUS_TYPE', 'session'), ('SYSTEMD_EXEC_PID', '2428'), ('DBUS_SESSION_BUS_ADDRESS', 'unix:path=/run/user/999/bus,guid=029e0f4fc8d61d8d3d98334166030c5e'), ('COLORTERM', 'truecolor'), ('IM_CONFIG_PHASE', '1'), ('COLCON_PREFIX_PATH', '/home/ubuntu/ros2_ws/src/sam_bot_nav2_gz/install'), ('ROS_DISTRO', 'iron'), ('GTK_IM_MODULE', 'ibus'), ('LOGNAME', 'ubuntu'), ('_', '/usr/bin/colcon'), ('ROS_VERSION', '2'), ('XDG_SESSION_CLASS', 'user'), ('USERNAME', 'ubuntu'), ('TERM', 'xterm-256color'), ('GNOME_DESKTOP_SESSION_ID', 'this-is-deprecated'), ('WINDOWPATH', '2'), ('PATH', '/opt/ros/iron/bin:/usr/local/sbin:/usr/local/bin:/usr/sbin:/usr/bin:/sbin:/bin:/usr/games:/usr/local/games:/snap/bin:/snap/bin'), ('SESSION_MANAGER', 'local/ubuntu:@/tmp/.ICE-unix/2428,unix/ubuntu:/tmp/.ICE-unix/2428'), ('XDG_MENU_PREFIX', 'gnome-'), ('GNOME_TERMINAL_SCREEN', '/org/gnome/Terminal/screen/da8bab79_5b1a_469b_9233_be305817c907'), ('XDG_RUNTIME_DIR', '/run/user/999'), ('DISPLAY', ':0'), ('LANG', 'C.UTF-8'), ('XDG_CURRENT_DESKTOP', 'ubuntu:GNOME'), ('XMODIFIERS', '@im=ibus'), ('XDG_SESSION_DESKTOP', 'ubuntu'), ('XAUTHORITY', '/run/user/999/gdm/Xauthority'), ('GNOME_TERMINAL_SERVICE', ':1.115'), ('SSH_AGENT_LAUNCHER', 'gnome-keyring'), ('SSH_AUTH_SOCK', '/run/user/999/keyring/ssh'), ('AMENT_PREFIX_PATH', '/home/ubuntu/ros2_ws/src/sam_bot_nav2_gz/install/sam_bot_nav2_gz:/opt/ros/iron'), ('SHELL', '/bin/bash'), ('QT_ACCESSIBILITY', '1'), ('GDMSESSION', 'ubuntu'), ('GPG_AGENT_INFO', '/run/user/999/gnupg/S.gpg-agent:0:1'), ('ROS_AUTOMATIC_DISCOVERY_RANGE', 'SUBNET'), ('QT_IM_MODULE', 'ibus'), ('PWD', '/home/ubuntu/ros2_ws/src/sam_bot_nav2_gz/build/sam_bot_nav2_gz'), ('XDG_CONFIG_DIRS', '/etc/xdg/xdg-ubuntu:/etc/xdg'), ('DBUS_STARTER_ADDRESS', 'unix:path=/run/user/999/bus,guid=029e0f4fc8d61d8d3d98334166030c5e'), ('XDG_DATA_DIRS', '/usr/share/ubuntu:/usr/share/gnome:/usr/local/share/:/usr/share/:/var/lib/snapd/desktop'), ('PYTHONPATH', '/opt/ros/iron/lib/python3.10/site-packages'), ('COLCON', '1'), ('VTE_VERSION', '6800'), ('CMAKE_PREFIX_PATH', '/home/ubuntu/ros2_ws/src/sam_bot_nav2_gz/install/sam_bot_nav2_gz:/opt/ros/iron')]), 'shell': False}
[0.135074] (sam_bot_nav2_gz) StdoutLine: {'line': b'-- Install configuration: ""\n'}
[0.135289] (sam_bot_nav2_gz) StdoutLine: {'line': b'-- Up-to-date: /home/ubuntu/ros2_ws/src/sam_bot_nav2_gz/install/sam_bot_nav2_gz/share/sam_bot_nav2_gz/src\n'}
[0.135392] (sam_bot_nav2_gz) StdoutLine: {'line': b'-- Installing: /home/ubuntu/ros2_ws/src/sam_bot_nav2_gz/install/sam_bot_nav2_gz/share/sam_bot_nav2_gz/src/gz_ros2_control\n'}
[0.135453] (sam_bot_nav2_gz) StdoutLine: {'line': b'-- Installing: /home/ubuntu/ros2_ws/src/sam_bot_nav2_gz/install/sam_bot_nav2_gz/share/sam_bot_nav2_gz/src/gz_ros2_control/gz_ros2_control\n'}
[0.135576] (sam_bot_nav2_gz) StdoutLine: {'line': b'-- Installing: /home/ubuntu/ros2_ws/src/sam_bot_nav2_gz/install/sam_bot_nav2_gz/share/sam_bot_nav2_gz/src/gz_ros2_control/gz_ros2_control/gz_hardware_plugins.xml\n'}
[0.135721] (sam_bot_nav2_gz) StdoutLine: {'line': b'-- Installing: /home/ubuntu/ros2_ws/src/sam_bot_nav2_gz/install/sam_bot_nav2_gz/share/sam_bot_nav2_gz/src/gz_ros2_control/gz_ros2_control/CHANGELOG.rst\n'}
[0.135849] (sam_bot_nav2_gz) StdoutLine: {'line': b'-- Installing: /home/ubuntu/ros2_ws/src/sam_bot_nav2_gz/install/sam_bot_nav2_gz/share/sam_bot_nav2_gz/src/gz_ros2_control/gz_ros2_control/src\n'}
[0.135950] (sam_bot_nav2_gz) StdoutLine: {'line': b'-- Installing: /home/ubuntu/ros2_ws/src/sam_bot_nav2_gz/install/sam_bot_nav2_gz/share/sam_bot_nav2_gz/src/gz_ros2_control/gz_ros2_control/src/gz_ros2_control_plugin.cpp\n'}
[0.136085] (sam_bot_nav2_gz) StdoutLine: {'line': b'-- Installing: /home/ubuntu/ros2_ws/src/sam_bot_nav2_gz/install/sam_bot_nav2_gz/share/sam_bot_nav2_gz/src/gz_ros2_control/gz_ros2_control/src/gz_system.cpp\n'}
[0.136197] (sam_bot_nav2_gz) StdoutLine: {'line': b'-- Installing: /home/ubuntu/ros2_ws/src/sam_bot_nav2_gz/install/sam_bot_nav2_gz/share/sam_bot_nav2_gz/src/gz_ros2_control/gz_ros2_control/CMakeLists.txt\n'}
[0.136305] (sam_bot_nav2_gz) StdoutLine: {'line': b'-- Installing: /home/ubuntu/ros2_ws/src/sam_bot_nav2_gz/install/sam_bot_nav2_gz/share/sam_bot_nav2_gz/src/gz_ros2_control/gz_ros2_control/package.xml\n'}
[0.136509] (sam_bot_nav2_gz) StdoutLine: {'line': b'-- Installing: /home/ubuntu/ros2_ws/src/sam_bot_nav2_gz/install/sam_bot_nav2_gz/share/sam_bot_nav2_gz/src/gz_ros2_control/gz_ros2_control/include\n'}
[0.136636] (sam_bot_nav2_gz) StdoutLine: {'line': b'-- Installing: /home/ubuntu/ros2_ws/src/sam_bot_nav2_gz/install/sam_bot_nav2_gz/share/sam_bot_nav2_gz/src/gz_ros2_control/gz_ros2_control/include/gz_ros2_control\n'}
[0.136697] (sam_bot_nav2_gz) StdoutLine: {'line': b'-- Installing: /home/ubuntu/ros2_ws/src/sam_bot_nav2_gz/install/sam_bot_nav2_gz/share/sam_bot_nav2_gz/src/gz_ros2_control/gz_ros2_control/include/gz_ros2_control/gz_system_interface.hpp\n'}
[0.136811] (sam_bot_nav2_gz) StdoutLine: {'line': b'-- Installing: /home/ubuntu/ros2_ws/src/sam_bot_nav2_gz/install/sam_bot_nav2_gz/share/sam_bot_nav2_gz/src/gz_ros2_control/gz_ros2_control/include/gz_ros2_control/gz_ros2_control_plugin.hpp\n'}
[0.136970] (sam_bot_nav2_gz) StdoutLine: {'line': b'-- Installing: /home/ubuntu/ros2_ws/src/sam_bot_nav2_gz/install/sam_bot_nav2_gz/share/sam_bot_nav2_gz/src/gz_ros2_control/gz_ros2_control/include/gz_ros2_control/gz_system.hpp\n'}
[0.137120] (sam_bot_nav2_gz) StdoutLine: {'line': b'-- Installing: /home/ubuntu/ros2_ws/src/sam_bot_nav2_gz/install/sam_bot_nav2_gz/share/sam_bot_nav2_gz/src/gz_ros2_control/gz_ros2_control/LICENSE\n'}
[0.137275] (sam_bot_nav2_gz) StdoutLine: {'line': b'-- Installing: /home/ubuntu/ros2_ws/src/sam_bot_nav2_gz/install/sam_bot_nav2_gz/share/sam_bot_nav2_gz/src/gz_ros2_control/README.md\n'}
[0.137420] (sam_bot_nav2_gz) StdoutLine: {'line': b'-- Installing: /home/ubuntu/ros2_ws/src/sam_bot_nav2_gz/install/sam_bot_nav2_gz/share/sam_bot_nav2_gz/src/gz_ros2_control/.pre-commit-config.yaml\n'}
[0.137565] (sam_bot_nav2_gz) StdoutLine: {'line': b'-- Installing: /home/ubuntu/ros2_ws/src/sam_bot_nav2_gz/install/sam_bot_nav2_gz/share/sam_bot_nav2_gz/src/gz_ros2_control/.github\n'}
[0.137714] (sam_bot_nav2_gz) StdoutLine: {'line': b'-- Installing: /home/ubuntu/ros2_ws/src/sam_bot_nav2_gz/install/sam_bot_nav2_gz/share/sam_bot_nav2_gz/src/gz_ros2_control/.github/CODEOWNERS\n'}
[0.137845] (sam_bot_nav2_gz) StdoutLine: {'line': b'-- Installing: /home/ubuntu/ros2_ws/src/sam_bot_nav2_gz/install/sam_bot_nav2_gz/share/sam_bot_nav2_gz/src/gz_ros2_control/.github/workflows\n'}
[0.137961] (sam_bot_nav2_gz) StdoutLine: {'line': b'-- Installing: /home/ubuntu/ros2_ws/src/sam_bot_nav2_gz/install/sam_bot_nav2_gz/share/sam_bot_nav2_gz/src/gz_ros2_control/.github/workflows/ci-check-docs.yml\n'}
[0.138069] (sam_bot_nav2_gz) StdoutLine: {'line': b'-- Installing: /home/ubuntu/ros2_ws/src/sam_bot_nav2_gz/install/sam_bot_nav2_gz/share/sam_bot_nav2_gz/src/gz_ros2_control/.github/workflows/triage.yml\n'}
[0.138178] (sam_bot_nav2_gz) StdoutLine: {'line': b'-- Installing: /home/ubuntu/ros2_ws/src/sam_bot_nav2_gz/install/sam_bot_nav2_gz/share/sam_bot_nav2_gz/src/gz_ros2_control/.github/workflows/ci-iron.yaml\n'}
[0.138351] (sam_bot_nav2_gz) StdoutLine: {'line': b'-- Installing: /home/ubuntu/ros2_ws/src/sam_bot_nav2_gz/install/sam_bot_nav2_gz/share/sam_bot_nav2_gz/src/gz_ros2_control/.github/workflows/ci-rolling.yaml\n'}
[0.138542] (sam_bot_nav2_gz) StdoutLine: {'line': b'-- Installing: /home/ubuntu/ros2_ws/src/sam_bot_nav2_gz/install/sam_bot_nav2_gz/share/sam_bot_nav2_gz/src/gz_ros2_control/.github/workflows/ci-format.yaml\n'}
[0.138658] (sam_bot_nav2_gz) StdoutLine: {'line': b'-- Installing: /home/ubuntu/ros2_ws/src/sam_bot_nav2_gz/install/sam_bot_nav2_gz/share/sam_bot_nav2_gz/src/gz_ros2_control/.github/dependabot.yml\n'}
[0.138798] (sam_bot_nav2_gz) StdoutLine: {'line': b'-- Installing: /home/ubuntu/ros2_ws/src/sam_bot_nav2_gz/install/sam_bot_nav2_gz/share/sam_bot_nav2_gz/src/gz_ros2_control/gz_ros2_control_demos\n'}
[0.138915] (sam_bot_nav2_gz) StdoutLine: {'line': b'-- Installing: /home/ubuntu/ros2_ws/src/sam_bot_nav2_gz/install/sam_bot_nav2_gz/share/sam_bot_nav2_gz/src/gz_ros2_control/gz_ros2_control_demos/CHANGELOG.rst\n'}
[0.139056] (sam_bot_nav2_gz) StdoutLine: {'line': b'-- Installing: /home/ubuntu/ros2_ws/src/sam_bot_nav2_gz/install/sam_bot_nav2_gz/share/sam_bot_nav2_gz/src/gz_ros2_control/gz_ros2_control_demos/CMakeLists.txt\n'}
[0.139193] (sam_bot_nav2_gz) StdoutLine: {'line': b'-- Installing: /home/ubuntu/ros2_ws/src/sam_bot_nav2_gz/install/sam_bot_nav2_gz/share/sam_bot_nav2_gz/src/gz_ros2_control/gz_ros2_control_demos/examples\n'}
[0.139314] (sam_bot_nav2_gz) StdoutLine: {'line': b'-- Installing: /home/ubuntu/ros2_ws/src/sam_bot_nav2_gz/install/sam_bot_nav2_gz/share/sam_bot_nav2_gz/src/gz_ros2_control/gz_ros2_control_demos/examples/example_effort.cpp\n'}
[0.139458] (sam_bot_nav2_gz) StdoutLine: {'line': b'-- Installing: /home/ubuntu/ros2_ws/src/sam_bot_nav2_gz/install/sam_bot_nav2_gz/share/sam_bot_nav2_gz/src/gz_ros2_control/gz_ros2_control_demos/examples/example_velocity.cpp\n'}
[0.139617] (sam_bot_nav2_gz) StdoutLine: {'line': b'-- Installing: /home/ubuntu/ros2_ws/src/sam_bot_nav2_gz/install/sam_bot_nav2_gz/share/sam_bot_nav2_gz/src/gz_ros2_control/gz_ros2_control_demos/examples/example_diff_drive.cpp\n'}
[0.139757] (sam_bot_nav2_gz) StdoutLine: {'line': b'-- Installing: /home/ubuntu/ros2_ws/src/sam_bot_nav2_gz/install/sam_bot_nav2_gz/share/sam_bot_nav2_gz/src/gz_ros2_control/gz_ros2_control_demos/examples/example_tricycle_drive.cpp\n'}
[0.139921] (sam_bot_nav2_gz) StdoutLine: {'line': b'-- Installing: /home/ubuntu/ros2_ws/src/sam_bot_nav2_gz/install/sam_bot_nav2_gz/share/sam_bot_nav2_gz/src/gz_ros2_control/gz_ros2_control_demos/examples/example_gripper.cpp\n'}
[0.140075] (sam_bot_nav2_gz) StdoutLine: {'line': b'-- Installing: /home/ubuntu/ros2_ws/src/sam_bot_nav2_gz/install/sam_bot_nav2_gz/share/sam_bot_nav2_gz/src/gz_ros2_control/gz_ros2_control_demos/examples/example_position.cpp\n'}
[0.140208] (sam_bot_nav2_gz) StdoutLine: {'line': b'-- Installing: /home/ubuntu/ros2_ws/src/sam_bot_nav2_gz/install/sam_bot_nav2_gz/share/sam_bot_nav2_gz/src/gz_ros2_control/gz_ros2_control_demos/package.xml\n'}
[0.140345] (sam_bot_nav2_gz) StdoutLine: {'line': b'-- Installing: /home/ubuntu/ros2_ws/src/sam_bot_nav2_gz/install/sam_bot_nav2_gz/share/sam_bot_nav2_gz/src/gz_ros2_control/gz_ros2_control_demos/launch\n'}
[0.140617] (sam_bot_nav2_gz) StdoutLine: {'line': b'-- Installing: /home/ubuntu/ros2_ws/src/sam_bot_nav2_gz/install/sam_bot_nav2_gz/share/sam_bot_nav2_gz/src/gz_ros2_control/gz_ros2_control_demos/launch/cart_example_velocity.launch.py\n'}
[0.140694] (sam_bot_nav2_gz) StdoutLine: {'line': b'-- Installing: /home/ubuntu/ros2_ws/src/sam_bot_nav2_gz/install/sam_bot_nav2_gz/share/sam_bot_nav2_gz/src/gz_ros2_control/gz_ros2_control_demos/launch/cart_example_effort.launch.py\n'}
[0.140823] (sam_bot_nav2_gz) StdoutLine: {'line': b'-- Installing: /home/ubuntu/ros2_ws/src/sam_bot_nav2_gz/install/sam_bot_nav2_gz/share/sam_bot_nav2_gz/src/gz_ros2_control/gz_ros2_control_demos/launch/tricycle_drive_example.launch.py\n'}
[0.140978] (sam_bot_nav2_gz) StdoutLine: {'line': b'-- Installing: /home/ubuntu/ros2_ws/src/sam_bot_nav2_gz/install/sam_bot_nav2_gz/share/sam_bot_nav2_gz/src/gz_ros2_control/gz_ros2_control_demos/launch/diff_drive_example.launch.py\n'}
[0.141130] (sam_bot_nav2_gz) StdoutLine: {'line': b'-- Installing: /home/ubuntu/ros2_ws/src/sam_bot_nav2_gz/install/sam_bot_nav2_gz/share/sam_bot_nav2_gz/src/gz_ros2_control/gz_ros2_control_demos/launch/gripper_mimic_joint_example.launch.py\n'}
[0.141281] (sam_bot_nav2_gz) StdoutLine: {'line': b'-- Installing: /home/ubuntu/ros2_ws/src/sam_bot_nav2_gz/install/sam_bot_nav2_gz/share/sam_bot_nav2_gz/src/gz_ros2_control/gz_ros2_control_demos/launch/cart_example_position.launch.py\n'}
[0.141431] (sam_bot_nav2_gz) StdoutLine: {'line': b'-- Installing: /home/ubuntu/ros2_ws/src/sam_bot_nav2_gz/install/sam_bot_nav2_gz/share/sam_bot_nav2_gz/src/gz_ros2_control/gz_ros2_control_demos/urdf\n'}
[0.141505] (sam_bot_nav2_gz) StdoutLine: {'line': b'-- Installing: /home/ubuntu/ros2_ws/src/sam_bot_nav2_gz/install/sam_bot_nav2_gz/share/sam_bot_nav2_gz/src/gz_ros2_control/gz_ros2_control_demos/urdf/test_cart_position.xacro.urdf\n'}
[0.141662] (sam_bot_nav2_gz) StdoutLine: {'line': b'-- Installing: /home/ubuntu/ros2_ws/src/sam_bot_nav2_gz/install/sam_bot_nav2_gz/share/sam_bot_nav2_gz/src/gz_ros2_control/gz_ros2_control_demos/urdf/test_cart_effort.xacro.urdf\n'}
[0.141818] (sam_bot_nav2_gz) StdoutLine: {'line': b'-- Installing: /home/ubuntu/ros2_ws/src/sam_bot_nav2_gz/install/sam_bot_nav2_gz/share/sam_bot_nav2_gz/src/gz_ros2_control/gz_ros2_control_demos/urdf/test_gripper_mimic_joint.xacro.urdf\n'}
[0.141969] (sam_bot_nav2_gz) StdoutLine: {'line': b'-- Installing: /home/ubuntu/ros2_ws/src/sam_bot_nav2_gz/install/sam_bot_nav2_gz/share/sam_bot_nav2_gz/src/gz_ros2_control/gz_ros2_control_demos/urdf/test_tricycle_drive.xacro.urdf\n'}
[0.142124] (sam_bot_nav2_gz) StdoutLine: {'line': b'-- Installing: /home/ubuntu/ros2_ws/src/sam_bot_nav2_gz/install/sam_bot_nav2_gz/share/sam_bot_nav2_gz/src/gz_ros2_control/gz_ros2_control_demos/urdf/test_diff_drive.xacro.urdf\n'}
[0.142272] (sam_bot_nav2_gz) StdoutLine: {'line': b'-- Installing: /home/ubuntu/ros2_ws/src/sam_bot_nav2_gz/install/sam_bot_nav2_gz/share/sam_bot_nav2_gz/src/gz_ros2_control/gz_ros2_control_demos/urdf/test_cart_velocity.xacro.urdf\n'}
[0.142424] (sam_bot_nav2_gz) StdoutLine: {'line': b'-- Installing: /home/ubuntu/ros2_ws/src/sam_bot_nav2_gz/install/sam_bot_nav2_gz/share/sam_bot_nav2_gz/src/gz_ros2_control/gz_ros2_control_demos/config\n'}
[0.142521] (sam_bot_nav2_gz) StdoutLine: {'line': b'-- Installing: /home/ubuntu/ros2_ws/src/sam_bot_nav2_gz/install/sam_bot_nav2_gz/share/sam_bot_nav2_gz/src/gz_ros2_control/gz_ros2_control_demos/config/gripper_controller.yaml\n'}
[0.142674] (sam_bot_nav2_gz) StdoutLine: {'line': b'-- Installing: /home/ubuntu/ros2_ws/src/sam_bot_nav2_gz/install/sam_bot_nav2_gz/share/sam_bot_nav2_gz/src/gz_ros2_control/gz_ros2_control_demos/config/cart_controller_position.yaml\n'}
[0.142824] (sam_bot_nav2_gz) StdoutLine: {'line': b'-- Installing: /home/ubuntu/ros2_ws/src/sam_bot_nav2_gz/install/sam_bot_nav2_gz/share/sam_bot_nav2_gz/src/gz_ros2_control/gz_ros2_control_demos/config/diff_drive_controller_velocity.yaml\n'}
[0.142975] (sam_bot_nav2_gz) StdoutLine: {'line': b'-- Installing: /home/ubuntu/ros2_ws/src/sam_bot_nav2_gz/install/sam_bot_nav2_gz/share/sam_bot_nav2_gz/src/gz_ros2_control/gz_ros2_control_demos/config/tricycle_drive_controller.yaml\n'}
[0.143122] (sam_bot_nav2_gz) StdoutLine: {'line': b'-- Installing: /home/ubuntu/ros2_ws/src/sam_bot_nav2_gz/install/sam_bot_nav2_gz/share/sam_bot_nav2_gz/src/gz_ros2_control/gz_ros2_control_demos/config/cart_controller_effort.yaml\n'}
[0.143272] (sam_bot_nav2_gz) StdoutLine: {'line': b'-- Installing: /home/ubuntu/ros2_ws/src/sam_bot_nav2_gz/install/sam_bot_nav2_gz/share/sam_bot_nav2_gz/src/gz_ros2_control/gz_ros2_control_demos/config/cart_controller_velocity.yaml\n'}
[0.143416] (sam_bot_nav2_gz) StdoutLine: {'line': b'-- Installing: /home/ubuntu/ros2_ws/src/sam_bot_nav2_gz/install/sam_bot_nav2_gz/share/sam_bot_nav2_gz/src/gz_ros2_control/gz_ros2_control_tests\n'}
[0.143546] (sam_bot_nav2_gz) StdoutLine: {'line': b'-- Installing: /home/ubuntu/ros2_ws/src/sam_bot_nav2_gz/install/sam_bot_nav2_gz/share/sam_bot_nav2_gz/src/gz_ros2_control/gz_ros2_control_tests/CHANGELOG.rst\n'}
[0.143704] (sam_bot_nav2_gz) StdoutLine: {'line': b'-- Installing: /home/ubuntu/ros2_ws/src/sam_bot_nav2_gz/install/sam_bot_nav2_gz/share/sam_bot_nav2_gz/src/gz_ros2_control/gz_ros2_control_tests/src\n'}
[0.143782] (sam_bot_nav2_gz) StdoutLine: {'line': b'-- Installing: /home/ubuntu/ros2_ws/src/sam_bot_nav2_gz/install/sam_bot_nav2_gz/share/sam_bot_nav2_gz/src/gz_ros2_control/gz_ros2_control_tests/src/test_position.cpp\n'}
[0.143928] (sam_bot_nav2_gz) StdoutLine: {'line': b'-- Installing: /home/ubuntu/ros2_ws/src/sam_bot_nav2_gz/install/sam_bot_nav2_gz/share/sam_bot_nav2_gz/src/gz_ros2_control/gz_ros2_control_tests/tests\n'}
[0.144003] (sam_bot_nav2_gz) StdoutLine: {'line': b'-- Installing: /home/ubuntu/ros2_ws/src/sam_bot_nav2_gz/install/sam_bot_nav2_gz/share/sam_bot_nav2_gz/src/gz_ros2_control/gz_ros2_control_tests/tests/CMakeLists.txt\n'}
[0.144144] (sam_bot_nav2_gz) StdoutLine: {'line': b'-- Installing: /home/ubuntu/ros2_ws/src/sam_bot_nav2_gz/install/sam_bot_nav2_gz/share/sam_bot_nav2_gz/src/gz_ros2_control/gz_ros2_control_tests/tests/position_test.py\n'}
[0.144297] (sam_bot_nav2_gz) StdoutLine: {'line': b'-- Installing: /home/ubuntu/ros2_ws/src/sam_bot_nav2_gz/install/sam_bot_nav2_gz/share/sam_bot_nav2_gz/src/gz_ros2_control/gz_ros2_control_tests/CMakeLists.txt\n'}
[0.144525] (sam_bot_nav2_gz) StdoutLine: {'line': b'-- Installing: /home/ubuntu/ros2_ws/src/sam_bot_nav2_gz/install/sam_bot_nav2_gz/share/sam_bot_nav2_gz/src/gz_ros2_control/gz_ros2_control_tests/package.xml\n'}
[0.144665] (sam_bot_nav2_gz) StdoutLine: {'line': b'-- Installing: /home/ubuntu/ros2_ws/src/sam_bot_nav2_gz/install/sam_bot_nav2_gz/share/sam_bot_nav2_gz/src/gz_ros2_control/gz_ros2_control_tests/urdf\n'}
[0.144810] (sam_bot_nav2_gz) StdoutLine: {'line': b'-- Installing: /home/ubuntu/ros2_ws/src/sam_bot_nav2_gz/install/sam_bot_nav2_gz/share/sam_bot_nav2_gz/src/gz_ros2_control/gz_ros2_control_tests/urdf/test_cart_position.xacro.urdf\n'}
[0.144923] (sam_bot_nav2_gz) StdoutLine: {'line': b'-- Installing: /home/ubuntu/ros2_ws/src/sam_bot_nav2_gz/install/sam_bot_nav2_gz/share/sam_bot_nav2_gz/src/gz_ros2_control/gz_ros2_control_tests/config\n'}
[0.144998] (sam_bot_nav2_gz) StdoutLine: {'line': b'-- Installing: /home/ubuntu/ros2_ws/src/sam_bot_nav2_gz/install/sam_bot_nav2_gz/share/sam_bot_nav2_gz/src/gz_ros2_control/gz_ros2_control_tests/config/cart_controller_position.yaml\n'}
[0.145073] (sam_bot_nav2_gz) StdoutLine: {'line': b'-- Installing: /home/ubuntu/ros2_ws/src/sam_bot_nav2_gz/install/sam_bot_nav2_gz/share/sam_bot_nav2_gz/src/gz_ros2_control/Dockerfile\n'}
[0.145164] (sam_bot_nav2_gz) StdoutLine: {'line': b'-- Installing: /home/ubuntu/ros2_ws/src/sam_bot_nav2_gz/install/sam_bot_nav2_gz/share/sam_bot_nav2_gz/src/gz_ros2_control/Dockerfile/Dockerfile\n'}
[0.145309] (sam_bot_nav2_gz) StdoutLine: {'line': b'-- Installing: /home/ubuntu/ros2_ws/src/sam_bot_nav2_gz/install/sam_bot_nav2_gz/share/sam_bot_nav2_gz/src/gz_ros2_control/Dockerfile/entrypoint.sh\n'}
[0.145451] (sam_bot_nav2_gz) StdoutLine: {'line': b'-- Installing: /home/ubuntu/ros2_ws/src/sam_bot_nav2_gz/install/sam_bot_nav2_gz/share/sam_bot_nav2_gz/src/gz_ros2_control/doc\n'}
[0.145542] (sam_bot_nav2_gz) StdoutLine: {'line': b'-- Installing: /home/ubuntu/ros2_ws/src/sam_bot_nav2_gz/install/sam_bot_nav2_gz/share/sam_bot_nav2_gz/src/gz_ros2_control/doc/index.rst\n'}
[0.145697] (sam_bot_nav2_gz) StdoutLine: {'line': b'-- Installing: /home/ubuntu/ros2_ws/src/sam_bot_nav2_gz/install/sam_bot_nav2_gz/share/sam_bot_nav2_gz/src/gz_ros2_control/doc/img\n'}
[0.145792] (sam_bot_nav2_gz) StdoutLine: {'line': b'-- Installing: /home/ubuntu/ros2_ws/src/sam_bot_nav2_gz/install/sam_bot_nav2_gz/share/sam_bot_nav2_gz/src/gz_ros2_control/doc/img/diff_drive.gif\n'}
[0.146115] (sam_bot_nav2_gz) StdoutLine: {'line': b'-- Installing: /home/ubuntu/ros2_ws/src/sam_bot_nav2_gz/install/sam_bot_nav2_gz/share/sam_bot_nav2_gz/src/gz_ros2_control/doc/img/gz_ros2_control.gif\n'}
[0.146355] (sam_bot_nav2_gz) StdoutLine: {'line': b'-- Installing: /home/ubuntu/ros2_ws/src/sam_bot_nav2_gz/install/sam_bot_nav2_gz/share/sam_bot_nav2_gz/src/gz_ros2_control/doc/img/ign_ros2_control.gif\n'}
[0.146625] (sam_bot_nav2_gz) StdoutLine: {'line': b'-- Installing: /home/ubuntu/ros2_ws/src/sam_bot_nav2_gz/install/sam_bot_nav2_gz/share/sam_bot_nav2_gz/src/gz_ros2_control/LICENSE\n'}
[0.146737] (sam_bot_nav2_gz) StdoutLine: {'line': b'-- Installing: /home/ubuntu/ros2_ws/src/sam_bot_nav2_gz/install/sam_bot_nav2_gz/share/sam_bot_nav2_gz/src/gz_ros2_control/.git\n'}
[0.146829] (sam_bot_nav2_gz) StdoutLine: {'line': b'-- Installing: /home/ubuntu/ros2_ws/src/sam_bot_nav2_gz/install/sam_bot_nav2_gz/share/sam_bot_nav2_gz/src/gz_ros2_control/.git/info\n'}
[0.146924] (sam_bot_nav2_gz) StdoutLine: {'line': b'-- Installing: /home/ubuntu/ros2_ws/src/sam_bot_nav2_gz/install/sam_bot_nav2_gz/share/sam_bot_nav2_gz/src/gz_ros2_control/.git/info/exclude\n'}
[0.147074] (sam_bot_nav2_gz) StdoutLine: {'line': b'-- Installing: /home/ubuntu/ros2_ws/src/sam_bot_nav2_gz/install/sam_bot_nav2_gz/share/sam_bot_nav2_gz/src/gz_ros2_control/.git/index\n'}
[0.147238] (sam_bot_nav2_gz) StdoutLine: {'line': b'-- Installing: /home/ubuntu/ros2_ws/src/sam_bot_nav2_gz/install/sam_bot_nav2_gz/share/sam_bot_nav2_gz/src/gz_ros2_control/.git/refs\n'}
[0.147360] (sam_bot_nav2_gz) StdoutLine: {'line': b'-- Installing: /home/ubuntu/ros2_ws/src/sam_bot_nav2_gz/install/sam_bot_nav2_gz/share/sam_bot_nav2_gz/src/gz_ros2_control/.git/refs/heads\n'}
[0.147492] (sam_bot_nav2_gz) StdoutLine: {'line': b'-- Installing: /home/ubuntu/ros2_ws/src/sam_bot_nav2_gz/install/sam_bot_nav2_gz/share/sam_bot_nav2_gz/src/gz_ros2_control/.git/refs/heads/master\n'}
[0.147659] (sam_bot_nav2_gz) StdoutLine: {'line': b'-- Installing: /home/ubuntu/ros2_ws/src/sam_bot_nav2_gz/install/sam_bot_nav2_gz/share/sam_bot_nav2_gz/src/gz_ros2_control/.git/refs/remotes\n'}
[0.147727] (sam_bot_nav2_gz) StdoutLine: {'line': b'-- Installing: /home/ubuntu/ros2_ws/src/sam_bot_nav2_gz/install/sam_bot_nav2_gz/share/sam_bot_nav2_gz/src/gz_ros2_control/.git/refs/remotes/origin\n'}
[0.147833] (sam_bot_nav2_gz) StdoutLine: {'line': b'-- Installing: /home/ubuntu/ros2_ws/src/sam_bot_nav2_gz/install/sam_bot_nav2_gz/share/sam_bot_nav2_gz/src/gz_ros2_control/.git/refs/remotes/origin/HEAD\n'}
[0.147947] (sam_bot_nav2_gz) StdoutLine: {'line': b'-- Installing: /home/ubuntu/ros2_ws/src/sam_bot_nav2_gz/install/sam_bot_nav2_gz/share/sam_bot_nav2_gz/src/gz_ros2_control/.git/refs/tags\n'}
[0.148041] (sam_bot_nav2_gz) StdoutLine: {'line': b'-- Installing: /home/ubuntu/ros2_ws/src/sam_bot_nav2_gz/install/sam_bot_nav2_gz/share/sam_bot_nav2_gz/src/gz_ros2_control/.git/branches\n'}
[0.148134] (sam_bot_nav2_gz) StdoutLine: {'line': b'-- Installing: /home/ubuntu/ros2_ws/src/sam_bot_nav2_gz/install/sam_bot_nav2_gz/share/sam_bot_nav2_gz/src/gz_ros2_control/.git/description\n'}
[0.148284] (sam_bot_nav2_gz) StdoutLine: {'line': b'-- Installing: /home/ubuntu/ros2_ws/src/sam_bot_nav2_gz/install/sam_bot_nav2_gz/share/sam_bot_nav2_gz/src/gz_ros2_control/.git/HEAD\n'}
[0.148493] (sam_bot_nav2_gz) StdoutLine: {'line': b'-- Installing: /home/ubuntu/ros2_ws/src/sam_bot_nav2_gz/install/sam_bot_nav2_gz/share/sam_bot_nav2_gz/src/gz_ros2_control/.git/logs\n'}
[0.148631] (sam_bot_nav2_gz) StdoutLine: {'line': b'-- Installing: /home/ubuntu/ros2_ws/src/sam_bot_nav2_gz/install/sam_bot_nav2_gz/share/sam_bot_nav2_gz/src/gz_ros2_control/.git/logs/refs\n'}
[0.148776] (sam_bot_nav2_gz) StdoutLine: {'line': b'-- Installing: /home/ubuntu/ros2_ws/src/sam_bot_nav2_gz/install/sam_bot_nav2_gz/share/sam_bot_nav2_gz/src/gz_ros2_control/.git/logs/refs/heads\n'}
[0.148873] (sam_bot_nav2_gz) StdoutLine: {'line': b'-- Installing: /home/ubuntu/ros2_ws/src/sam_bot_nav2_gz/install/sam_bot_nav2_gz/share/sam_bot_nav2_gz/src/gz_ros2_control/.git/logs/refs/heads/master\n'}
[0.149021] (sam_bot_nav2_gz) StdoutLine: {'line': b'-- Installing: /home/ubuntu/ros2_ws/src/sam_bot_nav2_gz/install/sam_bot_nav2_gz/share/sam_bot_nav2_gz/src/gz_ros2_control/.git/logs/refs/remotes\n'}
[0.149145] (sam_bot_nav2_gz) StdoutLine: {'line': b'-- Installing: /home/ubuntu/ros2_ws/src/sam_bot_nav2_gz/install/sam_bot_nav2_gz/share/sam_bot_nav2_gz/src/gz_ros2_control/.git/logs/refs/remotes/origin\n'}
[0.149241] (sam_bot_nav2_gz) StdoutLine: {'line': b'-- Installing: /home/ubuntu/ros2_ws/src/sam_bot_nav2_gz/install/sam_bot_nav2_gz/share/sam_bot_nav2_gz/src/gz_ros2_control/.git/logs/refs/remotes/origin/HEAD\n'}
[0.149359] (sam_bot_nav2_gz) StdoutLine: {'line': b'-- Installing: /home/ubuntu/ros2_ws/src/sam_bot_nav2_gz/install/sam_bot_nav2_gz/share/sam_bot_nav2_gz/src/gz_ros2_control/.git/logs/HEAD\n'}
[0.149483] (sam_bot_nav2_gz) StdoutLine: {'line': b'-- Installing: /home/ubuntu/ros2_ws/src/sam_bot_nav2_gz/install/sam_bot_nav2_gz/share/sam_bot_nav2_gz/src/gz_ros2_control/.git/objects\n'}
[0.149627] (sam_bot_nav2_gz) StdoutLine: {'line': b'-- Installing: /home/ubuntu/ros2_ws/src/sam_bot_nav2_gz/install/sam_bot_nav2_gz/share/sam_bot_nav2_gz/src/gz_ros2_control/.git/objects/info\n'}
[0.149754] (sam_bot_nav2_gz) StdoutLine: {'line': b'-- Installing: /home/ubuntu/ros2_ws/src/sam_bot_nav2_gz/install/sam_bot_nav2_gz/share/sam_bot_nav2_gz/src/gz_ros2_control/.git/objects/pack\n'}
[0.149851] (sam_bot_nav2_gz) StdoutLine: {'line': b'-- Installing: /home/ubuntu/ros2_ws/src/sam_bot_nav2_gz/install/sam_bot_nav2_gz/share/sam_bot_nav2_gz/src/gz_ros2_control/.git/objects/pack/pack-1614c82e57c8d45d0a5c18e9bd6d8fc842d8c5ac.idx\n'}
[0.149974] (sam_bot_nav2_gz) StdoutLine: {'line': b'-- Installing: /home/ubuntu/ros2_ws/src/sam_bot_nav2_gz/install/sam_bot_nav2_gz/share/sam_bot_nav2_gz/src/gz_ros2_control/.git/objects/pack/pack-1614c82e57c8d45d0a5c18e9bd6d8fc842d8c5ac.pack\n'}
[0.150722] (sam_bot_nav2_gz) StdoutLine: {'line': b'-- Installing: /home/ubuntu/ros2_ws/src/sam_bot_nav2_gz/install/sam_bot_nav2_gz/share/sam_bot_nav2_gz/src/gz_ros2_control/.git/hooks\n'}
[0.150848] (sam_bot_nav2_gz) StdoutLine: {'line': b'-- Installing: /home/ubuntu/ros2_ws/src/sam_bot_nav2_gz/install/sam_bot_nav2_gz/share/sam_bot_nav2_gz/src/gz_ros2_control/.git/hooks/prepare-commit-msg.sample\n'}
[0.150974] (sam_bot_nav2_gz) StdoutLine: {'line': b'-- Installing: /home/ubuntu/ros2_ws/src/sam_bot_nav2_gz/install/sam_bot_nav2_gz/share/sam_bot_nav2_gz/src/gz_ros2_control/.git/hooks/pre-rebase.sample\n'}
[0.151127] (sam_bot_nav2_gz) StdoutLine: {'line': b'-- Installing: /home/ubuntu/ros2_ws/src/sam_bot_nav2_gz/install/sam_bot_nav2_gz/share/sam_bot_nav2_gz/src/gz_ros2_control/.git/hooks/push-to-checkout.sample\n'}
[0.151281] (sam_bot_nav2_gz) StdoutLine: {'line': b'-- Installing: /home/ubuntu/ros2_ws/src/sam_bot_nav2_gz/install/sam_bot_nav2_gz/share/sam_bot_nav2_gz/src/gz_ros2_control/.git/hooks/pre-receive.sample\n'}
[0.151432] (sam_bot_nav2_gz) StdoutLine: {'line': b'-- Installing: /home/ubuntu/ros2_ws/src/sam_bot_nav2_gz/install/sam_bot_nav2_gz/share/sam_bot_nav2_gz/src/gz_ros2_control/.git/hooks/commit-msg.sample\n'}
[0.151582] (sam_bot_nav2_gz) StdoutLine: {'line': b'-- Installing: /home/ubuntu/ros2_ws/src/sam_bot_nav2_gz/install/sam_bot_nav2_gz/share/sam_bot_nav2_gz/src/gz_ros2_control/.git/hooks/pre-merge-commit.sample\n'}
[0.151725] (sam_bot_nav2_gz) StdoutLine: {'line': b'-- Installing: /home/ubuntu/ros2_ws/src/sam_bot_nav2_gz/install/sam_bot_nav2_gz/share/sam_bot_nav2_gz/src/gz_ros2_control/.git/hooks/fsmonitor-watchman.sample\n'}
[0.151882] (sam_bot_nav2_gz) StdoutLine: {'line': b'-- Installing: /home/ubuntu/ros2_ws/src/sam_bot_nav2_gz/install/sam_bot_nav2_gz/share/sam_bot_nav2_gz/src/gz_ros2_control/.git/hooks/applypatch-msg.sample\n'}
[0.152064] (sam_bot_nav2_gz) StdoutLine: {'line': b'-- Installing: /home/ubuntu/ros2_ws/src/sam_bot_nav2_gz/install/sam_bot_nav2_gz/share/sam_bot_nav2_gz/src/gz_ros2_control/.git/hooks/pre-commit.sample\n'}
[0.152213] (sam_bot_nav2_gz) StdoutLine: {'line': b'-- Installing: /home/ubuntu/ros2_ws/src/sam_bot_nav2_gz/install/sam_bot_nav2_gz/share/sam_bot_nav2_gz/src/gz_ros2_control/.git/hooks/update.sample\n'}
[0.152389] (sam_bot_nav2_gz) StdoutLine: {'line': b'-- Installing: /home/ubuntu/ros2_ws/src/sam_bot_nav2_gz/install/sam_bot_nav2_gz/share/sam_bot_nav2_gz/src/gz_ros2_control/.git/hooks/pre-applypatch.sample\n'}
[0.152550] (sam_bot_nav2_gz) StdoutLine: {'line': b'-- Installing: /home/ubuntu/ros2_ws/src/sam_bot_nav2_gz/install/sam_bot_nav2_gz/share/sam_bot_nav2_gz/src/gz_ros2_control/.git/hooks/pre-push.sample\n'}
[0.152697] (sam_bot_nav2_gz) StdoutLine: {'line': b'-- Installing: /home/ubuntu/ros2_ws/src/sam_bot_nav2_gz/install/sam_bot_nav2_gz/share/sam_bot_nav2_gz/src/gz_ros2_control/.git/hooks/post-update.sample\n'}
[0.152845] (sam_bot_nav2_gz) StdoutLine: {'line': b'-- Installing: /home/ubuntu/ros2_ws/src/sam_bot_nav2_gz/install/sam_bot_nav2_gz/share/sam_bot_nav2_gz/src/gz_ros2_control/.git/config\n'}
[0.152992] (sam_bot_nav2_gz) StdoutLine: {'line': b'-- Installing: /home/ubuntu/ros2_ws/src/sam_bot_nav2_gz/install/sam_bot_nav2_gz/share/sam_bot_nav2_gz/src/gz_ros2_control/.git/packed-refs\n'}
[0.153141] (sam_bot_nav2_gz) StdoutLine: {'line': b'-- Up-to-date: /home/ubuntu/ros2_ws/src/sam_bot_nav2_gz/install/sam_bot_nav2_gz/share/sam_bot_nav2_gz/src/description\n'}
[0.153281] (sam_bot_nav2_gz) StdoutLine: {'line': b'-- Up-to-date: /home/ubuntu/ros2_ws/src/sam_bot_nav2_gz/install/sam_bot_nav2_gz/share/sam_bot_nav2_gz/src/description/sam_bot_description.urdf\n'}
[0.153402] (sam_bot_nav2_gz) StdoutLine: {'line': b'-- Up-to-date: /home/ubuntu/ros2_ws/src/sam_bot_nav2_gz/install/sam_bot_nav2_gz/share/sam_bot_nav2_gz/src/description/sam_bot_description_ros2_control.urdf\n'}
[0.153511] (sam_bot_nav2_gz) StdoutLine: {'line': b'-- Installing: /home/ubuntu/ros2_ws/src/sam_bot_nav2_gz/install/sam_bot_nav2_gz/share/sam_bot_nav2_gz/src/nav2_bringup\n'}
[0.153624] (sam_bot_nav2_gz) StdoutLine: {'line': b'-- Installing: /home/ubuntu/ros2_ws/src/sam_bot_nav2_gz/install/sam_bot_nav2_gz/share/sam_bot_nav2_gz/src/nav2_bringup/rviz\n'}
[0.153713] (sam_bot_nav2_gz) StdoutLine: {'line': b'-- Installing: /home/ubuntu/ros2_ws/src/sam_bot_nav2_gz/install/sam_bot_nav2_gz/share/sam_bot_nav2_gz/src/nav2_bringup/rviz/nav2_namespaced_view.rviz\n'}
[0.153824] (sam_bot_nav2_gz) StdoutLine: {'line': b'-- Installing: /home/ubuntu/ros2_ws/src/sam_bot_nav2_gz/install/sam_bot_nav2_gz/share/sam_bot_nav2_gz/src/nav2_bringup/rviz/nav2_default_view.rviz\n'}
[0.153935] (sam_bot_nav2_gz) StdoutLine: {'line': b'-- Installing: /home/ubuntu/ros2_ws/src/sam_bot_nav2_gz/install/sam_bot_nav2_gz/share/sam_bot_nav2_gz/src/nav2_bringup/README.md\n'}
[0.154047] (sam_bot_nav2_gz) StdoutLine: {'line': b'-- Installing: /home/ubuntu/ros2_ws/src/sam_bot_nav2_gz/install/sam_bot_nav2_gz/share/sam_bot_nav2_gz/src/nav2_bringup/frames_2024-02-13_13.03.26.pdf\n'}
[0.154161] (sam_bot_nav2_gz) StdoutLine: {'line': b'-- Installing: /home/ubuntu/ros2_ws/src/sam_bot_nav2_gz/install/sam_bot_nav2_gz/share/sam_bot_nav2_gz/src/nav2_bringup/CHANGELOG.rst\n'}
[0.154274] (sam_bot_nav2_gz) StdoutLine: {'line': b'-- Installing: /home/ubuntu/ros2_ws/src/sam_bot_nav2_gz/install/sam_bot_nav2_gz/share/sam_bot_nav2_gz/src/nav2_bringup/worlds\n'}
[0.154380] (sam_bot_nav2_gz) StdoutLine: {'line': b'-- Installing: /home/ubuntu/ros2_ws/src/sam_bot_nav2_gz/install/sam_bot_nav2_gz/share/sam_bot_nav2_gz/src/nav2_bringup/worlds/waffle.model\n'}
[0.154469] (sam_bot_nav2_gz) StdoutLine: {'line': b'-- Installing: /home/ubuntu/ros2_ws/src/sam_bot_nav2_gz/install/sam_bot_nav2_gz/share/sam_bot_nav2_gz/src/nav2_bringup/worlds/world_only.model\n'}
[0.154577] (sam_bot_nav2_gz) StdoutLine: {'line': b'-- Installing: /home/ubuntu/ros2_ws/src/sam_bot_nav2_gz/install/sam_bot_nav2_gz/share/sam_bot_nav2_gz/src/nav2_bringup/frames_2024-02-13_13.03.26.gv\n'}
[0.154690] (sam_bot_nav2_gz) StdoutLine: {'line': b'-- Installing: /home/ubuntu/ros2_ws/src/sam_bot_nav2_gz/install/sam_bot_nav2_gz/share/sam_bot_nav2_gz/src/nav2_bringup/CMakeLists.txt\n'}
[0.154804] (sam_bot_nav2_gz) StdoutLine: {'line': b'-- Installing: /home/ubuntu/ros2_ws/src/sam_bot_nav2_gz/install/sam_bot_nav2_gz/share/sam_bot_nav2_gz/src/nav2_bringup/maps\n'}
[0.154913] (sam_bot_nav2_gz) StdoutLine: {'line': b'-- Installing: /home/ubuntu/ros2_ws/src/sam_bot_nav2_gz/install/sam_bot_nav2_gz/share/sam_bot_nav2_gz/src/nav2_bringup/maps/turtlebot3_world.yaml\n'}
[0.155025] (sam_bot_nav2_gz) StdoutLine: {'line': b'-- Installing: /home/ubuntu/ros2_ws/src/sam_bot_nav2_gz/install/sam_bot_nav2_gz/share/sam_bot_nav2_gz/src/nav2_bringup/maps/turtlebot3_world.pgm\n'}
[0.155253] (sam_bot_nav2_gz) StdoutLine: {'line': b'-- Installing: /home/ubuntu/ros2_ws/src/sam_bot_nav2_gz/install/sam_bot_nav2_gz/share/sam_bot_nav2_gz/src/nav2_bringup/package.xml\n'}
[0.155383] (sam_bot_nav2_gz) StdoutLine: {'line': b'-- Installing: /home/ubuntu/ros2_ws/src/sam_bot_nav2_gz/install/sam_bot_nav2_gz/share/sam_bot_nav2_gz/src/nav2_bringup/params\n'}
[0.155496] (sam_bot_nav2_gz) StdoutLine: {'line': b'-- Installing: /home/ubuntu/ros2_ws/src/sam_bot_nav2_gz/install/sam_bot_nav2_gz/share/sam_bot_nav2_gz/src/nav2_bringup/params/nav2_params.yaml\n'}
[0.155621] (sam_bot_nav2_gz) StdoutLine: {'line': b'-- Installing: /home/ubuntu/ros2_ws/src/sam_bot_nav2_gz/install/sam_bot_nav2_gz/share/sam_bot_nav2_gz/src/nav2_bringup/params/nav2_multirobot_params_2.yaml\n'}
[0.155767] (sam_bot_nav2_gz) StdoutLine: {'line': b'-- Installing: /home/ubuntu/ros2_ws/src/sam_bot_nav2_gz/install/sam_bot_nav2_gz/share/sam_bot_nav2_gz/src/nav2_bringup/params/nav2_multirobot_params_all.yaml\n'}
[0.155916] (sam_bot_nav2_gz) StdoutLine: {'line': b'-- Installing: /home/ubuntu/ros2_ws/src/sam_bot_nav2_gz/install/sam_bot_nav2_gz/share/sam_bot_nav2_gz/src/nav2_bringup/params/nav2_multirobot_params_1.yaml\n'}
[0.156051] (sam_bot_nav2_gz) StdoutLine: {'line': b'-- Installing: /home/ubuntu/ros2_ws/src/sam_bot_nav2_gz/install/sam_bot_nav2_gz/share/sam_bot_nav2_gz/src/nav2_bringup/launch\n'}
[0.156158] (sam_bot_nav2_gz) StdoutLine: {'line': b'-- Installing: /home/ubuntu/ros2_ws/src/sam_bot_nav2_gz/install/sam_bot_nav2_gz/share/sam_bot_nav2_gz/src/nav2_bringup/launch/localization_launch.py\n'}
[0.156285] (sam_bot_nav2_gz) StdoutLine: {'line': b'-- Installing: /home/ubuntu/ros2_ws/src/sam_bot_nav2_gz/install/sam_bot_nav2_gz/share/sam_bot_nav2_gz/src/nav2_bringup/launch/rviz_launch.py\n'}
[0.156732] (sam_bot_nav2_gz) StdoutLine: {'line': b'-- Installing: /home/ubuntu/ros2_ws/src/sam_bot_nav2_gz/install/sam_bot_nav2_gz/share/sam_bot_nav2_gz/src/nav2_bringup/launch/bringup_launch.py\n'}
[0.156929] (sam_bot_nav2_gz) StdoutLine: {'line': b'-- Installing: /home/ubuntu/ros2_ws/src/sam_bot_nav2_gz/install/sam_bot_nav2_gz/share/sam_bot_nav2_gz/src/nav2_bringup/launch/unique_multi_tb3_simulation_launch.py\n'}
[0.157097] (sam_bot_nav2_gz) StdoutLine: {'line': b'-- Installing: /home/ubuntu/ros2_ws/src/sam_bot_nav2_gz/install/sam_bot_nav2_gz/share/sam_bot_nav2_gz/src/nav2_bringup/launch/cloned_multi_tb3_simulation_launch.py\n'}
[0.157256] (sam_bot_nav2_gz) StdoutLine: {'line': b'-- Installing: /home/ubuntu/ros2_ws/src/sam_bot_nav2_gz/install/sam_bot_nav2_gz/share/sam_bot_nav2_gz/src/nav2_bringup/launch/navigation_launch.py\n'}
[0.157357] (sam_bot_nav2_gz) StdoutLine: {'line': b'-- Installing: /home/ubuntu/ros2_ws/src/sam_bot_nav2_gz/install/sam_bot_nav2_gz/share/sam_bot_nav2_gz/src/nav2_bringup/launch/slam_launch.py\n'}
[0.157493] (sam_bot_nav2_gz) StdoutLine: {'line': b'-- Installing: /home/ubuntu/ros2_ws/src/sam_bot_nav2_gz/install/sam_bot_nav2_gz/share/sam_bot_nav2_gz/src/nav2_bringup/launch/tb3_simulation_launch.py\n'}
[0.157654] (sam_bot_nav2_gz) StdoutLine: {'line': b'-- Installing: /home/ubuntu/ros2_ws/src/sam_bot_nav2_gz/install/sam_bot_nav2_gz/share/sam_bot_nav2_gz/src/nav2_bringup/urdf\n'}
[0.157750] (sam_bot_nav2_gz) StdoutLine: {'line': b'-- Installing: /home/ubuntu/ros2_ws/src/sam_bot_nav2_gz/install/sam_bot_nav2_gz/share/sam_bot_nav2_gz/src/nav2_bringup/urdf/turtlebot3_waffle.urdf\n'}
[0.157829] (sam_bot_nav2_gz) StdoutLine: {'line': b'-- Up-to-date: /home/ubuntu/ros2_ws/src/sam_bot_nav2_gz/install/sam_bot_nav2_gz/share/sam_bot_nav2_gz/scripts\n'}
[0.157912] (sam_bot_nav2_gz) StdoutLine: {'line': b'-- Up-to-date: /home/ubuntu/ros2_ws/src/sam_bot_nav2_gz/install/sam_bot_nav2_gz/share/sam_bot_nav2_gz/scripts/__init__.py\n'}
[0.158001] (sam_bot_nav2_gz) StdoutLine: {'line': b'-- Up-to-date: /home/ubuntu/ros2_ws/src/sam_bot_nav2_gz/install/sam_bot_nav2_gz/share/sam_bot_nav2_gz/scripts/reach_goal.py\n'}
[0.158158] (sam_bot_nav2_gz) StdoutLine: {'line': b'-- Up-to-date: /home/ubuntu/ros2_ws/src/sam_bot_nav2_gz/install/sam_bot_nav2_gz/share/sam_bot_nav2_gz/scripts/follow_waypoints.py\n'}
[0.158249] (sam_bot_nav2_gz) StdoutLine: {'line': b'-- Up-to-date: /home/ubuntu/ros2_ws/src/sam_bot_nav2_gz/install/sam_bot_nav2_gz/share/sam_bot_nav2_gz/launch\n'}
[0.158347] (sam_bot_nav2_gz) StdoutLine: {'line': b'-- Up-to-date: /home/ubuntu/ros2_ws/src/sam_bot_nav2_gz/install/sam_bot_nav2_gz/share/sam_bot_nav2_gz/launch/diff_drive.launch.py\n'}
[0.158440] (sam_bot_nav2_gz) StdoutLine: {'line': b'-- Up-to-date: /home/ubuntu/ros2_ws/src/sam_bot_nav2_gz/install/sam_bot_nav2_gz/share/sam_bot_nav2_gz/launch/display.launch.py\n'}
[0.158531] (sam_bot_nav2_gz) StdoutLine: {'line': b'-- Up-to-date: /home/ubuntu/ros2_ws/src/sam_bot_nav2_gz/install/sam_bot_nav2_gz/share/sam_bot_nav2_gz/launch/tst_diff_drive.launch.py\n'}
[0.158608] (sam_bot_nav2_gz) StdoutLine: {'line': b'-- Up-to-date: /home/ubuntu/ros2_ws/src/sam_bot_nav2_gz/install/sam_bot_nav2_gz/share/sam_bot_nav2_gz/rviz\n'}
[0.158663] (sam_bot_nav2_gz) StdoutLine: {'line': b'-- Up-to-date: /home/ubuntu/ros2_ws/src/sam_bot_nav2_gz/install/sam_bot_nav2_gz/share/sam_bot_nav2_gz/rviz/navigation_config.rviz\n'}
[0.158743] (sam_bot_nav2_gz) StdoutLine: {'line': b'-- Up-to-date: /home/ubuntu/ros2_ws/src/sam_bot_nav2_gz/install/sam_bot_nav2_gz/share/sam_bot_nav2_gz/rviz/urdf_config.rviz\n'}
[0.158794] (sam_bot_nav2_gz) StdoutLine: {'line': b'-- Up-to-date: /home/ubuntu/ros2_ws/src/sam_bot_nav2_gz/install/sam_bot_nav2_gz/share/sam_bot_nav2_gz/config\n'}
[0.158860] (sam_bot_nav2_gz) StdoutLine: {'line': b'-- Up-to-date: /home/ubuntu/ros2_ws/src/sam_bot_nav2_gz/install/sam_bot_nav2_gz/share/sam_bot_nav2_gz/config/nav2_params.yaml\n'}
[0.158927] (sam_bot_nav2_gz) StdoutLine: {'line': b'-- Up-to-date: /home/ubuntu/ros2_ws/src/sam_bot_nav2_gz/install/sam_bot_nav2_gz/share/sam_bot_nav2_gz/config/diff_drive_controller_velocity.yaml\n'}
[0.158993] (sam_bot_nav2_gz) StdoutLine: {'line': b'-- Up-to-date: /home/ubuntu/ros2_ws/src/sam_bot_nav2_gz/install/sam_bot_nav2_gz/share/sam_bot_nav2_gz/config/ros_gz_example_bridge.yaml\n'}
[0.159058] (sam_bot_nav2_gz) StdoutLine: {'line': b'-- Up-to-date: /home/ubuntu/ros2_ws/src/sam_bot_nav2_gz/install/sam_bot_nav2_gz/share/sam_bot_nav2_gz/world\n'}
[0.159124] (sam_bot_nav2_gz) StdoutLine: {'line': b'-- Up-to-date: /home/ubuntu/ros2_ws/src/sam_bot_nav2_gz/install/sam_bot_nav2_gz/share/sam_bot_nav2_gz/world/empty.sdf\n'}
[0.159195] (sam_bot_nav2_gz) StdoutLine: {'line': b'-- Up-to-date: /home/ubuntu/ros2_ws/src/sam_bot_nav2_gz/install/sam_bot_nav2_gz/share/sam_bot_nav2_gz/world/turtlebot3_world.sdf\n'}
[0.159262] (sam_bot_nav2_gz) StdoutLine: {'line': b'-- Up-to-date: /home/ubuntu/ros2_ws/src/sam_bot_nav2_gz/install/sam_bot_nav2_gz/share/sam_bot_nav2_gz/models\n'}
[0.159330] (sam_bot_nav2_gz) StdoutLine: {'line': b'-- Up-to-date: /home/ubuntu/ros2_ws/src/sam_bot_nav2_gz/install/sam_bot_nav2_gz/share/sam_bot_nav2_gz/models/turtlebot3_world\n'}
[0.159402] (sam_bot_nav2_gz) StdoutLine: {'line': b'-- Up-to-date: /home/ubuntu/ros2_ws/src/sam_bot_nav2_gz/install/sam_bot_nav2_gz/share/sam_bot_nav2_gz/models/turtlebot3_world/meshes\n'}
[0.159470] (sam_bot_nav2_gz) StdoutLine: {'line': b'-- Up-to-date: /home/ubuntu/ros2_ws/src/sam_bot_nav2_gz/install/sam_bot_nav2_gz/share/sam_bot_nav2_gz/models/turtlebot3_world/meshes/wall.dae\n'}
[0.159536] (sam_bot_nav2_gz) StdoutLine: {'line': b'-- Up-to-date: /home/ubuntu/ros2_ws/src/sam_bot_nav2_gz/install/sam_bot_nav2_gz/share/sam_bot_nav2_gz/models/turtlebot3_world/meshes/hexagon.dae\n'}
[0.159588] (sam_bot_nav2_gz) StdoutLine: {'line': b'-- Up-to-date: /home/ubuntu/ros2_ws/src/sam_bot_nav2_gz/install/sam_bot_nav2_gz/share/sam_bot_nav2_gz/maps\n'}
[0.159639] (sam_bot_nav2_gz) StdoutLine: {'line': b'-- Up-to-date: /home/ubuntu/ros2_ws/src/sam_bot_nav2_gz/install/sam_bot_nav2_gz/share/sam_bot_nav2_gz/maps/turtlebot3_world.yaml\n'}
[0.159706] (sam_bot_nav2_gz) StdoutLine: {'line': b'-- Up-to-date: /home/ubuntu/ros2_ws/src/sam_bot_nav2_gz/install/sam_bot_nav2_gz/share/sam_bot_nav2_gz/maps/turtlebot3_world.pgm\n'}
[0.159787] (sam_bot_nav2_gz) StdoutLine: {'line': b'-- Up-to-date: /home/ubuntu/ros2_ws/src/sam_bot_nav2_gz/install/sam_bot_nav2_gz/lib/sam_bot_nav2_gz/reach_goal.py\n'}
[0.159854] (sam_bot_nav2_gz) StdoutLine: {'line': b'-- Up-to-date: /home/ubuntu/ros2_ws/src/sam_bot_nav2_gz/install/sam_bot_nav2_gz/lib/sam_bot_nav2_gz/follow_waypoints.py\n'}
[0.159908] (sam_bot_nav2_gz) StdoutLine: {'line': b'-- Up-to-date: /home/ubuntu/ros2_ws/src/sam_bot_nav2_gz/install/sam_bot_nav2_gz/share/ament_index/resource_index/package_run_dependencies/sam_bot_nav2_gz\n'}
[0.159958] (sam_bot_nav2_gz) StdoutLine: {'line': b'-- Up-to-date: /home/ubuntu/ros2_ws/src/sam_bot_nav2_gz/install/sam_bot_nav2_gz/share/ament_index/resource_index/parent_prefix_path/sam_bot_nav2_gz\n'}
[0.160008] (sam_bot_nav2_gz) StdoutLine: {'line': b'-- Up-to-date: /home/ubuntu/ros2_ws/src/sam_bot_nav2_gz/install/sam_bot_nav2_gz/share/sam_bot_nav2_gz/environment/ament_prefix_path.sh\n'}
[0.160063] (sam_bot_nav2_gz) StdoutLine: {'line': b'-- Up-to-date: /home/ubuntu/ros2_ws/src/sam_bot_nav2_gz/install/sam_bot_nav2_gz/share/sam_bot_nav2_gz/environment/ament_prefix_path.dsv\n'}
[0.160113] (sam_bot_nav2_gz) StdoutLine: {'line': b'-- Up-to-date: /home/ubuntu/ros2_ws/src/sam_bot_nav2_gz/install/sam_bot_nav2_gz/share/sam_bot_nav2_gz/environment/path.sh\n'}
[0.160163] (sam_bot_nav2_gz) StdoutLine: {'line': b'-- Up-to-date: /home/ubuntu/ros2_ws/src/sam_bot_nav2_gz/install/sam_bot_nav2_gz/share/sam_bot_nav2_gz/environment/path.dsv\n'}
[0.160213] (sam_bot_nav2_gz) StdoutLine: {'line': b'-- Up-to-date: /home/ubuntu/ros2_ws/src/sam_bot_nav2_gz/install/sam_bot_nav2_gz/share/sam_bot_nav2_gz/local_setup.bash\n'}
[0.160268] (sam_bot_nav2_gz) StdoutLine: {'line': b'-- Up-to-date: /home/ubuntu/ros2_ws/src/sam_bot_nav2_gz/install/sam_bot_nav2_gz/share/sam_bot_nav2_gz/local_setup.sh\n'}
[0.160318] (sam_bot_nav2_gz) StdoutLine: {'line': b'-- Up-to-date: /home/ubuntu/ros2_ws/src/sam_bot_nav2_gz/install/sam_bot_nav2_gz/share/sam_bot_nav2_gz/local_setup.zsh\n'}
[0.160367] (sam_bot_nav2_gz) StdoutLine: {'line': b'-- Up-to-date: /home/ubuntu/ros2_ws/src/sam_bot_nav2_gz/install/sam_bot_nav2_gz/share/sam_bot_nav2_gz/local_setup.dsv\n'}
[0.160434] (sam_bot_nav2_gz) StdoutLine: {'line': b'-- Installing: /home/ubuntu/ros2_ws/src/sam_bot_nav2_gz/install/sam_bot_nav2_gz/share/sam_bot_nav2_gz/package.dsv\n'}
[0.160487] (sam_bot_nav2_gz) StdoutLine: {'line': b'-- Up-to-date: /home/ubuntu/ros2_ws/src/sam_bot_nav2_gz/install/sam_bot_nav2_gz/share/ament_index/resource_index/packages/sam_bot_nav2_gz\n'}
[0.160536] (sam_bot_nav2_gz) StdoutLine: {'line': b'-- Up-to-date: /home/ubuntu/ros2_ws/src/sam_bot_nav2_gz/install/sam_bot_nav2_gz/share/sam_bot_nav2_gz/cmake/sam_bot_nav2_gzConfig.cmake\n'}
[0.160587] (sam_bot_nav2_gz) StdoutLine: {'line': b'-- Up-to-date: /home/ubuntu/ros2_ws/src/sam_bot_nav2_gz/install/sam_bot_nav2_gz/share/sam_bot_nav2_gz/cmake/sam_bot_nav2_gzConfig-version.cmake\n'}
[0.160636] (sam_bot_nav2_gz) StdoutLine: {'line': b'-- Up-to-date: /home/ubuntu/ros2_ws/src/sam_bot_nav2_gz/install/sam_bot_nav2_gz/share/sam_bot_nav2_gz/package.xml\n'}
[0.161539] (sam_bot_nav2_gz) CommandEnded: {'returncode': 0}
[0.199659] (-) TimerEvent: {}
[0.296142] (sam_bot_nav2_gz) JobEnded: {'identifier': 'sam_bot_nav2_gz', 'rc': 0}
[0.296817] (-) EventReactorShutdown: {}
