[0.000000] (-) TimerEvent: {}
[0.000159] (sam_bot_nav2_gz) JobQueued: {'identifier': 'sam_bot_nav2_gz', 'dependencies': OrderedDict()}
[0.000187] (sam_bot_nav2_gz) JobStarted: {'identifier': 'sam_bot_nav2_gz'}
[0.051135] (sam_bot_nav2_gz) JobProgress: {'identifier': 'sam_bot_nav2_gz', 'progress': 'cmake'}
[0.052115] (sam_bot_nav2_gz) JobProgress: {'identifier': 'sam_bot_nav2_gz', 'progress': 'build'}
[0.052148] (sam_bot_nav2_gz) Command: {'cmd': ['/usr/bin/cmake', '--build', '/home/ubuntu/ros2_ws/src/sam_bot_nav2_gz/build/sam_bot_nav2_gz', '--', '-j8', '-l8'], 'cwd': '/home/ubuntu/ros2_ws/src/sam_bot_nav2_gz/build/sam_bot_nav2_gz', 'env': OrderedDict([('USER', 'ubuntu'), ('XDG_SESSION_TYPE', 'x11'), ('SHLVL', '1'), ('LD_LIBRARY_PATH', '/opt/ros/iron/opt/rviz_ogre_vendor/lib:/opt/ros/iron/lib/x86_64-linux-gnu:/opt/ros/iron/lib'), ('HOME', '/home/ubuntu'), ('DESKTOP_SESSION', 'ubuntu'), ('ROS_PYTHON_VERSION', '3'), ('GNOME_SHELL_SESSION_MODE', 'ubuntu'), ('GTK_MODULES', 'gail:atk-bridge'), ('DBUS_STARTER_BUS_TYPE', 'session'), ('SYSTEMD_EXEC_PID', '2428'), ('DBUS_SESSION_BUS_ADDRESS', 'unix:path=/run/user/999/bus,guid=029e0f4fc8d61d8d3d98334166030c5e'), ('COLORTERM', 'truecolor'), ('IM_CONFIG_PHASE', '1'), ('ROS_DISTRO', 'iron'), ('GTK_IM_MODULE', 'ibus'), ('LOGNAME', 'ubuntu'), ('_', '/usr/bin/colcon'), ('ROS_VERSION', '2'), ('XDG_SESSION_CLASS', 'user'), ('USERNAME', 'ubuntu'), ('TERM', 'xterm-256color'), ('GNOME_DESKTOP_SESSION_ID', 'this-is-deprecated'), ('WINDOWPATH', '2'), ('PATH', '/opt/ros/iron/bin:/usr/local/sbin:/usr/local/bin:/usr/sbin:/usr/bin:/sbin:/bin:/usr/games:/usr/local/games:/snap/bin:/snap/bin'), ('SESSION_MANAGER', 'local/ubuntu:@/tmp/.ICE-unix/2428,unix/ubuntu:/tmp/.ICE-unix/2428'), ('XDG_MENU_PREFIX', 'gnome-'), ('GNOME_TERMINAL_SCREEN', '/org/gnome/Terminal/screen/c0b3fbea_f1ef_4e3b_871b_366d0b729362'), ('XDG_RUNTIME_DIR', '/run/user/999'), ('DISPLAY', ':0'), ('LANG', 'C.UTF-8'), ('XDG_CURRENT_DESKTOP', 'ubuntu:GNOME'), ('XMODIFIERS', '@im=ibus'), ('XDG_SESSION_DESKTOP', 'ubuntu'), ('XAUTHORITY', '/run/user/999/gdm/Xauthority'), ('GNOME_TERMINAL_SERVICE', ':1.115'), ('SSH_AGENT_LAUNCHER', 'gnome-keyring'), ('SSH_AUTH_SOCK', '/run/user/999/keyring/ssh'), ('AMENT_PREFIX_PATH', '/opt/ros/iron'), ('SHELL', '/bin/bash'), ('QT_ACCESSIBILITY', '1'), ('GDMSESSION', 'ubuntu'), ('GPG_AGENT_INFO', '/run/user/999/gnupg/S.gpg-agent:0:1'), ('ROS_AUTOMATIC_DISCOVERY_RANGE', 'SUBNET'), ('QT_IM_MODULE', 'ibus'), ('PWD', '/home/ubuntu/ros2_ws/src/sam_bot_nav2_gz/build/sam_bot_nav2_gz'), ('XDG_CONFIG_DIRS', '/etc/xdg/xdg-ubuntu:/etc/xdg'), ('DBUS_STARTER_ADDRESS', 'unix:path=/run/user/999/bus,guid=029e0f4fc8d61d8d3d98334166030c5e'), ('XDG_DATA_DIRS', '/usr/share/ubuntu:/usr/share/gnome:/usr/local/share/:/usr/share/:/var/lib/snapd/desktop'), ('PYTHONPATH', '/opt/ros/iron/lib/python3.10/site-packages'), ('COLCON', '1'), ('VTE_VERSION', '6800'), ('CMAKE_PREFIX_PATH', '/opt/ros/iron')]), 'shell': False}
[0.086208] (sam_bot_nav2_gz) CommandEnded: {'returncode': 0}
[0.099348] (-) TimerEvent: {}
[0.104494] (sam_bot_nav2_gz) JobProgress: {'identifier': 'sam_bot_nav2_gz', 'progress': 'install'}
[0.112458] (sam_bot_nav2_gz) Command: {'cmd': ['/usr/bin/cmake', '--install', '/home/ubuntu/ros2_ws/src/sam_bot_nav2_gz/build/sam_bot_nav2_gz'], 'cwd': '/home/ubuntu/ros2_ws/src/sam_bot_nav2_gz/build/sam_bot_nav2_gz', 'env': OrderedDict([('USER', 'ubuntu'), ('XDG_SESSION_TYPE', 'x11'), ('SHLVL', '1'), ('LD_LIBRARY_PATH', '/opt/ros/iron/opt/rviz_ogre_vendor/lib:/opt/ros/iron/lib/x86_64-linux-gnu:/opt/ros/iron/lib'), ('HOME', '/home/ubuntu'), ('DESKTOP_SESSION', 'ubuntu'), ('ROS_PYTHON_VERSION', '3'), ('GNOME_SHELL_SESSION_MODE', 'ubuntu'), ('GTK_MODULES', 'gail:atk-bridge'), ('DBUS_STARTER_BUS_TYPE', 'session'), ('SYSTEMD_EXEC_PID', '2428'), ('DBUS_SESSION_BUS_ADDRESS', 'unix:path=/run/user/999/bus,guid=029e0f4fc8d61d8d3d98334166030c5e'), ('COLORTERM', 'truecolor'), ('IM_CONFIG_PHASE', '1'), ('ROS_DISTRO', 'iron'), ('GTK_IM_MODULE', 'ibus'), ('LOGNAME', 'ubuntu'), ('_', '/usr/bin/colcon'), ('ROS_VERSION', '2'), ('XDG_SESSION_CLASS', 'user'), ('USERNAME', 'ubuntu'), ('TERM', 'xterm-256color'), ('GNOME_DESKTOP_SESSION_ID', 'this-is-deprecated'), ('WINDOWPATH', '2'), ('PATH', '/opt/ros/iron/bin:/usr/local/sbin:/usr/local/bin:/usr/sbin:/usr/bin:/sbin:/bin:/usr/games:/usr/local/games:/snap/bin:/snap/bin'), ('SESSION_MANAGER', 'local/ubuntu:@/tmp/.ICE-unix/2428,unix/ubuntu:/tmp/.ICE-unix/2428'), ('XDG_MENU_PREFIX', 'gnome-'), ('GNOME_TERMINAL_SCREEN', '/org/gnome/Terminal/screen/c0b3fbea_f1ef_4e3b_871b_366d0b729362'), ('XDG_RUNTIME_DIR', '/run/user/999'), ('DISPLAY', ':0'), ('LANG', 'C.UTF-8'), ('XDG_CURRENT_DESKTOP', 'ubuntu:GNOME'), ('XMODIFIERS', '@im=ibus'), ('XDG_SESSION_DESKTOP', 'ubuntu'), ('XAUTHORITY', '/run/user/999/gdm/Xauthority'), ('GNOME_TERMINAL_SERVICE', ':1.115'), ('SSH_AGENT_LAUNCHER', 'gnome-keyring'), ('SSH_AUTH_SOCK', '/run/user/999/keyring/ssh'), ('AMENT_PREFIX_PATH', '/opt/ros/iron'), ('SHELL', '/bin/bash'), ('QT_ACCESSIBILITY', '1'), ('GDMSESSION', 'ubuntu'), ('GPG_AGENT_INFO', '/run/user/999/gnupg/S.gpg-agent:0:1'), ('ROS_AUTOMATIC_DISCOVERY_RANGE', 'SUBNET'), ('QT_IM_MODULE', 'ibus'), ('PWD', '/home/ubuntu/ros2_ws/src/sam_bot_nav2_gz/build/sam_bot_nav2_gz'), ('XDG_CONFIG_DIRS', '/etc/xdg/xdg-ubuntu:/etc/xdg'), ('DBUS_STARTER_ADDRESS', 'unix:path=/run/user/999/bus,guid=029e0f4fc8d61d8d3d98334166030c5e'), ('XDG_DATA_DIRS', '/usr/share/ubuntu:/usr/share/gnome:/usr/local/share/:/usr/share/:/var/lib/snapd/desktop'), ('PYTHONPATH', '/opt/ros/iron/lib/python3.10/site-packages'), ('COLCON', '1'), ('VTE_VERSION', '6800'), ('CMAKE_PREFIX_PATH', '/opt/ros/iron')]), 'shell': False}
[0.119104] (sam_bot_nav2_gz) StdoutLine: {'line': b'-- Install configuration: ""\n'}
[0.119368] (sam_bot_nav2_gz) StdoutLine: {'line': b'-- Up-to-date: /home/ubuntu/ros2_ws/src/sam_bot_nav2_gz/install/sam_bot_nav2_gz/share/sam_bot_nav2_gz/src\n'}
[0.119575] (sam_bot_nav2_gz) StdoutLine: {'line': b'-- Up-to-date: /home/ubuntu/ros2_ws/src/sam_bot_nav2_gz/install/sam_bot_nav2_gz/share/sam_bot_nav2_gz/src/gz_ros2_control\n'}
[0.119752] (sam_bot_nav2_gz) StdoutLine: {'line': b'-- Up-to-date: /home/ubuntu/ros2_ws/src/sam_bot_nav2_gz/install/sam_bot_nav2_gz/share/sam_bot_nav2_gz/src/gz_ros2_control/gz_ros2_control\n'}
[0.119930] (sam_bot_nav2_gz) StdoutLine: {'line': b'-- Up-to-date: /home/ubuntu/ros2_ws/src/sam_bot_nav2_gz/install/sam_bot_nav2_gz/share/sam_bot_nav2_gz/src/gz_ros2_control/gz_ros2_control/gz_hardware_plugins.xml\n'}
[0.120081] (sam_bot_nav2_gz) StdoutLine: {'line': b'-- Up-to-date: /home/ubuntu/ros2_ws/src/sam_bot_nav2_gz/install/sam_bot_nav2_gz/share/sam_bot_nav2_gz/src/gz_ros2_control/gz_ros2_control/CHANGELOG.rst\n'}
[0.120247] (sam_bot_nav2_gz) StdoutLine: {'line': b'-- Up-to-date: /home/ubuntu/ros2_ws/src/sam_bot_nav2_gz/install/sam_bot_nav2_gz/share/sam_bot_nav2_gz/src/gz_ros2_control/gz_ros2_control/src\n'}
[0.120413] (sam_bot_nav2_gz) StdoutLine: {'line': b'-- Up-to-date: /home/ubuntu/ros2_ws/src/sam_bot_nav2_gz/install/sam_bot_nav2_gz/share/sam_bot_nav2_gz/src/gz_ros2_control/gz_ros2_control/src/gz_ros2_control_plugin.cpp\n'}
[0.120575] (sam_bot_nav2_gz) StdoutLine: {'line': b'-- Up-to-date: /home/ubuntu/ros2_ws/src/sam_bot_nav2_gz/install/sam_bot_nav2_gz/share/sam_bot_nav2_gz/src/gz_ros2_control/gz_ros2_control/src/gz_system.cpp\n'}
[0.120744] (sam_bot_nav2_gz) StdoutLine: {'line': b'-- Up-to-date: /home/ubuntu/ros2_ws/src/sam_bot_nav2_gz/install/sam_bot_nav2_gz/share/sam_bot_nav2_gz/src/gz_ros2_control/gz_ros2_control/CMakeLists.txt\n'}
[0.120904] (sam_bot_nav2_gz) StdoutLine: {'line': b'-- Up-to-date: /home/ubuntu/ros2_ws/src/sam_bot_nav2_gz/install/sam_bot_nav2_gz/share/sam_bot_nav2_gz/src/gz_ros2_control/gz_ros2_control/package.xml\n'}
[0.121064] (sam_bot_nav2_gz) StdoutLine: {'line': b'-- Up-to-date: /home/ubuntu/ros2_ws/src/sam_bot_nav2_gz/install/sam_bot_nav2_gz/share/sam_bot_nav2_gz/src/gz_ros2_control/gz_ros2_control/include\n'}
[0.121229] (sam_bot_nav2_gz) StdoutLine: {'line': b'-- Up-to-date: /home/ubuntu/ros2_ws/src/sam_bot_nav2_gz/install/sam_bot_nav2_gz/share/sam_bot_nav2_gz/src/gz_ros2_control/gz_ros2_control/include/gz_ros2_control\n'}
[0.121395] (sam_bot_nav2_gz) StdoutLine: {'line': b'-- Up-to-date: /home/ubuntu/ros2_ws/src/sam_bot_nav2_gz/install/sam_bot_nav2_gz/share/sam_bot_nav2_gz/src/gz_ros2_control/gz_ros2_control/include/gz_ros2_control/gz_system_interface.hpp\n'}
[0.121571] (sam_bot_nav2_gz) StdoutLine: {'line': b'-- Up-to-date: /home/ubuntu/ros2_ws/src/sam_bot_nav2_gz/install/sam_bot_nav2_gz/share/sam_bot_nav2_gz/src/gz_ros2_control/gz_ros2_control/include/gz_ros2_control/gz_ros2_control_plugin.hpp\n'}
[0.121748] (sam_bot_nav2_gz) StdoutLine: {'line': b'-- Up-to-date: /home/ubuntu/ros2_ws/src/sam_bot_nav2_gz/install/sam_bot_nav2_gz/share/sam_bot_nav2_gz/src/gz_ros2_control/gz_ros2_control/include/gz_ros2_control/gz_system.hpp\n'}
[0.121910] (sam_bot_nav2_gz) StdoutLine: {'line': b'-- Up-to-date: /home/ubuntu/ros2_ws/src/sam_bot_nav2_gz/install/sam_bot_nav2_gz/share/sam_bot_nav2_gz/src/gz_ros2_control/gz_ros2_control/LICENSE\n'}
[0.122069] (sam_bot_nav2_gz) StdoutLine: {'line': b'-- Up-to-date: /home/ubuntu/ros2_ws/src/sam_bot_nav2_gz/install/sam_bot_nav2_gz/share/sam_bot_nav2_gz/src/gz_ros2_control/README.md\n'}
[0.122235] (sam_bot_nav2_gz) StdoutLine: {'line': b'-- Up-to-date: /home/ubuntu/ros2_ws/src/sam_bot_nav2_gz/install/sam_bot_nav2_gz/share/sam_bot_nav2_gz/src/gz_ros2_control/.pre-commit-config.yaml\n'}
[0.122398] (sam_bot_nav2_gz) StdoutLine: {'line': b'-- Up-to-date: /home/ubuntu/ros2_ws/src/sam_bot_nav2_gz/install/sam_bot_nav2_gz/share/sam_bot_nav2_gz/src/gz_ros2_control/.github\n'}
[0.122558] (sam_bot_nav2_gz) StdoutLine: {'line': b'-- Up-to-date: /home/ubuntu/ros2_ws/src/sam_bot_nav2_gz/install/sam_bot_nav2_gz/share/sam_bot_nav2_gz/src/gz_ros2_control/.github/CODEOWNERS\n'}
[0.122722] (sam_bot_nav2_gz) StdoutLine: {'line': b'-- Up-to-date: /home/ubuntu/ros2_ws/src/sam_bot_nav2_gz/install/sam_bot_nav2_gz/share/sam_bot_nav2_gz/src/gz_ros2_control/.github/workflows\n'}
[0.122883] (sam_bot_nav2_gz) StdoutLine: {'line': b'-- Up-to-date: /home/ubuntu/ros2_ws/src/sam_bot_nav2_gz/install/sam_bot_nav2_gz/share/sam_bot_nav2_gz/src/gz_ros2_control/.github/workflows/ci-check-docs.yml\n'}
[0.123032] (sam_bot_nav2_gz) StdoutLine: {'line': b'-- Up-to-date: /home/ubuntu/ros2_ws/src/sam_bot_nav2_gz/install/sam_bot_nav2_gz/share/sam_bot_nav2_gz/src/gz_ros2_control/.github/workflows/triage.yml\n'}
[0.123182] (sam_bot_nav2_gz) StdoutLine: {'line': b'-- Up-to-date: /home/ubuntu/ros2_ws/src/sam_bot_nav2_gz/install/sam_bot_nav2_gz/share/sam_bot_nav2_gz/src/gz_ros2_control/.github/workflows/ci-iron.yaml\n'}
[0.123332] (sam_bot_nav2_gz) StdoutLine: {'line': b'-- Up-to-date: /home/ubuntu/ros2_ws/src/sam_bot_nav2_gz/install/sam_bot_nav2_gz/share/sam_bot_nav2_gz/src/gz_ros2_control/.github/workflows/ci-rolling.yaml\n'}
[0.123490] (sam_bot_nav2_gz) StdoutLine: {'line': b'-- Up-to-date: /home/ubuntu/ros2_ws/src/sam_bot_nav2_gz/install/sam_bot_nav2_gz/share/sam_bot_nav2_gz/src/gz_ros2_control/.github/workflows/ci-format.yaml\n'}
[0.123646] (sam_bot_nav2_gz) StdoutLine: {'line': b'-- Up-to-date: /home/ubuntu/ros2_ws/src/sam_bot_nav2_gz/install/sam_bot_nav2_gz/share/sam_bot_nav2_gz/src/gz_ros2_control/.github/dependabot.yml\n'}
[0.123806] (sam_bot_nav2_gz) StdoutLine: {'line': b'-- Up-to-date: /home/ubuntu/ros2_ws/src/sam_bot_nav2_gz/install/sam_bot_nav2_gz/share/sam_bot_nav2_gz/src/gz_ros2_control/gz_ros2_control_demos\n'}
[0.123957] (sam_bot_nav2_gz) StdoutLine: {'line': b'-- Up-to-date: /home/ubuntu/ros2_ws/src/sam_bot_nav2_gz/install/sam_bot_nav2_gz/share/sam_bot_nav2_gz/src/gz_ros2_control/gz_ros2_control_demos/CHANGELOG.rst\n'}
[0.124113] (sam_bot_nav2_gz) StdoutLine: {'line': b'-- Up-to-date: /home/ubuntu/ros2_ws/src/sam_bot_nav2_gz/install/sam_bot_nav2_gz/share/sam_bot_nav2_gz/src/gz_ros2_control/gz_ros2_control_demos/CMakeLists.txt\n'}
[0.124286] (sam_bot_nav2_gz) StdoutLine: {'line': b'-- Up-to-date: /home/ubuntu/ros2_ws/src/sam_bot_nav2_gz/install/sam_bot_nav2_gz/share/sam_bot_nav2_gz/src/gz_ros2_control/gz_ros2_control_demos/examples\n'}
[0.124445] (sam_bot_nav2_gz) StdoutLine: {'line': b'-- Up-to-date: /home/ubuntu/ros2_ws/src/sam_bot_nav2_gz/install/sam_bot_nav2_gz/share/sam_bot_nav2_gz/src/gz_ros2_control/gz_ros2_control_demos/examples/example_effort.cpp\n'}
[0.124608] (sam_bot_nav2_gz) StdoutLine: {'line': b'-- Up-to-date: /home/ubuntu/ros2_ws/src/sam_bot_nav2_gz/install/sam_bot_nav2_gz/share/sam_bot_nav2_gz/src/gz_ros2_control/gz_ros2_control_demos/examples/example_velocity.cpp\n'}
[0.124776] (sam_bot_nav2_gz) StdoutLine: {'line': b'-- Up-to-date: /home/ubuntu/ros2_ws/src/sam_bot_nav2_gz/install/sam_bot_nav2_gz/share/sam_bot_nav2_gz/src/gz_ros2_control/gz_ros2_control_demos/examples/example_diff_drive.cpp\n'}
[0.124936] (sam_bot_nav2_gz) StdoutLine: {'line': b'-- Up-to-date: /home/ubuntu/ros2_ws/src/sam_bot_nav2_gz/install/sam_bot_nav2_gz/share/sam_bot_nav2_gz/src/gz_ros2_control/gz_ros2_control_demos/examples/example_tricycle_drive.cpp\n'}
[0.125099] (sam_bot_nav2_gz) StdoutLine: {'line': b'-- Up-to-date: /home/ubuntu/ros2_ws/src/sam_bot_nav2_gz/install/sam_bot_nav2_gz/share/sam_bot_nav2_gz/src/gz_ros2_control/gz_ros2_control_demos/examples/example_gripper.cpp\n'}
[0.125260] (sam_bot_nav2_gz) StdoutLine: {'line': b'-- Up-to-date: /home/ubuntu/ros2_ws/src/sam_bot_nav2_gz/install/sam_bot_nav2_gz/share/sam_bot_nav2_gz/src/gz_ros2_control/gz_ros2_control_demos/examples/example_position.cpp\n'}
[0.125447] (sam_bot_nav2_gz) StdoutLine: {'line': b'-- Up-to-date: /home/ubuntu/ros2_ws/src/sam_bot_nav2_gz/install/sam_bot_nav2_gz/share/sam_bot_nav2_gz/src/gz_ros2_control/gz_ros2_control_demos/package.xml\n'}
[0.125643] (sam_bot_nav2_gz) StdoutLine: {'line': b'-- Up-to-date: /home/ubuntu/ros2_ws/src/sam_bot_nav2_gz/install/sam_bot_nav2_gz/share/sam_bot_nav2_gz/src/gz_ros2_control/gz_ros2_control_demos/launch\n'}
[0.125771] (sam_bot_nav2_gz) StdoutLine: {'line': b'-- Up-to-date: /home/ubuntu/ros2_ws/src/sam_bot_nav2_gz/install/sam_bot_nav2_gz/share/sam_bot_nav2_gz/src/gz_ros2_control/gz_ros2_control_demos/launch/cart_example_velocity.launch.py\n'}
[0.125984] (sam_bot_nav2_gz) StdoutLine: {'line': b'-- Up-to-date: /home/ubuntu/ros2_ws/src/sam_bot_nav2_gz/install/sam_bot_nav2_gz/share/sam_bot_nav2_gz/src/gz_ros2_control/gz_ros2_control_demos/launch/cart_example_effort.launch.py\n'}
[0.126319] (sam_bot_nav2_gz) StdoutLine: {'line': b'-- Up-to-date: /home/ubuntu/ros2_ws/src/sam_bot_nav2_gz/install/sam_bot_nav2_gz/share/sam_bot_nav2_gz/src/gz_ros2_control/gz_ros2_control_demos/launch/tricycle_drive_example.launch.py\n'}
[0.126559] (sam_bot_nav2_gz) StdoutLine: {'line': b'-- Up-to-date: /home/ubuntu/ros2_ws/src/sam_bot_nav2_gz/install/sam_bot_nav2_gz/share/sam_bot_nav2_gz/src/gz_ros2_control/gz_ros2_control_demos/launch/diff_drive_example.launch.py\n'}
[0.126690] (sam_bot_nav2_gz) StdoutLine: {'line': b'-- Up-to-date: /home/ubuntu/ros2_ws/src/sam_bot_nav2_gz/install/sam_bot_nav2_gz/share/sam_bot_nav2_gz/src/gz_ros2_control/gz_ros2_control_demos/launch/gripper_mimic_joint_example.launch.py\n'}
[0.126780] (sam_bot_nav2_gz) StdoutLine: {'line': b'-- Up-to-date: /home/ubuntu/ros2_ws/src/sam_bot_nav2_gz/install/sam_bot_nav2_gz/share/sam_bot_nav2_gz/src/gz_ros2_control/gz_ros2_control_demos/launch/cart_example_position.launch.py\n'}
[0.126889] (sam_bot_nav2_gz) StdoutLine: {'line': b'-- Up-to-date: /home/ubuntu/ros2_ws/src/sam_bot_nav2_gz/install/sam_bot_nav2_gz/share/sam_bot_nav2_gz/src/gz_ros2_control/gz_ros2_control_demos/urdf\n'}
[0.126994] (sam_bot_nav2_gz) StdoutLine: {'line': b'-- Up-to-date: /home/ubuntu/ros2_ws/src/sam_bot_nav2_gz/install/sam_bot_nav2_gz/share/sam_bot_nav2_gz/src/gz_ros2_control/gz_ros2_control_demos/urdf/test_cart_position.xacro.urdf\n'}
[0.127048] (sam_bot_nav2_gz) StdoutLine: {'line': b'-- Up-to-date: /home/ubuntu/ros2_ws/src/sam_bot_nav2_gz/install/sam_bot_nav2_gz/share/sam_bot_nav2_gz/src/gz_ros2_control/gz_ros2_control_demos/urdf/test_cart_effort.xacro.urdf\n'}
[0.127131] (sam_bot_nav2_gz) StdoutLine: {'line': b'-- Up-to-date: /home/ubuntu/ros2_ws/src/sam_bot_nav2_gz/install/sam_bot_nav2_gz/share/sam_bot_nav2_gz/src/gz_ros2_control/gz_ros2_control_demos/urdf/test_gripper_mimic_joint.xacro.urdf\n'}
[0.127201] (sam_bot_nav2_gz) StdoutLine: {'line': b'-- Up-to-date: /home/ubuntu/ros2_ws/src/sam_bot_nav2_gz/install/sam_bot_nav2_gz/share/sam_bot_nav2_gz/src/gz_ros2_control/gz_ros2_control_demos/urdf/test_tricycle_drive.xacro.urdf\n'}
[0.127272] (sam_bot_nav2_gz) StdoutLine: {'line': b'-- Up-to-date: /home/ubuntu/ros2_ws/src/sam_bot_nav2_gz/install/sam_bot_nav2_gz/share/sam_bot_nav2_gz/src/gz_ros2_control/gz_ros2_control_demos/urdf/test_diff_drive.xacro.urdf\n'}
[0.127343] (sam_bot_nav2_gz) StdoutLine: {'line': b'-- Up-to-date: /home/ubuntu/ros2_ws/src/sam_bot_nav2_gz/install/sam_bot_nav2_gz/share/sam_bot_nav2_gz/src/gz_ros2_control/gz_ros2_control_demos/urdf/test_cart_velocity.xacro.urdf\n'}
[0.127410] (sam_bot_nav2_gz) StdoutLine: {'line': b'-- Up-to-date: /home/ubuntu/ros2_ws/src/sam_bot_nav2_gz/install/sam_bot_nav2_gz/share/sam_bot_nav2_gz/src/gz_ros2_control/gz_ros2_control_demos/config\n'}
[0.127479] (sam_bot_nav2_gz) StdoutLine: {'line': b'-- Up-to-date: /home/ubuntu/ros2_ws/src/sam_bot_nav2_gz/install/sam_bot_nav2_gz/share/sam_bot_nav2_gz/src/gz_ros2_control/gz_ros2_control_demos/config/gripper_controller.yaml\n'}
[0.127552] (sam_bot_nav2_gz) StdoutLine: {'line': b'-- Up-to-date: /home/ubuntu/ros2_ws/src/sam_bot_nav2_gz/install/sam_bot_nav2_gz/share/sam_bot_nav2_gz/src/gz_ros2_control/gz_ros2_control_demos/config/cart_controller_position.yaml\n'}
[0.127621] (sam_bot_nav2_gz) StdoutLine: {'line': b'-- Up-to-date: /home/ubuntu/ros2_ws/src/sam_bot_nav2_gz/install/sam_bot_nav2_gz/share/sam_bot_nav2_gz/src/gz_ros2_control/gz_ros2_control_demos/config/diff_drive_controller_velocity.yaml\n'}
[0.127689] (sam_bot_nav2_gz) StdoutLine: {'line': b'-- Up-to-date: /home/ubuntu/ros2_ws/src/sam_bot_nav2_gz/install/sam_bot_nav2_gz/share/sam_bot_nav2_gz/src/gz_ros2_control/gz_ros2_control_demos/config/tricycle_drive_controller.yaml\n'}
[0.127756] (sam_bot_nav2_gz) StdoutLine: {'line': b'-- Up-to-date: /home/ubuntu/ros2_ws/src/sam_bot_nav2_gz/install/sam_bot_nav2_gz/share/sam_bot_nav2_gz/src/gz_ros2_control/gz_ros2_control_demos/config/cart_controller_effort.yaml\n'}
[0.127839] (sam_bot_nav2_gz) StdoutLine: {'line': b'-- Up-to-date: /home/ubuntu/ros2_ws/src/sam_bot_nav2_gz/install/sam_bot_nav2_gz/share/sam_bot_nav2_gz/src/gz_ros2_control/gz_ros2_control_demos/config/cart_controller_velocity.yaml\n'}
[0.127891] (sam_bot_nav2_gz) StdoutLine: {'line': b'-- Up-to-date: /home/ubuntu/ros2_ws/src/sam_bot_nav2_gz/install/sam_bot_nav2_gz/share/sam_bot_nav2_gz/src/gz_ros2_control/gz_ros2_control_tests\n'}
[0.127941] (sam_bot_nav2_gz) StdoutLine: {'line': b'-- Up-to-date: /home/ubuntu/ros2_ws/src/sam_bot_nav2_gz/install/sam_bot_nav2_gz/share/sam_bot_nav2_gz/src/gz_ros2_control/gz_ros2_control_tests/CHANGELOG.rst\n'}
[0.127992] (sam_bot_nav2_gz) StdoutLine: {'line': b'-- Up-to-date: /home/ubuntu/ros2_ws/src/sam_bot_nav2_gz/install/sam_bot_nav2_gz/share/sam_bot_nav2_gz/src/gz_ros2_control/gz_ros2_control_tests/src\n'}
[0.128042] (sam_bot_nav2_gz) StdoutLine: {'line': b'-- Up-to-date: /home/ubuntu/ros2_ws/src/sam_bot_nav2_gz/install/sam_bot_nav2_gz/share/sam_bot_nav2_gz/src/gz_ros2_control/gz_ros2_control_tests/src/test_position.cpp\n'}
[0.128109] (sam_bot_nav2_gz) StdoutLine: {'line': b'-- Up-to-date: /home/ubuntu/ros2_ws/src/sam_bot_nav2_gz/install/sam_bot_nav2_gz/share/sam_bot_nav2_gz/src/gz_ros2_control/gz_ros2_control_tests/tests\n'}
[0.128182] (sam_bot_nav2_gz) StdoutLine: {'line': b'-- Up-to-date: /home/ubuntu/ros2_ws/src/sam_bot_nav2_gz/install/sam_bot_nav2_gz/share/sam_bot_nav2_gz/src/gz_ros2_control/gz_ros2_control_tests/tests/CMakeLists.txt\n'}
[0.128251] (sam_bot_nav2_gz) StdoutLine: {'line': b'-- Up-to-date: /home/ubuntu/ros2_ws/src/sam_bot_nav2_gz/install/sam_bot_nav2_gz/share/sam_bot_nav2_gz/src/gz_ros2_control/gz_ros2_control_tests/tests/position_test.py\n'}
[0.128343] (sam_bot_nav2_gz) StdoutLine: {'line': b'-- Up-to-date: /home/ubuntu/ros2_ws/src/sam_bot_nav2_gz/install/sam_bot_nav2_gz/share/sam_bot_nav2_gz/src/gz_ros2_control/gz_ros2_control_tests/CMakeLists.txt\n'}
[0.128397] (sam_bot_nav2_gz) StdoutLine: {'line': b'-- Up-to-date: /home/ubuntu/ros2_ws/src/sam_bot_nav2_gz/install/sam_bot_nav2_gz/share/sam_bot_nav2_gz/src/gz_ros2_control/gz_ros2_control_tests/package.xml\n'}
[0.128474] (sam_bot_nav2_gz) StdoutLine: {'line': b'-- Up-to-date: /home/ubuntu/ros2_ws/src/sam_bot_nav2_gz/install/sam_bot_nav2_gz/share/sam_bot_nav2_gz/src/gz_ros2_control/gz_ros2_control_tests/urdf\n'}
[0.128525] (sam_bot_nav2_gz) StdoutLine: {'line': b'-- Up-to-date: /home/ubuntu/ros2_ws/src/sam_bot_nav2_gz/install/sam_bot_nav2_gz/share/sam_bot_nav2_gz/src/gz_ros2_control/gz_ros2_control_tests/urdf/test_cart_position.xacro.urdf\n'}
[0.128575] (sam_bot_nav2_gz) StdoutLine: {'line': b'-- Up-to-date: /home/ubuntu/ros2_ws/src/sam_bot_nav2_gz/install/sam_bot_nav2_gz/share/sam_bot_nav2_gz/src/gz_ros2_control/gz_ros2_control_tests/config\n'}
[0.128624] (sam_bot_nav2_gz) StdoutLine: {'line': b'-- Up-to-date: /home/ubuntu/ros2_ws/src/sam_bot_nav2_gz/install/sam_bot_nav2_gz/share/sam_bot_nav2_gz/src/gz_ros2_control/gz_ros2_control_tests/config/cart_controller_position.yaml\n'}
[0.128673] (sam_bot_nav2_gz) StdoutLine: {'line': b'-- Up-to-date: /home/ubuntu/ros2_ws/src/sam_bot_nav2_gz/install/sam_bot_nav2_gz/share/sam_bot_nav2_gz/src/gz_ros2_control/Dockerfile\n'}
[0.128722] (sam_bot_nav2_gz) StdoutLine: {'line': b'-- Up-to-date: /home/ubuntu/ros2_ws/src/sam_bot_nav2_gz/install/sam_bot_nav2_gz/share/sam_bot_nav2_gz/src/gz_ros2_control/Dockerfile/Dockerfile\n'}
[0.128789] (sam_bot_nav2_gz) StdoutLine: {'line': b'-- Up-to-date: /home/ubuntu/ros2_ws/src/sam_bot_nav2_gz/install/sam_bot_nav2_gz/share/sam_bot_nav2_gz/src/gz_ros2_control/Dockerfile/entrypoint.sh\n'}
[0.128840] (sam_bot_nav2_gz) StdoutLine: {'line': b'-- Up-to-date: /home/ubuntu/ros2_ws/src/sam_bot_nav2_gz/install/sam_bot_nav2_gz/share/sam_bot_nav2_gz/src/gz_ros2_control/doc\n'}
[0.128892] (sam_bot_nav2_gz) StdoutLine: {'line': b'-- Up-to-date: /home/ubuntu/ros2_ws/src/sam_bot_nav2_gz/install/sam_bot_nav2_gz/share/sam_bot_nav2_gz/src/gz_ros2_control/doc/index.rst\n'}
[0.128956] (sam_bot_nav2_gz) StdoutLine: {'line': b'-- Up-to-date: /home/ubuntu/ros2_ws/src/sam_bot_nav2_gz/install/sam_bot_nav2_gz/share/sam_bot_nav2_gz/src/gz_ros2_control/doc/img\n'}
[0.129008] (sam_bot_nav2_gz) StdoutLine: {'line': b'-- Up-to-date: /home/ubuntu/ros2_ws/src/sam_bot_nav2_gz/install/sam_bot_nav2_gz/share/sam_bot_nav2_gz/src/gz_ros2_control/doc/img/diff_drive.gif\n'}
[0.129060] (sam_bot_nav2_gz) StdoutLine: {'line': b'-- Up-to-date: /home/ubuntu/ros2_ws/src/sam_bot_nav2_gz/install/sam_bot_nav2_gz/share/sam_bot_nav2_gz/src/gz_ros2_control/doc/img/gz_ros2_control.gif\n'}
[0.129112] (sam_bot_nav2_gz) StdoutLine: {'line': b'-- Up-to-date: /home/ubuntu/ros2_ws/src/sam_bot_nav2_gz/install/sam_bot_nav2_gz/share/sam_bot_nav2_gz/src/gz_ros2_control/doc/img/ign_ros2_control.gif\n'}
[0.129163] (sam_bot_nav2_gz) StdoutLine: {'line': b'-- Up-to-date: /home/ubuntu/ros2_ws/src/sam_bot_nav2_gz/install/sam_bot_nav2_gz/share/sam_bot_nav2_gz/src/gz_ros2_control/LICENSE\n'}
[0.129215] (sam_bot_nav2_gz) StdoutLine: {'line': b'-- Up-to-date: /home/ubuntu/ros2_ws/src/sam_bot_nav2_gz/install/sam_bot_nav2_gz/share/sam_bot_nav2_gz/src/gz_ros2_control/.git\n'}
[0.129287] (sam_bot_nav2_gz) StdoutLine: {'line': b'-- Up-to-date: /home/ubuntu/ros2_ws/src/sam_bot_nav2_gz/install/sam_bot_nav2_gz/share/sam_bot_nav2_gz/src/gz_ros2_control/.git/info\n'}
[0.129376] (sam_bot_nav2_gz) StdoutLine: {'line': b'-- Up-to-date: /home/ubuntu/ros2_ws/src/sam_bot_nav2_gz/install/sam_bot_nav2_gz/share/sam_bot_nav2_gz/src/gz_ros2_control/.git/info/exclude\n'}
[0.129466] (sam_bot_nav2_gz) StdoutLine: {'line': b'-- Up-to-date: /home/ubuntu/ros2_ws/src/sam_bot_nav2_gz/install/sam_bot_nav2_gz/share/sam_bot_nav2_gz/src/gz_ros2_control/.git/index\n'}
[0.129613] (sam_bot_nav2_gz) StdoutLine: {'line': b'-- Up-to-date: /home/ubuntu/ros2_ws/src/sam_bot_nav2_gz/install/sam_bot_nav2_gz/share/sam_bot_nav2_gz/src/gz_ros2_control/.git/refs\n'}
[0.129710] (sam_bot_nav2_gz) StdoutLine: {'line': b'-- Up-to-date: /home/ubuntu/ros2_ws/src/sam_bot_nav2_gz/install/sam_bot_nav2_gz/share/sam_bot_nav2_gz/src/gz_ros2_control/.git/refs/heads\n'}
[0.129764] (sam_bot_nav2_gz) StdoutLine: {'line': b'-- Up-to-date: /home/ubuntu/ros2_ws/src/sam_bot_nav2_gz/install/sam_bot_nav2_gz/share/sam_bot_nav2_gz/src/gz_ros2_control/.git/refs/heads/master\n'}
[0.129851] (sam_bot_nav2_gz) StdoutLine: {'line': b'-- Up-to-date: /home/ubuntu/ros2_ws/src/sam_bot_nav2_gz/install/sam_bot_nav2_gz/share/sam_bot_nav2_gz/src/gz_ros2_control/.git/refs/remotes\n'}
[0.129903] (sam_bot_nav2_gz) StdoutLine: {'line': b'-- Up-to-date: /home/ubuntu/ros2_ws/src/sam_bot_nav2_gz/install/sam_bot_nav2_gz/share/sam_bot_nav2_gz/src/gz_ros2_control/.git/refs/remotes/origin\n'}
[0.129990] (sam_bot_nav2_gz) StdoutLine: {'line': b'-- Up-to-date: /home/ubuntu/ros2_ws/src/sam_bot_nav2_gz/install/sam_bot_nav2_gz/share/sam_bot_nav2_gz/src/gz_ros2_control/.git/refs/remotes/origin/HEAD\n'}
[0.130043] (sam_bot_nav2_gz) StdoutLine: {'line': b'-- Up-to-date: /home/ubuntu/ros2_ws/src/sam_bot_nav2_gz/install/sam_bot_nav2_gz/share/sam_bot_nav2_gz/src/gz_ros2_control/.git/refs/tags\n'}
[0.130095] (sam_bot_nav2_gz) StdoutLine: {'line': b'-- Up-to-date: /home/ubuntu/ros2_ws/src/sam_bot_nav2_gz/install/sam_bot_nav2_gz/share/sam_bot_nav2_gz/src/gz_ros2_control/.git/branches\n'}
[0.130244] (sam_bot_nav2_gz) StdoutLine: {'line': b'-- Up-to-date: /home/ubuntu/ros2_ws/src/sam_bot_nav2_gz/install/sam_bot_nav2_gz/share/sam_bot_nav2_gz/src/gz_ros2_control/.git/description\n'}
[0.130788] (sam_bot_nav2_gz) StdoutLine: {'line': b'-- Up-to-date: /home/ubuntu/ros2_ws/src/sam_bot_nav2_gz/install/sam_bot_nav2_gz/share/sam_bot_nav2_gz/src/gz_ros2_control/.git/HEAD\n'}
[0.130957] (sam_bot_nav2_gz) StdoutLine: {'line': b'-- Up-to-date: /home/ubuntu/ros2_ws/src/sam_bot_nav2_gz/install/sam_bot_nav2_gz/share/sam_bot_nav2_gz/src/gz_ros2_control/.git/logs\n'}
[0.131113] (sam_bot_nav2_gz) StdoutLine: {'line': b'-- Up-to-date: /home/ubuntu/ros2_ws/src/sam_bot_nav2_gz/install/sam_bot_nav2_gz/share/sam_bot_nav2_gz/src/gz_ros2_control/.git/logs/refs\n'}
[0.131339] (sam_bot_nav2_gz) StdoutLine: {'line': b'-- Up-to-date: /home/ubuntu/ros2_ws/src/sam_bot_nav2_gz/install/sam_bot_nav2_gz/share/sam_bot_nav2_gz/src/gz_ros2_control/.git/logs/refs/heads\n'}
[0.131466] (sam_bot_nav2_gz) StdoutLine: {'line': b'-- Up-to-date: /home/ubuntu/ros2_ws/src/sam_bot_nav2_gz/install/sam_bot_nav2_gz/share/sam_bot_nav2_gz/src/gz_ros2_control/.git/logs/refs/heads/master\n'}
[0.131652] (sam_bot_nav2_gz) StdoutLine: {'line': b'-- Up-to-date: /home/ubuntu/ros2_ws/src/sam_bot_nav2_gz/install/sam_bot_nav2_gz/share/sam_bot_nav2_gz/src/gz_ros2_control/.git/logs/refs/remotes\n'}
[0.131819] (sam_bot_nav2_gz) StdoutLine: {'line': b'-- Up-to-date: /home/ubuntu/ros2_ws/src/sam_bot_nav2_gz/install/sam_bot_nav2_gz/share/sam_bot_nav2_gz/src/gz_ros2_control/.git/logs/refs/remotes/origin\n'}
[0.131946] (sam_bot_nav2_gz) StdoutLine: {'line': b'-- Up-to-date: /home/ubuntu/ros2_ws/src/sam_bot_nav2_gz/install/sam_bot_nav2_gz/share/sam_bot_nav2_gz/src/gz_ros2_control/.git/logs/refs/remotes/origin/HEAD\n'}
[0.132059] (sam_bot_nav2_gz) StdoutLine: {'line': b'-- Up-to-date: /home/ubuntu/ros2_ws/src/sam_bot_nav2_gz/install/sam_bot_nav2_gz/share/sam_bot_nav2_gz/src/gz_ros2_control/.git/logs/HEAD\n'}
[0.132205] (sam_bot_nav2_gz) StdoutLine: {'line': b'-- Up-to-date: /home/ubuntu/ros2_ws/src/sam_bot_nav2_gz/install/sam_bot_nav2_gz/share/sam_bot_nav2_gz/src/gz_ros2_control/.git/objects\n'}
[0.132329] (sam_bot_nav2_gz) StdoutLine: {'line': b'-- Up-to-date: /home/ubuntu/ros2_ws/src/sam_bot_nav2_gz/install/sam_bot_nav2_gz/share/sam_bot_nav2_gz/src/gz_ros2_control/.git/objects/info\n'}
[0.132596] (sam_bot_nav2_gz) StdoutLine: {'line': b'-- Up-to-date: /home/ubuntu/ros2_ws/src/sam_bot_nav2_gz/install/sam_bot_nav2_gz/share/sam_bot_nav2_gz/src/gz_ros2_control/.git/objects/pack\n'}
[0.132722] (sam_bot_nav2_gz) StdoutLine: {'line': b'-- Up-to-date: /home/ubuntu/ros2_ws/src/sam_bot_nav2_gz/install/sam_bot_nav2_gz/share/sam_bot_nav2_gz/src/gz_ros2_control/.git/objects/pack/pack-1614c82e57c8d45d0a5c18e9bd6d8fc842d8c5ac.idx\n'}
[0.132851] (sam_bot_nav2_gz) StdoutLine: {'line': b'-- Up-to-date: /home/ubuntu/ros2_ws/src/sam_bot_nav2_gz/install/sam_bot_nav2_gz/share/sam_bot_nav2_gz/src/gz_ros2_control/.git/objects/pack/pack-1614c82e57c8d45d0a5c18e9bd6d8fc842d8c5ac.pack\n'}
[0.132986] (sam_bot_nav2_gz) StdoutLine: {'line': b'-- Up-to-date: /home/ubuntu/ros2_ws/src/sam_bot_nav2_gz/install/sam_bot_nav2_gz/share/sam_bot_nav2_gz/src/gz_ros2_control/.git/hooks\n'}
[0.133122] (sam_bot_nav2_gz) StdoutLine: {'line': b'-- Up-to-date: /home/ubuntu/ros2_ws/src/sam_bot_nav2_gz/install/sam_bot_nav2_gz/share/sam_bot_nav2_gz/src/gz_ros2_control/.git/hooks/prepare-commit-msg.sample\n'}
[0.133355] (sam_bot_nav2_gz) StdoutLine: {'line': b'-- Up-to-date: /home/ubuntu/ros2_ws/src/sam_bot_nav2_gz/install/sam_bot_nav2_gz/share/sam_bot_nav2_gz/src/gz_ros2_control/.git/hooks/pre-rebase.sample\n'}
[0.133519] (sam_bot_nav2_gz) StdoutLine: {'line': b'-- Up-to-date: /home/ubuntu/ros2_ws/src/sam_bot_nav2_gz/install/sam_bot_nav2_gz/share/sam_bot_nav2_gz/src/gz_ros2_control/.git/hooks/push-to-checkout.sample\n'}
[0.133820] (sam_bot_nav2_gz) StdoutLine: {'line': b'-- Up-to-date: /home/ubuntu/ros2_ws/src/sam_bot_nav2_gz/install/sam_bot_nav2_gz/share/sam_bot_nav2_gz/src/gz_ros2_control/.git/hooks/pre-receive.sample\n'}
[0.133946] (sam_bot_nav2_gz) StdoutLine: {'line': b'-- Up-to-date: /home/ubuntu/ros2_ws/src/sam_bot_nav2_gz/install/sam_bot_nav2_gz/share/sam_bot_nav2_gz/src/gz_ros2_control/.git/hooks/commit-msg.sample\n'}
[0.134066] (sam_bot_nav2_gz) StdoutLine: {'line': b'-- Up-to-date: /home/ubuntu/ros2_ws/src/sam_bot_nav2_gz/install/sam_bot_nav2_gz/share/sam_bot_nav2_gz/src/gz_ros2_control/.git/hooks/pre-merge-commit.sample\n'}
[0.134201] (sam_bot_nav2_gz) StdoutLine: {'line': b'-- Up-to-date: /home/ubuntu/ros2_ws/src/sam_bot_nav2_gz/install/sam_bot_nav2_gz/share/sam_bot_nav2_gz/src/gz_ros2_control/.git/hooks/fsmonitor-watchman.sample\n'}
[0.134355] (sam_bot_nav2_gz) StdoutLine: {'line': b'-- Up-to-date: /home/ubuntu/ros2_ws/src/sam_bot_nav2_gz/install/sam_bot_nav2_gz/share/sam_bot_nav2_gz/src/gz_ros2_control/.git/hooks/applypatch-msg.sample\n'}
[0.134453] (sam_bot_nav2_gz) StdoutLine: {'line': b'-- Up-to-date: /home/ubuntu/ros2_ws/src/sam_bot_nav2_gz/install/sam_bot_nav2_gz/share/sam_bot_nav2_gz/src/gz_ros2_control/.git/hooks/pre-commit.sample\n'}
[0.134575] (sam_bot_nav2_gz) StdoutLine: {'line': b'-- Up-to-date: /home/ubuntu/ros2_ws/src/sam_bot_nav2_gz/install/sam_bot_nav2_gz/share/sam_bot_nav2_gz/src/gz_ros2_control/.git/hooks/update.sample\n'}
[0.134693] (sam_bot_nav2_gz) StdoutLine: {'line': b'-- Up-to-date: /home/ubuntu/ros2_ws/src/sam_bot_nav2_gz/install/sam_bot_nav2_gz/share/sam_bot_nav2_gz/src/gz_ros2_control/.git/hooks/pre-applypatch.sample\n'}
[0.134777] (sam_bot_nav2_gz) StdoutLine: {'line': b'-- Up-to-date: /home/ubuntu/ros2_ws/src/sam_bot_nav2_gz/install/sam_bot_nav2_gz/share/sam_bot_nav2_gz/src/gz_ros2_control/.git/hooks/pre-push.sample\n'}
[0.134894] (sam_bot_nav2_gz) StdoutLine: {'line': b'-- Up-to-date: /home/ubuntu/ros2_ws/src/sam_bot_nav2_gz/install/sam_bot_nav2_gz/share/sam_bot_nav2_gz/src/gz_ros2_control/.git/hooks/post-update.sample\n'}
[0.135018] (sam_bot_nav2_gz) StdoutLine: {'line': b'-- Up-to-date: /home/ubuntu/ros2_ws/src/sam_bot_nav2_gz/install/sam_bot_nav2_gz/share/sam_bot_nav2_gz/src/gz_ros2_control/.git/config\n'}
[0.135131] (sam_bot_nav2_gz) StdoutLine: {'line': b'-- Up-to-date: /home/ubuntu/ros2_ws/src/sam_bot_nav2_gz/install/sam_bot_nav2_gz/share/sam_bot_nav2_gz/src/gz_ros2_control/.git/packed-refs\n'}
[0.135231] (sam_bot_nav2_gz) StdoutLine: {'line': b'-- Up-to-date: /home/ubuntu/ros2_ws/src/sam_bot_nav2_gz/install/sam_bot_nav2_gz/share/sam_bot_nav2_gz/src/description\n'}
[0.135344] (sam_bot_nav2_gz) StdoutLine: {'line': b'-- Up-to-date: /home/ubuntu/ros2_ws/src/sam_bot_nav2_gz/install/sam_bot_nav2_gz/share/sam_bot_nav2_gz/src/description/sam_bot_description.urdf\n'}
[0.135493] (sam_bot_nav2_gz) StdoutLine: {'line': b'-- Up-to-date: /home/ubuntu/ros2_ws/src/sam_bot_nav2_gz/install/sam_bot_nav2_gz/share/sam_bot_nav2_gz/src/description/sam_bot_description_ros2_control.urdf\n'}
[0.135593] (sam_bot_nav2_gz) StdoutLine: {'line': b'-- Up-to-date: /home/ubuntu/ros2_ws/src/sam_bot_nav2_gz/install/sam_bot_nav2_gz/share/sam_bot_nav2_gz/src/nav2_bringup\n'}
[0.135707] (sam_bot_nav2_gz) StdoutLine: {'line': b'-- Up-to-date: /home/ubuntu/ros2_ws/src/sam_bot_nav2_gz/install/sam_bot_nav2_gz/share/sam_bot_nav2_gz/src/nav2_bringup/rviz\n'}
[0.135786] (sam_bot_nav2_gz) StdoutLine: {'line': b'-- Up-to-date: /home/ubuntu/ros2_ws/src/sam_bot_nav2_gz/install/sam_bot_nav2_gz/share/sam_bot_nav2_gz/src/nav2_bringup/rviz/nav2_namespaced_view.rviz\n'}
[0.135936] (sam_bot_nav2_gz) StdoutLine: {'line': b'-- Up-to-date: /home/ubuntu/ros2_ws/src/sam_bot_nav2_gz/install/sam_bot_nav2_gz/share/sam_bot_nav2_gz/src/nav2_bringup/rviz/nav2_default_view.rviz\n'}
[0.136015] (sam_bot_nav2_gz) StdoutLine: {'line': b'-- Up-to-date: /home/ubuntu/ros2_ws/src/sam_bot_nav2_gz/install/sam_bot_nav2_gz/share/sam_bot_nav2_gz/src/nav2_bringup/README.md\n'}
[0.136126] (sam_bot_nav2_gz) StdoutLine: {'line': b'-- Up-to-date: /home/ubuntu/ros2_ws/src/sam_bot_nav2_gz/install/sam_bot_nav2_gz/share/sam_bot_nav2_gz/src/nav2_bringup/frames_2024-02-13_13.03.26.pdf\n'}
[0.136338] (sam_bot_nav2_gz) StdoutLine: {'line': b'-- Up-to-date: /home/ubuntu/ros2_ws/src/sam_bot_nav2_gz/install/sam_bot_nav2_gz/share/sam_bot_nav2_gz/src/nav2_bringup/CHANGELOG.rst\n'}
[0.136511] (sam_bot_nav2_gz) StdoutLine: {'line': b'-- Up-to-date: /home/ubuntu/ros2_ws/src/sam_bot_nav2_gz/install/sam_bot_nav2_gz/share/sam_bot_nav2_gz/src/nav2_bringup/worlds\n'}
[0.136590] (sam_bot_nav2_gz) StdoutLine: {'line': b'-- Up-to-date: /home/ubuntu/ros2_ws/src/sam_bot_nav2_gz/install/sam_bot_nav2_gz/share/sam_bot_nav2_gz/src/nav2_bringup/worlds/waffle.model\n'}
[0.136734] (sam_bot_nav2_gz) StdoutLine: {'line': b'-- Up-to-date: /home/ubuntu/ros2_ws/src/sam_bot_nav2_gz/install/sam_bot_nav2_gz/share/sam_bot_nav2_gz/src/nav2_bringup/worlds/world_only.model\n'}
[0.136857] (sam_bot_nav2_gz) StdoutLine: {'line': b'-- Up-to-date: /home/ubuntu/ros2_ws/src/sam_bot_nav2_gz/install/sam_bot_nav2_gz/share/sam_bot_nav2_gz/src/nav2_bringup/frames_2024-02-13_13.03.26.gv\n'}
[0.136990] (sam_bot_nav2_gz) StdoutLine: {'line': b'-- Up-to-date: /home/ubuntu/ros2_ws/src/sam_bot_nav2_gz/install/sam_bot_nav2_gz/share/sam_bot_nav2_gz/src/nav2_bringup/CMakeLists.txt\n'}
[0.137116] (sam_bot_nav2_gz) StdoutLine: {'line': b'-- Up-to-date: /home/ubuntu/ros2_ws/src/sam_bot_nav2_gz/install/sam_bot_nav2_gz/share/sam_bot_nav2_gz/src/nav2_bringup/maps\n'}
[0.137244] (sam_bot_nav2_gz) StdoutLine: {'line': b'-- Up-to-date: /home/ubuntu/ros2_ws/src/sam_bot_nav2_gz/install/sam_bot_nav2_gz/share/sam_bot_nav2_gz/src/nav2_bringup/maps/turtlebot3_world.yaml\n'}
[0.137469] (sam_bot_nav2_gz) StdoutLine: {'line': b'-- Up-to-date: /home/ubuntu/ros2_ws/src/sam_bot_nav2_gz/install/sam_bot_nav2_gz/share/sam_bot_nav2_gz/src/nav2_bringup/maps/turtlebot3_world.pgm\n'}
[0.137610] (sam_bot_nav2_gz) StdoutLine: {'line': b'-- Up-to-date: /home/ubuntu/ros2_ws/src/sam_bot_nav2_gz/install/sam_bot_nav2_gz/share/sam_bot_nav2_gz/src/nav2_bringup/package.xml\n'}
[0.137754] (sam_bot_nav2_gz) StdoutLine: {'line': b'-- Up-to-date: /home/ubuntu/ros2_ws/src/sam_bot_nav2_gz/install/sam_bot_nav2_gz/share/sam_bot_nav2_gz/src/nav2_bringup/params\n'}
[0.137878] (sam_bot_nav2_gz) StdoutLine: {'line': b'-- Up-to-date: /home/ubuntu/ros2_ws/src/sam_bot_nav2_gz/install/sam_bot_nav2_gz/share/sam_bot_nav2_gz/src/nav2_bringup/params/nav2_params.yaml\n'}
[0.138033] (sam_bot_nav2_gz) StdoutLine: {'line': b'-- Up-to-date: /home/ubuntu/ros2_ws/src/sam_bot_nav2_gz/install/sam_bot_nav2_gz/share/sam_bot_nav2_gz/src/nav2_bringup/params/nav2_multirobot_params_2.yaml\n'}
[0.138160] (sam_bot_nav2_gz) StdoutLine: {'line': b'-- Up-to-date: /home/ubuntu/ros2_ws/src/sam_bot_nav2_gz/install/sam_bot_nav2_gz/share/sam_bot_nav2_gz/src/nav2_bringup/params/nav2_multirobot_params_all.yaml\n'}
[0.138281] (sam_bot_nav2_gz) StdoutLine: {'line': b'-- Up-to-date: /home/ubuntu/ros2_ws/src/sam_bot_nav2_gz/install/sam_bot_nav2_gz/share/sam_bot_nav2_gz/src/nav2_bringup/params/nav2_multirobot_params_1.yaml\n'}
[0.138389] (sam_bot_nav2_gz) StdoutLine: {'line': b'-- Up-to-date: /home/ubuntu/ros2_ws/src/sam_bot_nav2_gz/install/sam_bot_nav2_gz/share/sam_bot_nav2_gz/src/nav2_bringup/launch\n'}
[0.138562] (sam_bot_nav2_gz) StdoutLine: {'line': b'-- Up-to-date: /home/ubuntu/ros2_ws/src/sam_bot_nav2_gz/install/sam_bot_nav2_gz/share/sam_bot_nav2_gz/src/nav2_bringup/launch/localization_launch.py\n'}
[0.138659] (sam_bot_nav2_gz) StdoutLine: {'line': b'-- Up-to-date: /home/ubuntu/ros2_ws/src/sam_bot_nav2_gz/install/sam_bot_nav2_gz/share/sam_bot_nav2_gz/src/nav2_bringup/launch/rviz_launch.py\n'}
[0.138813] (sam_bot_nav2_gz) StdoutLine: {'line': b'-- Up-to-date: /home/ubuntu/ros2_ws/src/sam_bot_nav2_gz/install/sam_bot_nav2_gz/share/sam_bot_nav2_gz/src/nav2_bringup/launch/bringup_launch.py\n'}
[0.138965] (sam_bot_nav2_gz) StdoutLine: {'line': b'-- Up-to-date: /home/ubuntu/ros2_ws/src/sam_bot_nav2_gz/install/sam_bot_nav2_gz/share/sam_bot_nav2_gz/src/nav2_bringup/launch/unique_multi_tb3_simulation_launch.py\n'}
[0.139061] (sam_bot_nav2_gz) StdoutLine: {'line': b'-- Up-to-date: /home/ubuntu/ros2_ws/src/sam_bot_nav2_gz/install/sam_bot_nav2_gz/share/sam_bot_nav2_gz/src/nav2_bringup/launch/cloned_multi_tb3_simulation_launch.py\n'}
[0.139180] (sam_bot_nav2_gz) StdoutLine: {'line': b'-- Up-to-date: /home/ubuntu/ros2_ws/src/sam_bot_nav2_gz/install/sam_bot_nav2_gz/share/sam_bot_nav2_gz/src/nav2_bringup/launch/navigation_launch.py\n'}
[0.139258] (sam_bot_nav2_gz) StdoutLine: {'line': b'-- Up-to-date: /home/ubuntu/ros2_ws/src/sam_bot_nav2_gz/install/sam_bot_nav2_gz/share/sam_bot_nav2_gz/src/nav2_bringup/launch/slam_launch.py\n'}
[0.139389] (sam_bot_nav2_gz) StdoutLine: {'line': b'-- Up-to-date: /home/ubuntu/ros2_ws/src/sam_bot_nav2_gz/install/sam_bot_nav2_gz/share/sam_bot_nav2_gz/src/nav2_bringup/launch/tb3_simulation_launch.py\n'}
[0.139524] (sam_bot_nav2_gz) StdoutLine: {'line': b'-- Up-to-date: /home/ubuntu/ros2_ws/src/sam_bot_nav2_gz/install/sam_bot_nav2_gz/share/sam_bot_nav2_gz/src/nav2_bringup/urdf\n'}
[0.139631] (sam_bot_nav2_gz) StdoutLine: {'line': b'-- Up-to-date: /home/ubuntu/ros2_ws/src/sam_bot_nav2_gz/install/sam_bot_nav2_gz/share/sam_bot_nav2_gz/src/nav2_bringup/urdf/turtlebot3_waffle.urdf\n'}
[0.139768] (sam_bot_nav2_gz) StdoutLine: {'line': b'-- Up-to-date: /home/ubuntu/ros2_ws/src/sam_bot_nav2_gz/install/sam_bot_nav2_gz/share/sam_bot_nav2_gz/scripts\n'}
[0.139877] (sam_bot_nav2_gz) StdoutLine: {'line': b'-- Up-to-date: /home/ubuntu/ros2_ws/src/sam_bot_nav2_gz/install/sam_bot_nav2_gz/share/sam_bot_nav2_gz/scripts/__init__.py\n'}
[0.139992] (sam_bot_nav2_gz) StdoutLine: {'line': b'-- Up-to-date: /home/ubuntu/ros2_ws/src/sam_bot_nav2_gz/install/sam_bot_nav2_gz/share/sam_bot_nav2_gz/scripts/reach_goal.py\n'}
[0.140200] (sam_bot_nav2_gz) StdoutLine: {'line': b'-- Up-to-date: /home/ubuntu/ros2_ws/src/sam_bot_nav2_gz/install/sam_bot_nav2_gz/share/sam_bot_nav2_gz/scripts/follow_waypoints.py\n'}
[0.140321] (sam_bot_nav2_gz) StdoutLine: {'line': b'-- Up-to-date: /home/ubuntu/ros2_ws/src/sam_bot_nav2_gz/install/sam_bot_nav2_gz/share/sam_bot_nav2_gz/launch\n'}
[0.140441] (sam_bot_nav2_gz) StdoutLine: {'line': b'-- Up-to-date: /home/ubuntu/ros2_ws/src/sam_bot_nav2_gz/install/sam_bot_nav2_gz/share/sam_bot_nav2_gz/launch/diff_drive.launch.py\n'}
[0.140595] (sam_bot_nav2_gz) StdoutLine: {'line': b'-- Up-to-date: /home/ubuntu/ros2_ws/src/sam_bot_nav2_gz/install/sam_bot_nav2_gz/share/sam_bot_nav2_gz/launch/display.launch.py\n'}
[0.140741] (sam_bot_nav2_gz) StdoutLine: {'line': b'-- Up-to-date: /home/ubuntu/ros2_ws/src/sam_bot_nav2_gz/install/sam_bot_nav2_gz/share/sam_bot_nav2_gz/launch/tst_diff_drive.launch.py\n'}
[0.140864] (sam_bot_nav2_gz) StdoutLine: {'line': b'-- Up-to-date: /home/ubuntu/ros2_ws/src/sam_bot_nav2_gz/install/sam_bot_nav2_gz/share/sam_bot_nav2_gz/rviz\n'}
[0.140995] (sam_bot_nav2_gz) StdoutLine: {'line': b'-- Up-to-date: /home/ubuntu/ros2_ws/src/sam_bot_nav2_gz/install/sam_bot_nav2_gz/share/sam_bot_nav2_gz/rviz/navigation_config.rviz\n'}
[0.141143] (sam_bot_nav2_gz) StdoutLine: {'line': b'-- Up-to-date: /home/ubuntu/ros2_ws/src/sam_bot_nav2_gz/install/sam_bot_nav2_gz/share/sam_bot_nav2_gz/rviz/urdf_config.rviz\n'}
[0.141293] (sam_bot_nav2_gz) StdoutLine: {'line': b'-- Up-to-date: /home/ubuntu/ros2_ws/src/sam_bot_nav2_gz/install/sam_bot_nav2_gz/share/sam_bot_nav2_gz/config\n'}
[0.141416] (sam_bot_nav2_gz) StdoutLine: {'line': b'-- Up-to-date: /home/ubuntu/ros2_ws/src/sam_bot_nav2_gz/install/sam_bot_nav2_gz/share/sam_bot_nav2_gz/config/nav2_params.yaml\n'}
[0.141589] (sam_bot_nav2_gz) StdoutLine: {'line': b'-- Up-to-date: /home/ubuntu/ros2_ws/src/sam_bot_nav2_gz/install/sam_bot_nav2_gz/share/sam_bot_nav2_gz/config/diff_drive_controller_velocity.yaml\n'}
[0.141710] (sam_bot_nav2_gz) StdoutLine: {'line': b'-- Up-to-date: /home/ubuntu/ros2_ws/src/sam_bot_nav2_gz/install/sam_bot_nav2_gz/share/sam_bot_nav2_gz/config/ros_gz_example_bridge.yaml\n'}
[0.141806] (sam_bot_nav2_gz) StdoutLine: {'line': b'-- Up-to-date: /home/ubuntu/ros2_ws/src/sam_bot_nav2_gz/install/sam_bot_nav2_gz/share/sam_bot_nav2_gz/world\n'}
[0.141956] (sam_bot_nav2_gz) StdoutLine: {'line': b'-- Up-to-date: /home/ubuntu/ros2_ws/src/sam_bot_nav2_gz/install/sam_bot_nav2_gz/share/sam_bot_nav2_gz/world/empty.sdf\n'}
[0.142047] (sam_bot_nav2_gz) StdoutLine: {'line': b'-- Up-to-date: /home/ubuntu/ros2_ws/src/sam_bot_nav2_gz/install/sam_bot_nav2_gz/share/sam_bot_nav2_gz/world/turtlebot3_world.sdf\n'}
[0.142220] (sam_bot_nav2_gz) StdoutLine: {'line': b'-- Up-to-date: /home/ubuntu/ros2_ws/src/sam_bot_nav2_gz/install/sam_bot_nav2_gz/share/sam_bot_nav2_gz/models\n'}
[0.142277] (sam_bot_nav2_gz) StdoutLine: {'line': b'-- Up-to-date: /home/ubuntu/ros2_ws/src/sam_bot_nav2_gz/install/sam_bot_nav2_gz/share/sam_bot_nav2_gz/models/turtlebot3_world\n'}
[0.142350] (sam_bot_nav2_gz) StdoutLine: {'line': b'-- Up-to-date: /home/ubuntu/ros2_ws/src/sam_bot_nav2_gz/install/sam_bot_nav2_gz/share/sam_bot_nav2_gz/models/turtlebot3_world/meshes\n'}
[0.142404] (sam_bot_nav2_gz) StdoutLine: {'line': b'-- Up-to-date: /home/ubuntu/ros2_ws/src/sam_bot_nav2_gz/install/sam_bot_nav2_gz/share/sam_bot_nav2_gz/models/turtlebot3_world/meshes/wall.dae\n'}
[0.142457] (sam_bot_nav2_gz) StdoutLine: {'line': b'-- Up-to-date: /home/ubuntu/ros2_ws/src/sam_bot_nav2_gz/install/sam_bot_nav2_gz/share/sam_bot_nav2_gz/models/turtlebot3_world/meshes/hexagon.dae\n'}
[0.142607] (sam_bot_nav2_gz) StdoutLine: {'line': b'-- Up-to-date: /home/ubuntu/ros2_ws/src/sam_bot_nav2_gz/install/sam_bot_nav2_gz/share/sam_bot_nav2_gz/maps\n'}
[0.142704] (sam_bot_nav2_gz) StdoutLine: {'line': b'-- Up-to-date: /home/ubuntu/ros2_ws/src/sam_bot_nav2_gz/install/sam_bot_nav2_gz/share/sam_bot_nav2_gz/maps/turtlebot3_world.yaml\n'}
[0.142820] (sam_bot_nav2_gz) StdoutLine: {'line': b'-- Up-to-date: /home/ubuntu/ros2_ws/src/sam_bot_nav2_gz/install/sam_bot_nav2_gz/share/sam_bot_nav2_gz/maps/turtlebot3_world.pgm\n'}
[0.142916] (sam_bot_nav2_gz) StdoutLine: {'line': b'-- Up-to-date: /home/ubuntu/ros2_ws/src/sam_bot_nav2_gz/install/sam_bot_nav2_gz/lib/sam_bot_nav2_gz/reach_goal.py\n'}
[0.143059] (sam_bot_nav2_gz) StdoutLine: {'line': b'-- Up-to-date: /home/ubuntu/ros2_ws/src/sam_bot_nav2_gz/install/sam_bot_nav2_gz/lib/sam_bot_nav2_gz/follow_waypoints.py\n'}
[0.143187] (sam_bot_nav2_gz) StdoutLine: {'line': b'-- Up-to-date: /home/ubuntu/ros2_ws/src/sam_bot_nav2_gz/install/sam_bot_nav2_gz/share/ament_index/resource_index/package_run_dependencies/sam_bot_nav2_gz\n'}
[0.143308] (sam_bot_nav2_gz) StdoutLine: {'line': b'-- Up-to-date: /home/ubuntu/ros2_ws/src/sam_bot_nav2_gz/install/sam_bot_nav2_gz/share/ament_index/resource_index/parent_prefix_path/sam_bot_nav2_gz\n'}
[0.143439] (sam_bot_nav2_gz) StdoutLine: {'line': b'-- Up-to-date: /home/ubuntu/ros2_ws/src/sam_bot_nav2_gz/install/sam_bot_nav2_gz/share/sam_bot_nav2_gz/environment/ament_prefix_path.sh\n'}
[0.143519] (sam_bot_nav2_gz) StdoutLine: {'line': b'-- Up-to-date: /home/ubuntu/ros2_ws/src/sam_bot_nav2_gz/install/sam_bot_nav2_gz/share/sam_bot_nav2_gz/environment/ament_prefix_path.dsv\n'}
[0.143652] (sam_bot_nav2_gz) StdoutLine: {'line': b'-- Up-to-date: /home/ubuntu/ros2_ws/src/sam_bot_nav2_gz/install/sam_bot_nav2_gz/share/sam_bot_nav2_gz/environment/path.sh\n'}
[0.143769] (sam_bot_nav2_gz) StdoutLine: {'line': b'-- Up-to-date: /home/ubuntu/ros2_ws/src/sam_bot_nav2_gz/install/sam_bot_nav2_gz/share/sam_bot_nav2_gz/environment/path.dsv\n'}
[0.143889] (sam_bot_nav2_gz) StdoutLine: {'line': b'-- Up-to-date: /home/ubuntu/ros2_ws/src/sam_bot_nav2_gz/install/sam_bot_nav2_gz/share/sam_bot_nav2_gz/local_setup.bash\n'}
[0.144024] (sam_bot_nav2_gz) StdoutLine: {'line': b'-- Up-to-date: /home/ubuntu/ros2_ws/src/sam_bot_nav2_gz/install/sam_bot_nav2_gz/share/sam_bot_nav2_gz/local_setup.sh\n'}
[0.144139] (sam_bot_nav2_gz) StdoutLine: {'line': b'-- Up-to-date: /home/ubuntu/ros2_ws/src/sam_bot_nav2_gz/install/sam_bot_nav2_gz/share/sam_bot_nav2_gz/local_setup.zsh\n'}
[0.144237] (sam_bot_nav2_gz) StdoutLine: {'line': b'-- Up-to-date: /home/ubuntu/ros2_ws/src/sam_bot_nav2_gz/install/sam_bot_nav2_gz/share/sam_bot_nav2_gz/local_setup.dsv\n'}
[0.144357] (sam_bot_nav2_gz) StdoutLine: {'line': b'-- Installing: /home/ubuntu/ros2_ws/src/sam_bot_nav2_gz/install/sam_bot_nav2_gz/share/sam_bot_nav2_gz/package.dsv\n'}
[0.144454] (sam_bot_nav2_gz) StdoutLine: {'line': b'-- Up-to-date: /home/ubuntu/ros2_ws/src/sam_bot_nav2_gz/install/sam_bot_nav2_gz/share/ament_index/resource_index/packages/sam_bot_nav2_gz\n'}
[0.144592] (sam_bot_nav2_gz) StdoutLine: {'line': b'-- Up-to-date: /home/ubuntu/ros2_ws/src/sam_bot_nav2_gz/install/sam_bot_nav2_gz/share/sam_bot_nav2_gz/cmake/sam_bot_nav2_gzConfig.cmake\n'}
[0.144724] (sam_bot_nav2_gz) StdoutLine: {'line': b'-- Up-to-date: /home/ubuntu/ros2_ws/src/sam_bot_nav2_gz/install/sam_bot_nav2_gz/share/sam_bot_nav2_gz/cmake/sam_bot_nav2_gzConfig-version.cmake\n'}
[0.144837] (sam_bot_nav2_gz) StdoutLine: {'line': b'-- Up-to-date: /home/ubuntu/ros2_ws/src/sam_bot_nav2_gz/install/sam_bot_nav2_gz/share/sam_bot_nav2_gz/package.xml\n'}
[0.144962] (sam_bot_nav2_gz) CommandEnded: {'returncode': 0}
[0.199477] (-) TimerEvent: {}
[0.273840] (sam_bot_nav2_gz) JobEnded: {'identifier': 'sam_bot_nav2_gz', 'rc': 0}
[0.274435] (-) EventReactorShutdown: {}
