[0.000000] (-) TimerEvent: {}
[0.000133] (sam_bot_nav2_gz) JobQueued: {'identifier': 'sam_bot_nav2_gz', 'dependencies': OrderedDict()}
[0.000162] (sam_bot_nav2_gz) JobStarted: {'identifier': 'sam_bot_nav2_gz'}
[0.052702] (sam_bot_nav2_gz) JobProgress: {'identifier': 'sam_bot_nav2_gz', 'progress': 'cmake'}
[0.054481] (sam_bot_nav2_gz) JobProgress: {'identifier': 'sam_bot_nav2_gz', 'progress': 'build'}
[0.054514] (sam_bot_nav2_gz) Command: {'cmd': ['/usr/bin/cmake', '--build', '/home/ubuntu/ros2_ws/src/sam_bot_nav2_gz/build/sam_bot_nav2_gz', '--', '-j8', '-l8'], 'cwd': '/home/ubuntu/ros2_ws/src/sam_bot_nav2_gz/build/sam_bot_nav2_gz', 'env': OrderedDict([('USER', 'ubuntu'), ('XDG_SESSION_TYPE', 'x11'), ('SHLVL', '1'), ('LD_LIBRARY_PATH', '/opt/ros/iron/opt/rviz_ogre_vendor/lib:/opt/ros/iron/lib/x86_64-linux-gnu:/opt/ros/iron/lib'), ('HOME', '/home/ubuntu'), ('DESKTOP_SESSION', 'ubuntu'), ('ROS_PYTHON_VERSION', '3'), ('GNOME_SHELL_SESSION_MODE', 'ubuntu'), ('GTK_MODULES', 'gail:atk-bridge'), ('DBUS_STARTER_BUS_TYPE', 'session'), ('SYSTEMD_EXEC_PID', '2438'), ('DBUS_SESSION_BUS_ADDRESS', 'unix:path=/run/user/999/bus,guid=219499ba78ca900d3edb08d6660c4670'), ('COLORTERM', 'truecolor'), ('IM_CONFIG_PHASE', '1'), ('ROS_DISTRO', 'iron'), ('GTK_IM_MODULE', 'ibus'), ('LOGNAME', 'ubuntu'), ('_', '/usr/bin/colcon'), ('ROS_VERSION', '2'), ('XDG_SESSION_CLASS', 'user'), ('USERNAME', 'ubuntu'), ('TERM', 'xterm-256color'), ('GNOME_DESKTOP_SESSION_ID', 'this-is-deprecated'), ('WINDOWPATH', '2'), ('PATH', '/opt/ros/iron/bin:/usr/local/sbin:/usr/local/bin:/usr/sbin:/usr/bin:/sbin:/bin:/usr/games:/usr/local/games:/snap/bin:/snap/bin'), ('SESSION_MANAGER', 'local/ubuntu:@/tmp/.ICE-unix/2438,unix/ubuntu:/tmp/.ICE-unix/2438'), ('XDG_MENU_PREFIX', 'gnome-'), ('GNOME_TERMINAL_SCREEN', '/org/gnome/Terminal/screen/9b44721b_2748_4e29_b946_58b2fc07fde7'), ('XDG_RUNTIME_DIR', '/run/user/999'), ('DISPLAY', ':0'), ('LANG', 'C.UTF-8'), ('XDG_CURRENT_DESKTOP', 'ubuntu:GNOME'), ('XMODIFIERS', '@im=ibus'), ('XDG_SESSION_DESKTOP', 'ubuntu'), ('XAUTHORITY', '/run/user/999/gdm/Xauthority'), ('GNOME_TERMINAL_SERVICE', ':1.114'), ('SSH_AGENT_LAUNCHER', 'gnome-keyring'), ('SSH_AUTH_SOCK', '/run/user/999/keyring/ssh'), ('AMENT_PREFIX_PATH', '/opt/ros/iron'), ('SHELL', '/bin/bash'), ('QT_ACCESSIBILITY', '1'), ('GDMSESSION', 'ubuntu'), ('GPG_AGENT_INFO', '/run/user/999/gnupg/S.gpg-agent:0:1'), ('ROS_AUTOMATIC_DISCOVERY_RANGE', 'SUBNET'), ('QT_IM_MODULE', 'ibus'), ('PWD', '/home/ubuntu/ros2_ws/src/sam_bot_nav2_gz/build/sam_bot_nav2_gz'), ('XDG_CONFIG_DIRS', '/etc/xdg/xdg-ubuntu:/etc/xdg'), ('DBUS_STARTER_ADDRESS', 'unix:path=/run/user/999/bus,guid=219499ba78ca900d3edb08d6660c4670'), ('XDG_DATA_DIRS', '/usr/share/ubuntu:/usr/share/gnome:/usr/local/share/:/usr/share/:/var/lib/snapd/desktop'), ('PYTHONPATH', '/opt/ros/iron/lib/python3.10/site-packages'), ('COLCON', '1'), ('VTE_VERSION', '6800'), ('CMAKE_PREFIX_PATH', '/opt/ros/iron')]), 'shell': False}
[0.095200] (sam_bot_nav2_gz) CommandEnded: {'returncode': 0}
[0.099462] (-) TimerEvent: {}
[0.113922] (sam_bot_nav2_gz) JobProgress: {'identifier': 'sam_bot_nav2_gz', 'progress': 'install'}
[0.121489] (sam_bot_nav2_gz) Command: {'cmd': ['/usr/bin/cmake', '--install', '/home/ubuntu/ros2_ws/src/sam_bot_nav2_gz/build/sam_bot_nav2_gz'], 'cwd': '/home/ubuntu/ros2_ws/src/sam_bot_nav2_gz/build/sam_bot_nav2_gz', 'env': OrderedDict([('USER', 'ubuntu'), ('XDG_SESSION_TYPE', 'x11'), ('SHLVL', '1'), ('LD_LIBRARY_PATH', '/opt/ros/iron/opt/rviz_ogre_vendor/lib:/opt/ros/iron/lib/x86_64-linux-gnu:/opt/ros/iron/lib'), ('HOME', '/home/ubuntu'), ('DESKTOP_SESSION', 'ubuntu'), ('ROS_PYTHON_VERSION', '3'), ('GNOME_SHELL_SESSION_MODE', 'ubuntu'), ('GTK_MODULES', 'gail:atk-bridge'), ('DBUS_STARTER_BUS_TYPE', 'session'), ('SYSTEMD_EXEC_PID', '2438'), ('DBUS_SESSION_BUS_ADDRESS', 'unix:path=/run/user/999/bus,guid=219499ba78ca900d3edb08d6660c4670'), ('COLORTERM', 'truecolor'), ('IM_CONFIG_PHASE', '1'), ('ROS_DISTRO', 'iron'), ('GTK_IM_MODULE', 'ibus'), ('LOGNAME', 'ubuntu'), ('_', '/usr/bin/colcon'), ('ROS_VERSION', '2'), ('XDG_SESSION_CLASS', 'user'), ('USERNAME', 'ubuntu'), ('TERM', 'xterm-256color'), ('GNOME_DESKTOP_SESSION_ID', 'this-is-deprecated'), ('WINDOWPATH', '2'), ('PATH', '/opt/ros/iron/bin:/usr/local/sbin:/usr/local/bin:/usr/sbin:/usr/bin:/sbin:/bin:/usr/games:/usr/local/games:/snap/bin:/snap/bin'), ('SESSION_MANAGER', 'local/ubuntu:@/tmp/.ICE-unix/2438,unix/ubuntu:/tmp/.ICE-unix/2438'), ('XDG_MENU_PREFIX', 'gnome-'), ('GNOME_TERMINAL_SCREEN', '/org/gnome/Terminal/screen/9b44721b_2748_4e29_b946_58b2fc07fde7'), ('XDG_RUNTIME_DIR', '/run/user/999'), ('DISPLAY', ':0'), ('LANG', 'C.UTF-8'), ('XDG_CURRENT_DESKTOP', 'ubuntu:GNOME'), ('XMODIFIERS', '@im=ibus'), ('XDG_SESSION_DESKTOP', 'ubuntu'), ('XAUTHORITY', '/run/user/999/gdm/Xauthority'), ('GNOME_TERMINAL_SERVICE', ':1.114'), ('SSH_AGENT_LAUNCHER', 'gnome-keyring'), ('SSH_AUTH_SOCK', '/run/user/999/keyring/ssh'), ('AMENT_PREFIX_PATH', '/opt/ros/iron'), ('SHELL', '/bin/bash'), ('QT_ACCESSIBILITY', '1'), ('GDMSESSION', 'ubuntu'), ('GPG_AGENT_INFO', '/run/user/999/gnupg/S.gpg-agent:0:1'), ('ROS_AUTOMATIC_DISCOVERY_RANGE', 'SUBNET'), ('QT_IM_MODULE', 'ibus'), ('PWD', '/home/ubuntu/ros2_ws/src/sam_bot_nav2_gz/build/sam_bot_nav2_gz'), ('XDG_CONFIG_DIRS', '/etc/xdg/xdg-ubuntu:/etc/xdg'), ('DBUS_STARTER_ADDRESS', 'unix:path=/run/user/999/bus,guid=219499ba78ca900d3edb08d6660c4670'), ('XDG_DATA_DIRS', '/usr/share/ubuntu:/usr/share/gnome:/usr/local/share/:/usr/share/:/var/lib/snapd/desktop'), ('PYTHONPATH', '/opt/ros/iron/lib/python3.10/site-packages'), ('COLCON', '1'), ('VTE_VERSION', '6800'), ('CMAKE_PREFIX_PATH', '/opt/ros/iron')]), 'shell': False}
[0.128324] (sam_bot_nav2_gz) StdoutLine: {'line': b'-- Install configuration: ""\n'}
[0.128971] (sam_bot_nav2_gz) StdoutLine: {'line': b'-- Up-to-date: /home/ubuntu/ros2_ws/src/sam_bot_nav2_gz/install/sam_bot_nav2_gz/share/sam_bot_nav2_gz/src\n'}
[0.129393] (sam_bot_nav2_gz) StdoutLine: {'line': b'-- Up-to-date: /home/ubuntu/ros2_ws/src/sam_bot_nav2_gz/install/sam_bot_nav2_gz/share/sam_bot_nav2_gz/src/gz_ros2_control\n'}
[0.129714] (sam_bot_nav2_gz) StdoutLine: {'line': b'-- Up-to-date: /home/ubuntu/ros2_ws/src/sam_bot_nav2_gz/install/sam_bot_nav2_gz/share/sam_bot_nav2_gz/src/gz_ros2_control/gz_ros2_control\n'}
[0.130054] (sam_bot_nav2_gz) StdoutLine: {'line': b'-- Up-to-date: /home/ubuntu/ros2_ws/src/sam_bot_nav2_gz/install/sam_bot_nav2_gz/share/sam_bot_nav2_gz/src/gz_ros2_control/gz_ros2_control/gz_hardware_plugins.xml\n'}
[0.130155] (sam_bot_nav2_gz) StdoutLine: {'line': b'-- Up-to-date: /home/ubuntu/ros2_ws/src/sam_bot_nav2_gz/install/sam_bot_nav2_gz/share/sam_bot_nav2_gz/src/gz_ros2_control/gz_ros2_control/CHANGELOG.rst\n'}
[0.130320] (sam_bot_nav2_gz) StdoutLine: {'line': b'-- Up-to-date: /home/ubuntu/ros2_ws/src/sam_bot_nav2_gz/install/sam_bot_nav2_gz/share/sam_bot_nav2_gz/src/gz_ros2_control/gz_ros2_control/src\n'}
[0.130431] (sam_bot_nav2_gz) StdoutLine: {'line': b'-- Up-to-date: /home/ubuntu/ros2_ws/src/sam_bot_nav2_gz/install/sam_bot_nav2_gz/share/sam_bot_nav2_gz/src/gz_ros2_control/gz_ros2_control/src/gz_ros2_control_plugin.cpp\n'}
[0.130567] (sam_bot_nav2_gz) StdoutLine: {'line': b'-- Up-to-date: /home/ubuntu/ros2_ws/src/sam_bot_nav2_gz/install/sam_bot_nav2_gz/share/sam_bot_nav2_gz/src/gz_ros2_control/gz_ros2_control/src/gz_system.cpp\n'}
[0.130659] (sam_bot_nav2_gz) StdoutLine: {'line': b'-- Up-to-date: /home/ubuntu/ros2_ws/src/sam_bot_nav2_gz/install/sam_bot_nav2_gz/share/sam_bot_nav2_gz/src/gz_ros2_control/gz_ros2_control/CMakeLists.txt\n'}
[0.130746] (sam_bot_nav2_gz) StdoutLine: {'line': b'-- Up-to-date: /home/ubuntu/ros2_ws/src/sam_bot_nav2_gz/install/sam_bot_nav2_gz/share/sam_bot_nav2_gz/src/gz_ros2_control/gz_ros2_control/package.xml\n'}
[0.130848] (sam_bot_nav2_gz) StdoutLine: {'line': b'-- Up-to-date: /home/ubuntu/ros2_ws/src/sam_bot_nav2_gz/install/sam_bot_nav2_gz/share/sam_bot_nav2_gz/src/gz_ros2_control/gz_ros2_control/include\n'}
[0.130939] (sam_bot_nav2_gz) StdoutLine: {'line': b'-- Up-to-date: /home/ubuntu/ros2_ws/src/sam_bot_nav2_gz/install/sam_bot_nav2_gz/share/sam_bot_nav2_gz/src/gz_ros2_control/gz_ros2_control/include/gz_ros2_control\n'}
[0.131142] (sam_bot_nav2_gz) StdoutLine: {'line': b'-- Up-to-date: /home/ubuntu/ros2_ws/src/sam_bot_nav2_gz/install/sam_bot_nav2_gz/share/sam_bot_nav2_gz/src/gz_ros2_control/gz_ros2_control/include/gz_ros2_control/gz_system_interface.hpp\n'}
[0.131246] (sam_bot_nav2_gz) StdoutLine: {'line': b'-- Up-to-date: /home/ubuntu/ros2_ws/src/sam_bot_nav2_gz/install/sam_bot_nav2_gz/share/sam_bot_nav2_gz/src/gz_ros2_control/gz_ros2_control/include/gz_ros2_control/gz_ros2_control_plugin.hpp\n'}
[0.131362] (sam_bot_nav2_gz) StdoutLine: {'line': b'-- Up-to-date: /home/ubuntu/ros2_ws/src/sam_bot_nav2_gz/install/sam_bot_nav2_gz/share/sam_bot_nav2_gz/src/gz_ros2_control/gz_ros2_control/include/gz_ros2_control/gz_system.hpp\n'}
[0.131452] (sam_bot_nav2_gz) StdoutLine: {'line': b'-- Up-to-date: /home/ubuntu/ros2_ws/src/sam_bot_nav2_gz/install/sam_bot_nav2_gz/share/sam_bot_nav2_gz/src/gz_ros2_control/gz_ros2_control/LICENSE\n'}
[0.131540] (sam_bot_nav2_gz) StdoutLine: {'line': b'-- Up-to-date: /home/ubuntu/ros2_ws/src/sam_bot_nav2_gz/install/sam_bot_nav2_gz/share/sam_bot_nav2_gz/src/gz_ros2_control/README.md\n'}
[0.131630] (sam_bot_nav2_gz) StdoutLine: {'line': b'-- Up-to-date: /home/ubuntu/ros2_ws/src/sam_bot_nav2_gz/install/sam_bot_nav2_gz/share/sam_bot_nav2_gz/src/gz_ros2_control/.pre-commit-config.yaml\n'}
[0.131743] (sam_bot_nav2_gz) StdoutLine: {'line': b'-- Up-to-date: /home/ubuntu/ros2_ws/src/sam_bot_nav2_gz/install/sam_bot_nav2_gz/share/sam_bot_nav2_gz/src/gz_ros2_control/.github\n'}
[0.131833] (sam_bot_nav2_gz) StdoutLine: {'line': b'-- Up-to-date: /home/ubuntu/ros2_ws/src/sam_bot_nav2_gz/install/sam_bot_nav2_gz/share/sam_bot_nav2_gz/src/gz_ros2_control/.github/CODEOWNERS\n'}
[0.131932] (sam_bot_nav2_gz) StdoutLine: {'line': b'-- Up-to-date: /home/ubuntu/ros2_ws/src/sam_bot_nav2_gz/install/sam_bot_nav2_gz/share/sam_bot_nav2_gz/src/gz_ros2_control/.github/workflows\n'}
[0.132041] (sam_bot_nav2_gz) StdoutLine: {'line': b'-- Up-to-date: /home/ubuntu/ros2_ws/src/sam_bot_nav2_gz/install/sam_bot_nav2_gz/share/sam_bot_nav2_gz/src/gz_ros2_control/.github/workflows/ci-check-docs.yml\n'}
[0.132133] (sam_bot_nav2_gz) StdoutLine: {'line': b'-- Up-to-date: /home/ubuntu/ros2_ws/src/sam_bot_nav2_gz/install/sam_bot_nav2_gz/share/sam_bot_nav2_gz/src/gz_ros2_control/.github/workflows/triage.yml\n'}
[0.132292] (sam_bot_nav2_gz) StdoutLine: {'line': b'-- Up-to-date: /home/ubuntu/ros2_ws/src/sam_bot_nav2_gz/install/sam_bot_nav2_gz/share/sam_bot_nav2_gz/src/gz_ros2_control/.github/workflows/ci-iron.yaml\n'}
[0.132405] (sam_bot_nav2_gz) StdoutLine: {'line': b'-- Up-to-date: /home/ubuntu/ros2_ws/src/sam_bot_nav2_gz/install/sam_bot_nav2_gz/share/sam_bot_nav2_gz/src/gz_ros2_control/.github/workflows/ci-rolling.yaml\n'}
[0.132495] (sam_bot_nav2_gz) StdoutLine: {'line': b'-- Up-to-date: /home/ubuntu/ros2_ws/src/sam_bot_nav2_gz/install/sam_bot_nav2_gz/share/sam_bot_nav2_gz/src/gz_ros2_control/.github/workflows/ci-format.yaml\n'}
[0.132581] (sam_bot_nav2_gz) StdoutLine: {'line': b'-- Up-to-date: /home/ubuntu/ros2_ws/src/sam_bot_nav2_gz/install/sam_bot_nav2_gz/share/sam_bot_nav2_gz/src/gz_ros2_control/.github/dependabot.yml\n'}
[0.132668] (sam_bot_nav2_gz) StdoutLine: {'line': b'-- Up-to-date: /home/ubuntu/ros2_ws/src/sam_bot_nav2_gz/install/sam_bot_nav2_gz/share/sam_bot_nav2_gz/src/gz_ros2_control/gz_ros2_control_demos\n'}
[0.132802] (sam_bot_nav2_gz) StdoutLine: {'line': b'-- Up-to-date: /home/ubuntu/ros2_ws/src/sam_bot_nav2_gz/install/sam_bot_nav2_gz/share/sam_bot_nav2_gz/src/gz_ros2_control/gz_ros2_control_demos/CHANGELOG.rst\n'}
[0.132890] (sam_bot_nav2_gz) StdoutLine: {'line': b'-- Up-to-date: /home/ubuntu/ros2_ws/src/sam_bot_nav2_gz/install/sam_bot_nav2_gz/share/sam_bot_nav2_gz/src/gz_ros2_control/gz_ros2_control_demos/CMakeLists.txt\n'}
[0.133015] (sam_bot_nav2_gz) StdoutLine: {'line': b'-- Up-to-date: /home/ubuntu/ros2_ws/src/sam_bot_nav2_gz/install/sam_bot_nav2_gz/share/sam_bot_nav2_gz/src/gz_ros2_control/gz_ros2_control_demos/examples\n'}
[0.133140] (sam_bot_nav2_gz) StdoutLine: {'line': b'-- Up-to-date: /home/ubuntu/ros2_ws/src/sam_bot_nav2_gz/install/sam_bot_nav2_gz/share/sam_bot_nav2_gz/src/gz_ros2_control/gz_ros2_control_demos/examples/example_effort.cpp\n'}
[0.133246] (sam_bot_nav2_gz) StdoutLine: {'line': b'-- Up-to-date: /home/ubuntu/ros2_ws/src/sam_bot_nav2_gz/install/sam_bot_nav2_gz/share/sam_bot_nav2_gz/src/gz_ros2_control/gz_ros2_control_demos/examples/example_velocity.cpp\n'}
[0.133336] (sam_bot_nav2_gz) StdoutLine: {'line': b'-- Up-to-date: /home/ubuntu/ros2_ws/src/sam_bot_nav2_gz/install/sam_bot_nav2_gz/share/sam_bot_nav2_gz/src/gz_ros2_control/gz_ros2_control_demos/examples/example_diff_drive.cpp\n'}
[0.133424] (sam_bot_nav2_gz) StdoutLine: {'line': b'-- Up-to-date: /home/ubuntu/ros2_ws/src/sam_bot_nav2_gz/install/sam_bot_nav2_gz/share/sam_bot_nav2_gz/src/gz_ros2_control/gz_ros2_control_demos/examples/example_tricycle_drive.cpp\n'}
[0.133522] (sam_bot_nav2_gz) StdoutLine: {'line': b'-- Up-to-date: /home/ubuntu/ros2_ws/src/sam_bot_nav2_gz/install/sam_bot_nav2_gz/share/sam_bot_nav2_gz/src/gz_ros2_control/gz_ros2_control_demos/examples/example_gripper.cpp\n'}
[0.133635] (sam_bot_nav2_gz) StdoutLine: {'line': b'-- Up-to-date: /home/ubuntu/ros2_ws/src/sam_bot_nav2_gz/install/sam_bot_nav2_gz/share/sam_bot_nav2_gz/src/gz_ros2_control/gz_ros2_control_demos/examples/example_position.cpp\n'}
[0.133749] (sam_bot_nav2_gz) StdoutLine: {'line': b'-- Up-to-date: /home/ubuntu/ros2_ws/src/sam_bot_nav2_gz/install/sam_bot_nav2_gz/share/sam_bot_nav2_gz/src/gz_ros2_control/gz_ros2_control_demos/package.xml\n'}
[0.133837] (sam_bot_nav2_gz) StdoutLine: {'line': b'-- Up-to-date: /home/ubuntu/ros2_ws/src/sam_bot_nav2_gz/install/sam_bot_nav2_gz/share/sam_bot_nav2_gz/src/gz_ros2_control/gz_ros2_control_demos/launch\n'}
[0.133926] (sam_bot_nav2_gz) StdoutLine: {'line': b'-- Up-to-date: /home/ubuntu/ros2_ws/src/sam_bot_nav2_gz/install/sam_bot_nav2_gz/share/sam_bot_nav2_gz/src/gz_ros2_control/gz_ros2_control_demos/launch/cart_example_velocity.launch.py\n'}
[0.134015] (sam_bot_nav2_gz) StdoutLine: {'line': b'-- Up-to-date: /home/ubuntu/ros2_ws/src/sam_bot_nav2_gz/install/sam_bot_nav2_gz/share/sam_bot_nav2_gz/src/gz_ros2_control/gz_ros2_control_demos/launch/cart_example_effort.launch.py\n'}
[0.134124] (sam_bot_nav2_gz) StdoutLine: {'line': b'-- Up-to-date: /home/ubuntu/ros2_ws/src/sam_bot_nav2_gz/install/sam_bot_nav2_gz/share/sam_bot_nav2_gz/src/gz_ros2_control/gz_ros2_control_demos/launch/tricycle_drive_example.launch.py\n'}
[0.134247] (sam_bot_nav2_gz) StdoutLine: {'line': b'-- Up-to-date: /home/ubuntu/ros2_ws/src/sam_bot_nav2_gz/install/sam_bot_nav2_gz/share/sam_bot_nav2_gz/src/gz_ros2_control/gz_ros2_control_demos/launch/diff_drive_example.launch.py\n'}
[0.134351] (sam_bot_nav2_gz) StdoutLine: {'line': b'-- Up-to-date: /home/ubuntu/ros2_ws/src/sam_bot_nav2_gz/install/sam_bot_nav2_gz/share/sam_bot_nav2_gz/src/gz_ros2_control/gz_ros2_control_demos/launch/gripper_mimic_joint_example.launch.py\n'}
[0.134441] (sam_bot_nav2_gz) StdoutLine: {'line': b'-- Up-to-date: /home/ubuntu/ros2_ws/src/sam_bot_nav2_gz/install/sam_bot_nav2_gz/share/sam_bot_nav2_gz/src/gz_ros2_control/gz_ros2_control_demos/launch/cart_example_position.launch.py\n'}
[0.134533] (sam_bot_nav2_gz) StdoutLine: {'line': b'-- Up-to-date: /home/ubuntu/ros2_ws/src/sam_bot_nav2_gz/install/sam_bot_nav2_gz/share/sam_bot_nav2_gz/src/gz_ros2_control/gz_ros2_control_demos/urdf\n'}
[0.134644] (sam_bot_nav2_gz) StdoutLine: {'line': b'-- Up-to-date: /home/ubuntu/ros2_ws/src/sam_bot_nav2_gz/install/sam_bot_nav2_gz/share/sam_bot_nav2_gz/src/gz_ros2_control/gz_ros2_control_demos/urdf/test_cart_position.xacro.urdf\n'}
[0.134773] (sam_bot_nav2_gz) StdoutLine: {'line': b'-- Up-to-date: /home/ubuntu/ros2_ws/src/sam_bot_nav2_gz/install/sam_bot_nav2_gz/share/sam_bot_nav2_gz/src/gz_ros2_control/gz_ros2_control_demos/urdf/test_cart_effort.xacro.urdf\n'}
[0.134874] (sam_bot_nav2_gz) StdoutLine: {'line': b'-- Up-to-date: /home/ubuntu/ros2_ws/src/sam_bot_nav2_gz/install/sam_bot_nav2_gz/share/sam_bot_nav2_gz/src/gz_ros2_control/gz_ros2_control_demos/urdf/test_gripper_mimic_joint.xacro.urdf\n'}
[0.134963] (sam_bot_nav2_gz) StdoutLine: {'line': b'-- Up-to-date: /home/ubuntu/ros2_ws/src/sam_bot_nav2_gz/install/sam_bot_nav2_gz/share/sam_bot_nav2_gz/src/gz_ros2_control/gz_ros2_control_demos/urdf/test_tricycle_drive.xacro.urdf\n'}
[0.135055] (sam_bot_nav2_gz) StdoutLine: {'line': b'-- Up-to-date: /home/ubuntu/ros2_ws/src/sam_bot_nav2_gz/install/sam_bot_nav2_gz/share/sam_bot_nav2_gz/src/gz_ros2_control/gz_ros2_control_demos/urdf/test_diff_drive.xacro.urdf\n'}
[0.135170] (sam_bot_nav2_gz) StdoutLine: {'line': b'-- Up-to-date: /home/ubuntu/ros2_ws/src/sam_bot_nav2_gz/install/sam_bot_nav2_gz/share/sam_bot_nav2_gz/src/gz_ros2_control/gz_ros2_control_demos/urdf/test_cart_velocity.xacro.urdf\n'}
[0.135257] (sam_bot_nav2_gz) StdoutLine: {'line': b'-- Up-to-date: /home/ubuntu/ros2_ws/src/sam_bot_nav2_gz/install/sam_bot_nav2_gz/share/sam_bot_nav2_gz/src/gz_ros2_control/gz_ros2_control_demos/config\n'}
[0.135346] (sam_bot_nav2_gz) StdoutLine: {'line': b'-- Up-to-date: /home/ubuntu/ros2_ws/src/sam_bot_nav2_gz/install/sam_bot_nav2_gz/share/sam_bot_nav2_gz/src/gz_ros2_control/gz_ros2_control_demos/config/gripper_controller.yaml\n'}
[0.135435] (sam_bot_nav2_gz) StdoutLine: {'line': b'-- Up-to-date: /home/ubuntu/ros2_ws/src/sam_bot_nav2_gz/install/sam_bot_nav2_gz/share/sam_bot_nav2_gz/src/gz_ros2_control/gz_ros2_control_demos/config/cart_controller_position.yaml\n'}
[0.135539] (sam_bot_nav2_gz) StdoutLine: {'line': b'-- Up-to-date: /home/ubuntu/ros2_ws/src/sam_bot_nav2_gz/install/sam_bot_nav2_gz/share/sam_bot_nav2_gz/src/gz_ros2_control/gz_ros2_control_demos/config/diff_drive_controller_velocity.yaml\n'}
[0.135628] (sam_bot_nav2_gz) StdoutLine: {'line': b'-- Up-to-date: /home/ubuntu/ros2_ws/src/sam_bot_nav2_gz/install/sam_bot_nav2_gz/share/sam_bot_nav2_gz/src/gz_ros2_control/gz_ros2_control_demos/config/tricycle_drive_controller.yaml\n'}
[0.135715] (sam_bot_nav2_gz) StdoutLine: {'line': b'-- Up-to-date: /home/ubuntu/ros2_ws/src/sam_bot_nav2_gz/install/sam_bot_nav2_gz/share/sam_bot_nav2_gz/src/gz_ros2_control/gz_ros2_control_demos/config/cart_controller_effort.yaml\n'}
[0.135804] (sam_bot_nav2_gz) StdoutLine: {'line': b'-- Up-to-date: /home/ubuntu/ros2_ws/src/sam_bot_nav2_gz/install/sam_bot_nav2_gz/share/sam_bot_nav2_gz/src/gz_ros2_control/gz_ros2_control_demos/config/cart_controller_velocity.yaml\n'}
[0.135920] (sam_bot_nav2_gz) StdoutLine: {'line': b'-- Up-to-date: /home/ubuntu/ros2_ws/src/sam_bot_nav2_gz/install/sam_bot_nav2_gz/share/sam_bot_nav2_gz/src/gz_ros2_control/gz_ros2_control_tests\n'}
[0.136006] (sam_bot_nav2_gz) StdoutLine: {'line': b'-- Up-to-date: /home/ubuntu/ros2_ws/src/sam_bot_nav2_gz/install/sam_bot_nav2_gz/share/sam_bot_nav2_gz/src/gz_ros2_control/gz_ros2_control_tests/CHANGELOG.rst\n'}
[0.136110] (sam_bot_nav2_gz) StdoutLine: {'line': b'-- Up-to-date: /home/ubuntu/ros2_ws/src/sam_bot_nav2_gz/install/sam_bot_nav2_gz/share/sam_bot_nav2_gz/src/gz_ros2_control/gz_ros2_control_tests/src\n'}
[0.136214] (sam_bot_nav2_gz) StdoutLine: {'line': b'-- Up-to-date: /home/ubuntu/ros2_ws/src/sam_bot_nav2_gz/install/sam_bot_nav2_gz/share/sam_bot_nav2_gz/src/gz_ros2_control/gz_ros2_control_tests/src/test_position.cpp\n'}
[0.136303] (sam_bot_nav2_gz) StdoutLine: {'line': b'-- Up-to-date: /home/ubuntu/ros2_ws/src/sam_bot_nav2_gz/install/sam_bot_nav2_gz/share/sam_bot_nav2_gz/src/gz_ros2_control/gz_ros2_control_tests/tests\n'}
[0.136391] (sam_bot_nav2_gz) StdoutLine: {'line': b'-- Up-to-date: /home/ubuntu/ros2_ws/src/sam_bot_nav2_gz/install/sam_bot_nav2_gz/share/sam_bot_nav2_gz/src/gz_ros2_control/gz_ros2_control_tests/tests/CMakeLists.txt\n'}
[0.136499] (sam_bot_nav2_gz) StdoutLine: {'line': b'-- Up-to-date: /home/ubuntu/ros2_ws/src/sam_bot_nav2_gz/install/sam_bot_nav2_gz/share/sam_bot_nav2_gz/src/gz_ros2_control/gz_ros2_control_tests/tests/position_test.py\n'}
[0.136591] (sam_bot_nav2_gz) StdoutLine: {'line': b'-- Up-to-date: /home/ubuntu/ros2_ws/src/sam_bot_nav2_gz/install/sam_bot_nav2_gz/share/sam_bot_nav2_gz/src/gz_ros2_control/gz_ros2_control_tests/CMakeLists.txt\n'}
[0.136678] (sam_bot_nav2_gz) StdoutLine: {'line': b'-- Up-to-date: /home/ubuntu/ros2_ws/src/sam_bot_nav2_gz/install/sam_bot_nav2_gz/share/sam_bot_nav2_gz/src/gz_ros2_control/gz_ros2_control_tests/package.xml\n'}
[0.136787] (sam_bot_nav2_gz) StdoutLine: {'line': b'-- Up-to-date: /home/ubuntu/ros2_ws/src/sam_bot_nav2_gz/install/sam_bot_nav2_gz/share/sam_bot_nav2_gz/src/gz_ros2_control/gz_ros2_control_tests/urdf\n'}
[0.136890] (sam_bot_nav2_gz) StdoutLine: {'line': b'-- Up-to-date: /home/ubuntu/ros2_ws/src/sam_bot_nav2_gz/install/sam_bot_nav2_gz/share/sam_bot_nav2_gz/src/gz_ros2_control/gz_ros2_control_tests/urdf/test_cart_position.xacro.urdf\n'}
[0.136980] (sam_bot_nav2_gz) StdoutLine: {'line': b'-- Up-to-date: /home/ubuntu/ros2_ws/src/sam_bot_nav2_gz/install/sam_bot_nav2_gz/share/sam_bot_nav2_gz/src/gz_ros2_control/gz_ros2_control_tests/config\n'}
[0.137068] (sam_bot_nav2_gz) StdoutLine: {'line': b'-- Up-to-date: /home/ubuntu/ros2_ws/src/sam_bot_nav2_gz/install/sam_bot_nav2_gz/share/sam_bot_nav2_gz/src/gz_ros2_control/gz_ros2_control_tests/config/cart_controller_position.yaml\n'}
[0.137182] (sam_bot_nav2_gz) StdoutLine: {'line': b'-- Up-to-date: /home/ubuntu/ros2_ws/src/sam_bot_nav2_gz/install/sam_bot_nav2_gz/share/sam_bot_nav2_gz/src/gz_ros2_control/Dockerfile\n'}
[0.137270] (sam_bot_nav2_gz) StdoutLine: {'line': b'-- Up-to-date: /home/ubuntu/ros2_ws/src/sam_bot_nav2_gz/install/sam_bot_nav2_gz/share/sam_bot_nav2_gz/src/gz_ros2_control/Dockerfile/Dockerfile\n'}
[0.137359] (sam_bot_nav2_gz) StdoutLine: {'line': b'-- Up-to-date: /home/ubuntu/ros2_ws/src/sam_bot_nav2_gz/install/sam_bot_nav2_gz/share/sam_bot_nav2_gz/src/gz_ros2_control/Dockerfile/entrypoint.sh\n'}
[0.137446] (sam_bot_nav2_gz) StdoutLine: {'line': b'-- Up-to-date: /home/ubuntu/ros2_ws/src/sam_bot_nav2_gz/install/sam_bot_nav2_gz/share/sam_bot_nav2_gz/src/gz_ros2_control/doc\n'}
[0.137554] (sam_bot_nav2_gz) StdoutLine: {'line': b'-- Up-to-date: /home/ubuntu/ros2_ws/src/sam_bot_nav2_gz/install/sam_bot_nav2_gz/share/sam_bot_nav2_gz/src/gz_ros2_control/doc/index.rst\n'}
[0.137650] (sam_bot_nav2_gz) StdoutLine: {'line': b'-- Up-to-date: /home/ubuntu/ros2_ws/src/sam_bot_nav2_gz/install/sam_bot_nav2_gz/share/sam_bot_nav2_gz/src/gz_ros2_control/doc/img\n'}
[0.137828] (sam_bot_nav2_gz) StdoutLine: {'line': b'-- Up-to-date: /home/ubuntu/ros2_ws/src/sam_bot_nav2_gz/install/sam_bot_nav2_gz/share/sam_bot_nav2_gz/src/gz_ros2_control/doc/img/diff_drive.gif\n'}
[0.137939] (sam_bot_nav2_gz) StdoutLine: {'line': b'-- Up-to-date: /home/ubuntu/ros2_ws/src/sam_bot_nav2_gz/install/sam_bot_nav2_gz/share/sam_bot_nav2_gz/src/gz_ros2_control/doc/img/gz_ros2_control.gif\n'}
[0.138047] (sam_bot_nav2_gz) StdoutLine: {'line': b'-- Up-to-date: /home/ubuntu/ros2_ws/src/sam_bot_nav2_gz/install/sam_bot_nav2_gz/share/sam_bot_nav2_gz/src/gz_ros2_control/doc/img/ign_ros2_control.gif\n'}
[0.138146] (sam_bot_nav2_gz) StdoutLine: {'line': b'-- Up-to-date: /home/ubuntu/ros2_ws/src/sam_bot_nav2_gz/install/sam_bot_nav2_gz/share/sam_bot_nav2_gz/src/gz_ros2_control/LICENSE\n'}
[0.138233] (sam_bot_nav2_gz) StdoutLine: {'line': b'-- Up-to-date: /home/ubuntu/ros2_ws/src/sam_bot_nav2_gz/install/sam_bot_nav2_gz/share/sam_bot_nav2_gz/src/gz_ros2_control/.git\n'}
[0.138348] (sam_bot_nav2_gz) StdoutLine: {'line': b'-- Up-to-date: /home/ubuntu/ros2_ws/src/sam_bot_nav2_gz/install/sam_bot_nav2_gz/share/sam_bot_nav2_gz/src/gz_ros2_control/.git/info\n'}
[0.138610] (sam_bot_nav2_gz) StdoutLine: {'line': b'-- Up-to-date: /home/ubuntu/ros2_ws/src/sam_bot_nav2_gz/install/sam_bot_nav2_gz/share/sam_bot_nav2_gz/src/gz_ros2_control/.git/info/exclude\n'}
[0.138726] (sam_bot_nav2_gz) StdoutLine: {'line': b'-- Up-to-date: /home/ubuntu/ros2_ws/src/sam_bot_nav2_gz/install/sam_bot_nav2_gz/share/sam_bot_nav2_gz/src/gz_ros2_control/.git/index\n'}
[0.138816] (sam_bot_nav2_gz) StdoutLine: {'line': b'-- Up-to-date: /home/ubuntu/ros2_ws/src/sam_bot_nav2_gz/install/sam_bot_nav2_gz/share/sam_bot_nav2_gz/src/gz_ros2_control/.git/refs\n'}
[0.138998] (sam_bot_nav2_gz) StdoutLine: {'line': b'-- Up-to-date: /home/ubuntu/ros2_ws/src/sam_bot_nav2_gz/install/sam_bot_nav2_gz/share/sam_bot_nav2_gz/src/gz_ros2_control/.git/refs/heads\n'}
[0.139378] (sam_bot_nav2_gz) StdoutLine: {'line': b'-- Up-to-date: /home/ubuntu/ros2_ws/src/sam_bot_nav2_gz/install/sam_bot_nav2_gz/share/sam_bot_nav2_gz/src/gz_ros2_control/.git/refs/heads/master\n'}
[0.139475] (sam_bot_nav2_gz) StdoutLine: {'line': b'-- Up-to-date: /home/ubuntu/ros2_ws/src/sam_bot_nav2_gz/install/sam_bot_nav2_gz/share/sam_bot_nav2_gz/src/gz_ros2_control/.git/refs/remotes\n'}
[0.139731] (sam_bot_nav2_gz) StdoutLine: {'line': b'-- Up-to-date: /home/ubuntu/ros2_ws/src/sam_bot_nav2_gz/install/sam_bot_nav2_gz/share/sam_bot_nav2_gz/src/gz_ros2_control/.git/refs/remotes/origin\n'}
[0.140075] (sam_bot_nav2_gz) StdoutLine: {'line': b'-- Up-to-date: /home/ubuntu/ros2_ws/src/sam_bot_nav2_gz/install/sam_bot_nav2_gz/share/sam_bot_nav2_gz/src/gz_ros2_control/.git/refs/remotes/origin/HEAD\n'}
[0.140170] (sam_bot_nav2_gz) StdoutLine: {'line': b'-- Up-to-date: /home/ubuntu/ros2_ws/src/sam_bot_nav2_gz/install/sam_bot_nav2_gz/share/sam_bot_nav2_gz/src/gz_ros2_control/.git/refs/tags\n'}
[0.140283] (sam_bot_nav2_gz) StdoutLine: {'line': b'-- Up-to-date: /home/ubuntu/ros2_ws/src/sam_bot_nav2_gz/install/sam_bot_nav2_gz/share/sam_bot_nav2_gz/src/gz_ros2_control/.git/branches\n'}
[0.140520] (sam_bot_nav2_gz) StdoutLine: {'line': b'-- Up-to-date: /home/ubuntu/ros2_ws/src/sam_bot_nav2_gz/install/sam_bot_nav2_gz/share/sam_bot_nav2_gz/src/gz_ros2_control/.git/description\n'}
[0.140634] (sam_bot_nav2_gz) StdoutLine: {'line': b'-- Up-to-date: /home/ubuntu/ros2_ws/src/sam_bot_nav2_gz/install/sam_bot_nav2_gz/share/sam_bot_nav2_gz/src/gz_ros2_control/.git/HEAD\n'}
[0.140724] (sam_bot_nav2_gz) StdoutLine: {'line': b'-- Up-to-date: /home/ubuntu/ros2_ws/src/sam_bot_nav2_gz/install/sam_bot_nav2_gz/share/sam_bot_nav2_gz/src/gz_ros2_control/.git/logs\n'}
[0.140882] (sam_bot_nav2_gz) StdoutLine: {'line': b'-- Up-to-date: /home/ubuntu/ros2_ws/src/sam_bot_nav2_gz/install/sam_bot_nav2_gz/share/sam_bot_nav2_gz/src/gz_ros2_control/.git/logs/refs\n'}
[0.141201] (sam_bot_nav2_gz) StdoutLine: {'line': b'-- Up-to-date: /home/ubuntu/ros2_ws/src/sam_bot_nav2_gz/install/sam_bot_nav2_gz/share/sam_bot_nav2_gz/src/gz_ros2_control/.git/logs/refs/heads\n'}
[0.141483] (sam_bot_nav2_gz) StdoutLine: {'line': b'-- Up-to-date: /home/ubuntu/ros2_ws/src/sam_bot_nav2_gz/install/sam_bot_nav2_gz/share/sam_bot_nav2_gz/src/gz_ros2_control/.git/logs/refs/heads/master\n'}
[0.141575] (sam_bot_nav2_gz) StdoutLine: {'line': b'-- Up-to-date: /home/ubuntu/ros2_ws/src/sam_bot_nav2_gz/install/sam_bot_nav2_gz/share/sam_bot_nav2_gz/src/gz_ros2_control/.git/logs/refs/remotes\n'}
[0.141836] (sam_bot_nav2_gz) StdoutLine: {'line': b'-- Up-to-date: /home/ubuntu/ros2_ws/src/sam_bot_nav2_gz/install/sam_bot_nav2_gz/share/sam_bot_nav2_gz/src/gz_ros2_control/.git/logs/refs/remotes/origin\n'}
[0.142184] (sam_bot_nav2_gz) StdoutLine: {'line': b'-- Up-to-date: /home/ubuntu/ros2_ws/src/sam_bot_nav2_gz/install/sam_bot_nav2_gz/share/sam_bot_nav2_gz/src/gz_ros2_control/.git/logs/refs/remotes/origin/HEAD\n'}
[0.142302] (sam_bot_nav2_gz) StdoutLine: {'line': b'-- Up-to-date: /home/ubuntu/ros2_ws/src/sam_bot_nav2_gz/install/sam_bot_nav2_gz/share/sam_bot_nav2_gz/src/gz_ros2_control/.git/logs/HEAD\n'}
[0.142392] (sam_bot_nav2_gz) StdoutLine: {'line': b'-- Up-to-date: /home/ubuntu/ros2_ws/src/sam_bot_nav2_gz/install/sam_bot_nav2_gz/share/sam_bot_nav2_gz/src/gz_ros2_control/.git/objects\n'}
[0.142524] (sam_bot_nav2_gz) StdoutLine: {'line': b'-- Up-to-date: /home/ubuntu/ros2_ws/src/sam_bot_nav2_gz/install/sam_bot_nav2_gz/share/sam_bot_nav2_gz/src/gz_ros2_control/.git/objects/info\n'}
[0.142706] (sam_bot_nav2_gz) StdoutLine: {'line': b'-- Up-to-date: /home/ubuntu/ros2_ws/src/sam_bot_nav2_gz/install/sam_bot_nav2_gz/share/sam_bot_nav2_gz/src/gz_ros2_control/.git/objects/pack\n'}
[0.143032] (sam_bot_nav2_gz) StdoutLine: {'line': b'-- Up-to-date: /home/ubuntu/ros2_ws/src/sam_bot_nav2_gz/install/sam_bot_nav2_gz/share/sam_bot_nav2_gz/src/gz_ros2_control/.git/objects/pack/pack-1614c82e57c8d45d0a5c18e9bd6d8fc842d8c5ac.idx\n'}
[0.143148] (sam_bot_nav2_gz) StdoutLine: {'line': b'-- Up-to-date: /home/ubuntu/ros2_ws/src/sam_bot_nav2_gz/install/sam_bot_nav2_gz/share/sam_bot_nav2_gz/src/gz_ros2_control/.git/objects/pack/pack-1614c82e57c8d45d0a5c18e9bd6d8fc842d8c5ac.pack\n'}
[0.143245] (sam_bot_nav2_gz) StdoutLine: {'line': b'-- Up-to-date: /home/ubuntu/ros2_ws/src/sam_bot_nav2_gz/install/sam_bot_nav2_gz/share/sam_bot_nav2_gz/src/gz_ros2_control/.git/hooks\n'}
[0.143517] (sam_bot_nav2_gz) StdoutLine: {'line': b'-- Up-to-date: /home/ubuntu/ros2_ws/src/sam_bot_nav2_gz/install/sam_bot_nav2_gz/share/sam_bot_nav2_gz/src/gz_ros2_control/.git/hooks/prepare-commit-msg.sample\n'}
[0.143610] (sam_bot_nav2_gz) StdoutLine: {'line': b'-- Up-to-date: /home/ubuntu/ros2_ws/src/sam_bot_nav2_gz/install/sam_bot_nav2_gz/share/sam_bot_nav2_gz/src/gz_ros2_control/.git/hooks/pre-rebase.sample\n'}
[0.143773] (sam_bot_nav2_gz) StdoutLine: {'line': b'-- Up-to-date: /home/ubuntu/ros2_ws/src/sam_bot_nav2_gz/install/sam_bot_nav2_gz/share/sam_bot_nav2_gz/src/gz_ros2_control/.git/hooks/push-to-checkout.sample\n'}
[0.143953] (sam_bot_nav2_gz) StdoutLine: {'line': b'-- Up-to-date: /home/ubuntu/ros2_ws/src/sam_bot_nav2_gz/install/sam_bot_nav2_gz/share/sam_bot_nav2_gz/src/gz_ros2_control/.git/hooks/pre-receive.sample\n'}
[0.144072] (sam_bot_nav2_gz) StdoutLine: {'line': b'-- Up-to-date: /home/ubuntu/ros2_ws/src/sam_bot_nav2_gz/install/sam_bot_nav2_gz/share/sam_bot_nav2_gz/src/gz_ros2_control/.git/hooks/commit-msg.sample\n'}
[0.144162] (sam_bot_nav2_gz) StdoutLine: {'line': b'-- Up-to-date: /home/ubuntu/ros2_ws/src/sam_bot_nav2_gz/install/sam_bot_nav2_gz/share/sam_bot_nav2_gz/src/gz_ros2_control/.git/hooks/pre-merge-commit.sample\n'}
[0.144264] (sam_bot_nav2_gz) StdoutLine: {'line': b'-- Up-to-date: /home/ubuntu/ros2_ws/src/sam_bot_nav2_gz/install/sam_bot_nav2_gz/share/sam_bot_nav2_gz/src/gz_ros2_control/.git/hooks/fsmonitor-watchman.sample\n'}
[0.144348] (sam_bot_nav2_gz) StdoutLine: {'line': b'-- Up-to-date: /home/ubuntu/ros2_ws/src/sam_bot_nav2_gz/install/sam_bot_nav2_gz/share/sam_bot_nav2_gz/src/gz_ros2_control/.git/hooks/applypatch-msg.sample\n'}
[0.144443] (sam_bot_nav2_gz) StdoutLine: {'line': b'-- Up-to-date: /home/ubuntu/ros2_ws/src/sam_bot_nav2_gz/install/sam_bot_nav2_gz/share/sam_bot_nav2_gz/src/gz_ros2_control/.git/hooks/pre-commit.sample\n'}
[0.144527] (sam_bot_nav2_gz) StdoutLine: {'line': b'-- Up-to-date: /home/ubuntu/ros2_ws/src/sam_bot_nav2_gz/install/sam_bot_nav2_gz/share/sam_bot_nav2_gz/src/gz_ros2_control/.git/hooks/update.sample\n'}
[0.144615] (sam_bot_nav2_gz) StdoutLine: {'line': b'-- Up-to-date: /home/ubuntu/ros2_ws/src/sam_bot_nav2_gz/install/sam_bot_nav2_gz/share/sam_bot_nav2_gz/src/gz_ros2_control/.git/hooks/pre-applypatch.sample\n'}
[0.144730] (sam_bot_nav2_gz) StdoutLine: {'line': b'-- Up-to-date: /home/ubuntu/ros2_ws/src/sam_bot_nav2_gz/install/sam_bot_nav2_gz/share/sam_bot_nav2_gz/src/gz_ros2_control/.git/hooks/pre-push.sample\n'}
[0.144819] (sam_bot_nav2_gz) StdoutLine: {'line': b'-- Up-to-date: /home/ubuntu/ros2_ws/src/sam_bot_nav2_gz/install/sam_bot_nav2_gz/share/sam_bot_nav2_gz/src/gz_ros2_control/.git/hooks/post-update.sample\n'}
[0.144923] (sam_bot_nav2_gz) StdoutLine: {'line': b'-- Up-to-date: /home/ubuntu/ros2_ws/src/sam_bot_nav2_gz/install/sam_bot_nav2_gz/share/sam_bot_nav2_gz/src/gz_ros2_control/.git/config\n'}
[0.145012] (sam_bot_nav2_gz) StdoutLine: {'line': b'-- Up-to-date: /home/ubuntu/ros2_ws/src/sam_bot_nav2_gz/install/sam_bot_nav2_gz/share/sam_bot_nav2_gz/src/gz_ros2_control/.git/packed-refs\n'}
[0.145099] (sam_bot_nav2_gz) StdoutLine: {'line': b'-- Up-to-date: /home/ubuntu/ros2_ws/src/sam_bot_nav2_gz/install/sam_bot_nav2_gz/share/sam_bot_nav2_gz/src/description\n'}
[0.145188] (sam_bot_nav2_gz) StdoutLine: {'line': b'-- Installing: /home/ubuntu/ros2_ws/src/sam_bot_nav2_gz/install/sam_bot_nav2_gz/share/sam_bot_nav2_gz/src/description/sam_bot_description.urdf\n'}
[0.145321] (sam_bot_nav2_gz) StdoutLine: {'line': b'-- Installing: /home/ubuntu/ros2_ws/src/sam_bot_nav2_gz/install/sam_bot_nav2_gz/share/sam_bot_nav2_gz/src/description/sam_bot_description_ros2_control.urdf\n'}
[0.145424] (sam_bot_nav2_gz) StdoutLine: {'line': b'-- Up-to-date: /home/ubuntu/ros2_ws/src/sam_bot_nav2_gz/install/sam_bot_nav2_gz/share/sam_bot_nav2_gz/src/nav2_bringup\n'}
[0.145521] (sam_bot_nav2_gz) StdoutLine: {'line': b'-- Up-to-date: /home/ubuntu/ros2_ws/src/sam_bot_nav2_gz/install/sam_bot_nav2_gz/share/sam_bot_nav2_gz/src/nav2_bringup/rviz\n'}
[0.145607] (sam_bot_nav2_gz) StdoutLine: {'line': b'-- Up-to-date: /home/ubuntu/ros2_ws/src/sam_bot_nav2_gz/install/sam_bot_nav2_gz/share/sam_bot_nav2_gz/src/nav2_bringup/rviz/nav2_namespaced_view.rviz\n'}
[0.145723] (sam_bot_nav2_gz) StdoutLine: {'line': b'-- Up-to-date: /home/ubuntu/ros2_ws/src/sam_bot_nav2_gz/install/sam_bot_nav2_gz/share/sam_bot_nav2_gz/src/nav2_bringup/rviz/nav2_default_view.rviz\n'}
[0.145848] (sam_bot_nav2_gz) StdoutLine: {'line': b'-- Up-to-date: /home/ubuntu/ros2_ws/src/sam_bot_nav2_gz/install/sam_bot_nav2_gz/share/sam_bot_nav2_gz/src/nav2_bringup/README.md\n'}
[0.145937] (sam_bot_nav2_gz) StdoutLine: {'line': b'-- Up-to-date: /home/ubuntu/ros2_ws/src/sam_bot_nav2_gz/install/sam_bot_nav2_gz/share/sam_bot_nav2_gz/src/nav2_bringup/frames_2024-02-13_13.03.26.pdf\n'}
[0.146031] (sam_bot_nav2_gz) StdoutLine: {'line': b'-- Up-to-date: /home/ubuntu/ros2_ws/src/sam_bot_nav2_gz/install/sam_bot_nav2_gz/share/sam_bot_nav2_gz/src/nav2_bringup/CHANGELOG.rst\n'}
[0.146121] (sam_bot_nav2_gz) StdoutLine: {'line': b'-- Up-to-date: /home/ubuntu/ros2_ws/src/sam_bot_nav2_gz/install/sam_bot_nav2_gz/share/sam_bot_nav2_gz/src/nav2_bringup/worlds\n'}
[0.146268] (sam_bot_nav2_gz) StdoutLine: {'line': b'-- Up-to-date: /home/ubuntu/ros2_ws/src/sam_bot_nav2_gz/install/sam_bot_nav2_gz/share/sam_bot_nav2_gz/src/nav2_bringup/worlds/waffle.model\n'}
[0.146358] (sam_bot_nav2_gz) StdoutLine: {'line': b'-- Up-to-date: /home/ubuntu/ros2_ws/src/sam_bot_nav2_gz/install/sam_bot_nav2_gz/share/sam_bot_nav2_gz/src/nav2_bringup/worlds/world_only.model\n'}
[0.146445] (sam_bot_nav2_gz) StdoutLine: {'line': b'-- Up-to-date: /home/ubuntu/ros2_ws/src/sam_bot_nav2_gz/install/sam_bot_nav2_gz/share/sam_bot_nav2_gz/src/nav2_bringup/frames_2024-02-13_13.03.26.gv\n'}
[0.146534] (sam_bot_nav2_gz) StdoutLine: {'line': b'-- Up-to-date: /home/ubuntu/ros2_ws/src/sam_bot_nav2_gz/install/sam_bot_nav2_gz/share/sam_bot_nav2_gz/src/nav2_bringup/CMakeLists.txt\n'}
[0.146673] (sam_bot_nav2_gz) StdoutLine: {'line': b'-- Up-to-date: /home/ubuntu/ros2_ws/src/sam_bot_nav2_gz/install/sam_bot_nav2_gz/share/sam_bot_nav2_gz/src/nav2_bringup/maps\n'}
[0.146777] (sam_bot_nav2_gz) StdoutLine: {'line': b'-- Up-to-date: /home/ubuntu/ros2_ws/src/sam_bot_nav2_gz/install/sam_bot_nav2_gz/share/sam_bot_nav2_gz/src/nav2_bringup/maps/turtlebot3_world.yaml\n'}
[0.146866] (sam_bot_nav2_gz) StdoutLine: {'line': b'-- Up-to-date: /home/ubuntu/ros2_ws/src/sam_bot_nav2_gz/install/sam_bot_nav2_gz/share/sam_bot_nav2_gz/src/nav2_bringup/maps/turtlebot3_world.pgm\n'}
[0.146954] (sam_bot_nav2_gz) StdoutLine: {'line': b'-- Up-to-date: /home/ubuntu/ros2_ws/src/sam_bot_nav2_gz/install/sam_bot_nav2_gz/share/sam_bot_nav2_gz/src/nav2_bringup/package.xml\n'}
[0.147071] (sam_bot_nav2_gz) StdoutLine: {'line': b'-- Up-to-date: /home/ubuntu/ros2_ws/src/sam_bot_nav2_gz/install/sam_bot_nav2_gz/share/sam_bot_nav2_gz/src/nav2_bringup/params\n'}
[0.147222] (sam_bot_nav2_gz) StdoutLine: {'line': b'-- Up-to-date: /home/ubuntu/ros2_ws/src/sam_bot_nav2_gz/install/sam_bot_nav2_gz/share/sam_bot_nav2_gz/src/nav2_bringup/params/nav2_params.yaml\n'}
[0.147339] (sam_bot_nav2_gz) StdoutLine: {'line': b'-- Up-to-date: /home/ubuntu/ros2_ws/src/sam_bot_nav2_gz/install/sam_bot_nav2_gz/share/sam_bot_nav2_gz/src/nav2_bringup/params/nav2_multirobot_params_2.yaml\n'}
[0.147429] (sam_bot_nav2_gz) StdoutLine: {'line': b'-- Up-to-date: /home/ubuntu/ros2_ws/src/sam_bot_nav2_gz/install/sam_bot_nav2_gz/share/sam_bot_nav2_gz/src/nav2_bringup/params/nav2_multirobot_params_all.yaml\n'}
[0.147517] (sam_bot_nav2_gz) StdoutLine: {'line': b'-- Up-to-date: /home/ubuntu/ros2_ws/src/sam_bot_nav2_gz/install/sam_bot_nav2_gz/share/sam_bot_nav2_gz/src/nav2_bringup/params/nav2_multirobot_params_1.yaml\n'}
[0.147632] (sam_bot_nav2_gz) StdoutLine: {'line': b'-- Up-to-date: /home/ubuntu/ros2_ws/src/sam_bot_nav2_gz/install/sam_bot_nav2_gz/share/sam_bot_nav2_gz/src/nav2_bringup/launch\n'}
[0.147723] (sam_bot_nav2_gz) StdoutLine: {'line': b'-- Up-to-date: /home/ubuntu/ros2_ws/src/sam_bot_nav2_gz/install/sam_bot_nav2_gz/share/sam_bot_nav2_gz/src/nav2_bringup/launch/localization_launch.py\n'}
[0.147812] (sam_bot_nav2_gz) StdoutLine: {'line': b'-- Up-to-date: /home/ubuntu/ros2_ws/src/sam_bot_nav2_gz/install/sam_bot_nav2_gz/share/sam_bot_nav2_gz/src/nav2_bringup/launch/rviz_launch.py\n'}
[0.147957] (sam_bot_nav2_gz) StdoutLine: {'line': b'-- Up-to-date: /home/ubuntu/ros2_ws/src/sam_bot_nav2_gz/install/sam_bot_nav2_gz/share/sam_bot_nav2_gz/src/nav2_bringup/launch/bringup_launch.py\n'}
[0.148042] (sam_bot_nav2_gz) StdoutLine: {'line': b'-- Up-to-date: /home/ubuntu/ros2_ws/src/sam_bot_nav2_gz/install/sam_bot_nav2_gz/share/sam_bot_nav2_gz/src/nav2_bringup/launch/unique_multi_tb3_simulation_launch.py\n'}
[0.148126] (sam_bot_nav2_gz) StdoutLine: {'line': b'-- Up-to-date: /home/ubuntu/ros2_ws/src/sam_bot_nav2_gz/install/sam_bot_nav2_gz/share/sam_bot_nav2_gz/src/nav2_bringup/launch/cloned_multi_tb3_simulation_launch.py\n'}
[0.148209] (sam_bot_nav2_gz) StdoutLine: {'line': b'-- Up-to-date: /home/ubuntu/ros2_ws/src/sam_bot_nav2_gz/install/sam_bot_nav2_gz/share/sam_bot_nav2_gz/src/nav2_bringup/launch/navigation_launch.py\n'}
[0.148295] (sam_bot_nav2_gz) StdoutLine: {'line': b'-- Up-to-date: /home/ubuntu/ros2_ws/src/sam_bot_nav2_gz/install/sam_bot_nav2_gz/share/sam_bot_nav2_gz/src/nav2_bringup/launch/slam_launch.py\n'}
[0.148397] (sam_bot_nav2_gz) StdoutLine: {'line': b'-- Up-to-date: /home/ubuntu/ros2_ws/src/sam_bot_nav2_gz/install/sam_bot_nav2_gz/share/sam_bot_nav2_gz/src/nav2_bringup/launch/tb3_simulation_launch.py\n'}
[0.148481] (sam_bot_nav2_gz) StdoutLine: {'line': b'-- Up-to-date: /home/ubuntu/ros2_ws/src/sam_bot_nav2_gz/install/sam_bot_nav2_gz/share/sam_bot_nav2_gz/src/nav2_bringup/urdf\n'}
[0.148579] (sam_bot_nav2_gz) StdoutLine: {'line': b'-- Up-to-date: /home/ubuntu/ros2_ws/src/sam_bot_nav2_gz/install/sam_bot_nav2_gz/share/sam_bot_nav2_gz/src/nav2_bringup/urdf/turtlebot3_waffle.urdf\n'}
[0.148663] (sam_bot_nav2_gz) StdoutLine: {'line': b'-- Up-to-date: /home/ubuntu/ros2_ws/src/sam_bot_nav2_gz/install/sam_bot_nav2_gz/share/sam_bot_nav2_gz/scripts\n'}
[0.148773] (sam_bot_nav2_gz) StdoutLine: {'line': b'-- Up-to-date: /home/ubuntu/ros2_ws/src/sam_bot_nav2_gz/install/sam_bot_nav2_gz/share/sam_bot_nav2_gz/scripts/__init__.py\n'}
[0.148857] (sam_bot_nav2_gz) StdoutLine: {'line': b'-- Up-to-date: /home/ubuntu/ros2_ws/src/sam_bot_nav2_gz/install/sam_bot_nav2_gz/share/sam_bot_nav2_gz/scripts/reach_goal.py\n'}
[0.149018] (sam_bot_nav2_gz) StdoutLine: {'line': b'-- Up-to-date: /home/ubuntu/ros2_ws/src/sam_bot_nav2_gz/install/sam_bot_nav2_gz/share/sam_bot_nav2_gz/scripts/follow_waypoints.py\n'}
[0.149108] (sam_bot_nav2_gz) StdoutLine: {'line': b'-- Up-to-date: /home/ubuntu/ros2_ws/src/sam_bot_nav2_gz/install/sam_bot_nav2_gz/share/sam_bot_nav2_gz/launch\n'}
[0.149194] (sam_bot_nav2_gz) StdoutLine: {'line': b'-- Installing: /home/ubuntu/ros2_ws/src/sam_bot_nav2_gz/install/sam_bot_nav2_gz/share/sam_bot_nav2_gz/launch/diff_drive.launch.py\n'}
[0.149305] (sam_bot_nav2_gz) StdoutLine: {'line': b'-- Installing: /home/ubuntu/ros2_ws/src/sam_bot_nav2_gz/install/sam_bot_nav2_gz/share/sam_bot_nav2_gz/launch/display.launch.py\n'}
[0.149389] (sam_bot_nav2_gz) StdoutLine: {'line': b'-- Up-to-date: /home/ubuntu/ros2_ws/src/sam_bot_nav2_gz/install/sam_bot_nav2_gz/share/sam_bot_nav2_gz/launch/tst_diff_drive.launch.py\n'}
[0.149474] (sam_bot_nav2_gz) StdoutLine: {'line': b'-- Up-to-date: /home/ubuntu/ros2_ws/src/sam_bot_nav2_gz/install/sam_bot_nav2_gz/share/sam_bot_nav2_gz/rviz\n'}
[0.149577] (sam_bot_nav2_gz) StdoutLine: {'line': b'-- Up-to-date: /home/ubuntu/ros2_ws/src/sam_bot_nav2_gz/install/sam_bot_nav2_gz/share/sam_bot_nav2_gz/rviz/navigation_config.rviz\n'}
[0.149662] (sam_bot_nav2_gz) StdoutLine: {'line': b'-- Up-to-date: /home/ubuntu/ros2_ws/src/sam_bot_nav2_gz/install/sam_bot_nav2_gz/share/sam_bot_nav2_gz/rviz/urdf_config.rviz\n'}
[0.149766] (sam_bot_nav2_gz) StdoutLine: {'line': b'-- Up-to-date: /home/ubuntu/ros2_ws/src/sam_bot_nav2_gz/install/sam_bot_nav2_gz/share/sam_bot_nav2_gz/config\n'}
[0.149850] (sam_bot_nav2_gz) StdoutLine: {'line': b'-- Installing: /home/ubuntu/ros2_ws/src/sam_bot_nav2_gz/install/sam_bot_nav2_gz/share/sam_bot_nav2_gz/config/nav2_params.yaml\n'}
[0.149950] (sam_bot_nav2_gz) StdoutLine: {'line': b'-- Installing: /home/ubuntu/ros2_ws/src/sam_bot_nav2_gz/install/sam_bot_nav2_gz/share/sam_bot_nav2_gz/config/diff_drive_controller_velocity.yaml\n'}
[0.150053] (sam_bot_nav2_gz) StdoutLine: {'line': b'-- Installing: /home/ubuntu/ros2_ws/src/sam_bot_nav2_gz/install/sam_bot_nav2_gz/share/sam_bot_nav2_gz/config/ros_gz_example_bridge.yaml\n'}
[0.150178] (sam_bot_nav2_gz) StdoutLine: {'line': b'-- Up-to-date: /home/ubuntu/ros2_ws/src/sam_bot_nav2_gz/install/sam_bot_nav2_gz/share/sam_bot_nav2_gz/world\n'}
[0.150269] (sam_bot_nav2_gz) StdoutLine: {'line': b'-- Up-to-date: /home/ubuntu/ros2_ws/src/sam_bot_nav2_gz/install/sam_bot_nav2_gz/share/sam_bot_nav2_gz/world/empty.sdf\n'}
[0.150377] (sam_bot_nav2_gz) StdoutLine: {'line': b'-- Up-to-date: /home/ubuntu/ros2_ws/src/sam_bot_nav2_gz/install/sam_bot_nav2_gz/share/sam_bot_nav2_gz/world/turtlebot3_world.sdf\n'}
[0.150484] (sam_bot_nav2_gz) StdoutLine: {'line': b'-- Up-to-date: /home/ubuntu/ros2_ws/src/sam_bot_nav2_gz/install/sam_bot_nav2_gz/share/sam_bot_nav2_gz/models\n'}
[0.150611] (sam_bot_nav2_gz) StdoutLine: {'line': b'-- Up-to-date: /home/ubuntu/ros2_ws/src/sam_bot_nav2_gz/install/sam_bot_nav2_gz/share/sam_bot_nav2_gz/models/turtlebot3_world\n'}
[0.150698] (sam_bot_nav2_gz) StdoutLine: {'line': b'-- Up-to-date: /home/ubuntu/ros2_ws/src/sam_bot_nav2_gz/install/sam_bot_nav2_gz/share/sam_bot_nav2_gz/models/turtlebot3_world/meshes\n'}
[0.150801] (sam_bot_nav2_gz) StdoutLine: {'line': b'-- Up-to-date: /home/ubuntu/ros2_ws/src/sam_bot_nav2_gz/install/sam_bot_nav2_gz/share/sam_bot_nav2_gz/models/turtlebot3_world/meshes/wall.dae\n'}
[0.150903] (sam_bot_nav2_gz) StdoutLine: {'line': b'-- Up-to-date: /home/ubuntu/ros2_ws/src/sam_bot_nav2_gz/install/sam_bot_nav2_gz/share/sam_bot_nav2_gz/models/turtlebot3_world/meshes/hexagon.dae\n'}
[0.150987] (sam_bot_nav2_gz) StdoutLine: {'line': b'-- Up-to-date: /home/ubuntu/ros2_ws/src/sam_bot_nav2_gz/install/sam_bot_nav2_gz/share/sam_bot_nav2_gz/maps\n'}
[0.151070] (sam_bot_nav2_gz) StdoutLine: {'line': b'-- Up-to-date: /home/ubuntu/ros2_ws/src/sam_bot_nav2_gz/install/sam_bot_nav2_gz/share/sam_bot_nav2_gz/maps/turtlebot3_world.yaml\n'}
[0.151153] (sam_bot_nav2_gz) StdoutLine: {'line': b'-- Up-to-date: /home/ubuntu/ros2_ws/src/sam_bot_nav2_gz/install/sam_bot_nav2_gz/share/sam_bot_nav2_gz/maps/turtlebot3_world.pgm\n'}
[0.151676] (sam_bot_nav2_gz) StdoutLine: {'line': b'-- Up-to-date: /home/ubuntu/ros2_ws/src/sam_bot_nav2_gz/install/sam_bot_nav2_gz/lib/sam_bot_nav2_gz/reach_goal.py\n'}
[0.151781] (sam_bot_nav2_gz) StdoutLine: {'line': b'-- Up-to-date: /home/ubuntu/ros2_ws/src/sam_bot_nav2_gz/install/sam_bot_nav2_gz/lib/sam_bot_nav2_gz/follow_waypoints.py\n'}
[0.152275] (sam_bot_nav2_gz) StdoutLine: {'line': b'-- Up-to-date: /home/ubuntu/ros2_ws/src/sam_bot_nav2_gz/install/sam_bot_nav2_gz/share/ament_index/resource_index/package_run_dependencies/sam_bot_nav2_gz\n'}
[0.152424] (sam_bot_nav2_gz) StdoutLine: {'line': b'-- Up-to-date: /home/ubuntu/ros2_ws/src/sam_bot_nav2_gz/install/sam_bot_nav2_gz/share/ament_index/resource_index/parent_prefix_path/sam_bot_nav2_gz\n'}
[0.152582] (sam_bot_nav2_gz) StdoutLine: {'line': b'-- Up-to-date: /home/ubuntu/ros2_ws/src/sam_bot_nav2_gz/install/sam_bot_nav2_gz/share/sam_bot_nav2_gz/environment/ament_prefix_path.sh\n'}
[0.152669] (sam_bot_nav2_gz) StdoutLine: {'line': b'-- Up-to-date: /home/ubuntu/ros2_ws/src/sam_bot_nav2_gz/install/sam_bot_nav2_gz/share/sam_bot_nav2_gz/environment/ament_prefix_path.dsv\n'}
[0.152790] (sam_bot_nav2_gz) StdoutLine: {'line': b'-- Up-to-date: /home/ubuntu/ros2_ws/src/sam_bot_nav2_gz/install/sam_bot_nav2_gz/share/sam_bot_nav2_gz/environment/path.sh\n'}
[0.152920] (sam_bot_nav2_gz) StdoutLine: {'line': b'-- Up-to-date: /home/ubuntu/ros2_ws/src/sam_bot_nav2_gz/install/sam_bot_nav2_gz/share/sam_bot_nav2_gz/environment/path.dsv\n'}
[0.153021] (sam_bot_nav2_gz) StdoutLine: {'line': b'-- Up-to-date: /home/ubuntu/ros2_ws/src/sam_bot_nav2_gz/install/sam_bot_nav2_gz/share/sam_bot_nav2_gz/local_setup.bash\n'}
[0.153114] (sam_bot_nav2_gz) StdoutLine: {'line': b'-- Up-to-date: /home/ubuntu/ros2_ws/src/sam_bot_nav2_gz/install/sam_bot_nav2_gz/share/sam_bot_nav2_gz/local_setup.sh\n'}
[0.153204] (sam_bot_nav2_gz) StdoutLine: {'line': b'-- Up-to-date: /home/ubuntu/ros2_ws/src/sam_bot_nav2_gz/install/sam_bot_nav2_gz/share/sam_bot_nav2_gz/local_setup.zsh\n'}
[0.153290] (sam_bot_nav2_gz) StdoutLine: {'line': b'-- Up-to-date: /home/ubuntu/ros2_ws/src/sam_bot_nav2_gz/install/sam_bot_nav2_gz/share/sam_bot_nav2_gz/local_setup.dsv\n'}
[0.153377] (sam_bot_nav2_gz) StdoutLine: {'line': b'-- Installing: /home/ubuntu/ros2_ws/src/sam_bot_nav2_gz/install/sam_bot_nav2_gz/share/sam_bot_nav2_gz/package.dsv\n'}
[0.153510] (sam_bot_nav2_gz) StdoutLine: {'line': b'-- Up-to-date: /home/ubuntu/ros2_ws/src/sam_bot_nav2_gz/install/sam_bot_nav2_gz/share/ament_index/resource_index/packages/sam_bot_nav2_gz\n'}
[0.153915] (sam_bot_nav2_gz) StdoutLine: {'line': b'-- Up-to-date: /home/ubuntu/ros2_ws/src/sam_bot_nav2_gz/install/sam_bot_nav2_gz/share/sam_bot_nav2_gz/cmake/sam_bot_nav2_gzConfig.cmake\n'}
[0.154031] (sam_bot_nav2_gz) StdoutLine: {'line': b'-- Up-to-date: /home/ubuntu/ros2_ws/src/sam_bot_nav2_gz/install/sam_bot_nav2_gz/share/sam_bot_nav2_gz/cmake/sam_bot_nav2_gzConfig-version.cmake\n'}
[0.154116] (sam_bot_nav2_gz) StdoutLine: {'line': b'-- Up-to-date: /home/ubuntu/ros2_ws/src/sam_bot_nav2_gz/install/sam_bot_nav2_gz/share/sam_bot_nav2_gz/package.xml\n'}
[0.155689] (sam_bot_nav2_gz) CommandEnded: {'returncode': 0}
[0.199710] (-) TimerEvent: {}
[0.289785] (sam_bot_nav2_gz) JobEnded: {'identifier': 'sam_bot_nav2_gz', 'rc': 0}
[0.290321] (-) EventReactorShutdown: {}
