[0.000000] (-) TimerEvent: {}
[0.000098] (sam_bot_nav2_gz) JobQueued: {'identifier': 'sam_bot_nav2_gz', 'dependencies': OrderedDict()}
[0.000125] (sam_bot_nav2_gz) JobStarted: {'identifier': 'sam_bot_nav2_gz'}
[0.063809] (sam_bot_nav2_gz) JobProgress: {'identifier': 'sam_bot_nav2_gz', 'progress': 'cmake'}
[0.064744] (sam_bot_nav2_gz) JobProgress: {'identifier': 'sam_bot_nav2_gz', 'progress': 'build'}
[0.064776] (sam_bot_nav2_gz) Command: {'cmd': ['/usr/bin/cmake', '--build', '/home/ubuntu/ros2_ws/src/sam_bot_nav2_gz/build/sam_bot_nav2_gz', '--', '-j8', '-l8'], 'cwd': '/home/ubuntu/ros2_ws/src/sam_bot_nav2_gz/build/sam_bot_nav2_gz', 'env': OrderedDict([('USER', 'ubuntu'), ('XDG_SESSION_TYPE', 'x11'), ('SHLVL', '1'), ('LD_LIBRARY_PATH', '/opt/ros/iron/opt/rviz_ogre_vendor/lib:/opt/ros/iron/lib/x86_64-linux-gnu:/opt/ros/iron/lib'), ('HOME', '/home/ubuntu'), ('DESKTOP_SESSION', 'ubuntu'), ('ROS_PYTHON_VERSION', '3'), ('GNOME_SHELL_SESSION_MODE', 'ubuntu'), ('GTK_MODULES', 'gail:atk-bridge'), ('DBUS_STARTER_BUS_TYPE', 'session'), ('SYSTEMD_EXEC_PID', '2428'), ('DBUS_SESSION_BUS_ADDRESS', 'unix:path=/run/user/999/bus,guid=029e0f4fc8d61d8d3d98334166030c5e'), ('COLORTERM', 'truecolor'), ('IM_CONFIG_PHASE', '1'), ('COLCON_PREFIX_PATH', '/home/ubuntu/ros2_ws/src/sam_bot_nav2_gz/install'), ('ROS_DISTRO', 'iron'), ('GTK_IM_MODULE', 'ibus'), ('LOGNAME', 'ubuntu'), ('_', '/usr/bin/colcon'), ('ROS_VERSION', '2'), ('XDG_SESSION_CLASS', 'user'), ('USERNAME', 'ubuntu'), ('TERM', 'xterm-256color'), ('GNOME_DESKTOP_SESSION_ID', 'this-is-deprecated'), ('WINDOWPATH', '2'), ('PATH', '/opt/ros/iron/bin:/usr/local/sbin:/usr/local/bin:/usr/sbin:/usr/bin:/sbin:/bin:/usr/games:/usr/local/games:/snap/bin:/snap/bin'), ('SESSION_MANAGER', 'local/ubuntu:@/tmp/.ICE-unix/2428,unix/ubuntu:/tmp/.ICE-unix/2428'), ('XDG_MENU_PREFIX', 'gnome-'), ('GNOME_TERMINAL_SCREEN', '/org/gnome/Terminal/screen/da8bab79_5b1a_469b_9233_be305817c907'), ('XDG_RUNTIME_DIR', '/run/user/999'), ('DISPLAY', ':0'), ('LANG', 'C.UTF-8'), ('XDG_CURRENT_DESKTOP', 'ubuntu:GNOME'), ('XMODIFIERS', '@im=ibus'), ('XDG_SESSION_DESKTOP', 'ubuntu'), ('XAUTHORITY', '/run/user/999/gdm/Xauthority'), ('GNOME_TERMINAL_SERVICE', ':1.115'), ('SSH_AGENT_LAUNCHER', 'gnome-keyring'), ('SSH_AUTH_SOCK', '/run/user/999/keyring/ssh'), ('AMENT_PREFIX_PATH', '/home/ubuntu/ros2_ws/src/sam_bot_nav2_gz/install/sam_bot_nav2_gz:/opt/ros/iron'), ('SHELL', '/bin/bash'), ('QT_ACCESSIBILITY', '1'), ('GDMSESSION', 'ubuntu'), ('GPG_AGENT_INFO', '/run/user/999/gnupg/S.gpg-agent:0:1'), ('ROS_AUTOMATIC_DISCOVERY_RANGE', 'SUBNET'), ('QT_IM_MODULE', 'ibus'), ('PWD', '/home/ubuntu/ros2_ws/src/sam_bot_nav2_gz/build/sam_bot_nav2_gz'), ('XDG_CONFIG_DIRS', '/etc/xdg/xdg-ubuntu:/etc/xdg'), ('DBUS_STARTER_ADDRESS', 'unix:path=/run/user/999/bus,guid=029e0f4fc8d61d8d3d98334166030c5e'), ('XDG_DATA_DIRS', '/usr/share/ubuntu:/usr/share/gnome:/usr/local/share/:/usr/share/:/var/lib/snapd/desktop'), ('PYTHONPATH', '/opt/ros/iron/lib/python3.10/site-packages'), ('COLCON', '1'), ('VTE_VERSION', '6800'), ('CMAKE_PREFIX_PATH', '/home/ubuntu/ros2_ws/src/sam_bot_nav2_gz/install/sam_bot_nav2_gz:/opt/ros/iron')]), 'shell': False}
[0.098603] (sam_bot_nav2_gz) CommandEnded: {'returncode': 0}
[0.099569] (-) TimerEvent: {}
[0.118161] (sam_bot_nav2_gz) JobProgress: {'identifier': 'sam_bot_nav2_gz', 'progress': 'install'}
[0.126191] (sam_bot_nav2_gz) Command: {'cmd': ['/usr/bin/cmake', '--install', '/home/ubuntu/ros2_ws/src/sam_bot_nav2_gz/build/sam_bot_nav2_gz'], 'cwd': '/home/ubuntu/ros2_ws/src/sam_bot_nav2_gz/build/sam_bot_nav2_gz', 'env': OrderedDict([('USER', 'ubuntu'), ('XDG_SESSION_TYPE', 'x11'), ('SHLVL', '1'), ('LD_LIBRARY_PATH', '/opt/ros/iron/opt/rviz_ogre_vendor/lib:/opt/ros/iron/lib/x86_64-linux-gnu:/opt/ros/iron/lib'), ('HOME', '/home/ubuntu'), ('DESKTOP_SESSION', 'ubuntu'), ('ROS_PYTHON_VERSION', '3'), ('GNOME_SHELL_SESSION_MODE', 'ubuntu'), ('GTK_MODULES', 'gail:atk-bridge'), ('DBUS_STARTER_BUS_TYPE', 'session'), ('SYSTEMD_EXEC_PID', '2428'), ('DBUS_SESSION_BUS_ADDRESS', 'unix:path=/run/user/999/bus,guid=029e0f4fc8d61d8d3d98334166030c5e'), ('COLORTERM', 'truecolor'), ('IM_CONFIG_PHASE', '1'), ('COLCON_PREFIX_PATH', '/home/ubuntu/ros2_ws/src/sam_bot_nav2_gz/install'), ('ROS_DISTRO', 'iron'), ('GTK_IM_MODULE', 'ibus'), ('LOGNAME', 'ubuntu'), ('_', '/usr/bin/colcon'), ('ROS_VERSION', '2'), ('XDG_SESSION_CLASS', 'user'), ('USERNAME', 'ubuntu'), ('TERM', 'xterm-256color'), ('GNOME_DESKTOP_SESSION_ID', 'this-is-deprecated'), ('WINDOWPATH', '2'), ('PATH', '/opt/ros/iron/bin:/usr/local/sbin:/usr/local/bin:/usr/sbin:/usr/bin:/sbin:/bin:/usr/games:/usr/local/games:/snap/bin:/snap/bin'), ('SESSION_MANAGER', 'local/ubuntu:@/tmp/.ICE-unix/2428,unix/ubuntu:/tmp/.ICE-unix/2428'), ('XDG_MENU_PREFIX', 'gnome-'), ('GNOME_TERMINAL_SCREEN', '/org/gnome/Terminal/screen/da8bab79_5b1a_469b_9233_be305817c907'), ('XDG_RUNTIME_DIR', '/run/user/999'), ('DISPLAY', ':0'), ('LANG', 'C.UTF-8'), ('XDG_CURRENT_DESKTOP', 'ubuntu:GNOME'), ('XMODIFIERS', '@im=ibus'), ('XDG_SESSION_DESKTOP', 'ubuntu'), ('XAUTHORITY', '/run/user/999/gdm/Xauthority'), ('GNOME_TERMINAL_SERVICE', ':1.115'), ('SSH_AGENT_LAUNCHER', 'gnome-keyring'), ('SSH_AUTH_SOCK', '/run/user/999/keyring/ssh'), ('AMENT_PREFIX_PATH', '/home/ubuntu/ros2_ws/src/sam_bot_nav2_gz/install/sam_bot_nav2_gz:/opt/ros/iron'), ('SHELL', '/bin/bash'), ('QT_ACCESSIBILITY', '1'), ('GDMSESSION', 'ubuntu'), ('GPG_AGENT_INFO', '/run/user/999/gnupg/S.gpg-agent:0:1'), ('ROS_AUTOMATIC_DISCOVERY_RANGE', 'SUBNET'), ('QT_IM_MODULE', 'ibus'), ('PWD', '/home/ubuntu/ros2_ws/src/sam_bot_nav2_gz/build/sam_bot_nav2_gz'), ('XDG_CONFIG_DIRS', '/etc/xdg/xdg-ubuntu:/etc/xdg'), ('DBUS_STARTER_ADDRESS', 'unix:path=/run/user/999/bus,guid=029e0f4fc8d61d8d3d98334166030c5e'), ('XDG_DATA_DIRS', '/usr/share/ubuntu:/usr/share/gnome:/usr/local/share/:/usr/share/:/var/lib/snapd/desktop'), ('PYTHONPATH', '/opt/ros/iron/lib/python3.10/site-packages'), ('COLCON', '1'), ('VTE_VERSION', '6800'), ('CMAKE_PREFIX_PATH', '/home/ubuntu/ros2_ws/src/sam_bot_nav2_gz/install/sam_bot_nav2_gz:/opt/ros/iron')]), 'shell': False}
[0.132654] (sam_bot_nav2_gz) StdoutLine: {'line': b'-- Install configuration: ""\n'}
[0.132905] (sam_bot_nav2_gz) StdoutLine: {'line': b'-- Up-to-date: /home/ubuntu/ros2_ws/src/sam_bot_nav2_gz/install/sam_bot_nav2_gz/share/sam_bot_nav2_gz/src\n'}
[0.133025] (sam_bot_nav2_gz) StdoutLine: {'line': b'-- Up-to-date: /home/ubuntu/ros2_ws/src/sam_bot_nav2_gz/install/sam_bot_nav2_gz/share/sam_bot_nav2_gz/src/description\n'}
[0.133178] (sam_bot_nav2_gz) StdoutLine: {'line': b'-- Installing: /home/ubuntu/ros2_ws/src/sam_bot_nav2_gz/install/sam_bot_nav2_gz/share/sam_bot_nav2_gz/src/description/sam_bot_description.urdf\n'}
[0.133380] (sam_bot_nav2_gz) StdoutLine: {'line': b'-- Up-to-date: /home/ubuntu/ros2_ws/src/sam_bot_nav2_gz/install/sam_bot_nav2_gz/share/sam_bot_nav2_gz/src/description/sam_bot_description_ros2_control.urdf\n'}
[0.133495] (sam_bot_nav2_gz) StdoutLine: {'line': b'-- Up-to-date: /home/ubuntu/ros2_ws/src/sam_bot_nav2_gz/install/sam_bot_nav2_gz/share/sam_bot_nav2_gz/scripts\n'}
[0.133588] (sam_bot_nav2_gz) StdoutLine: {'line': b'-- Up-to-date: /home/ubuntu/ros2_ws/src/sam_bot_nav2_gz/install/sam_bot_nav2_gz/share/sam_bot_nav2_gz/scripts/__init__.py\n'}
[0.133696] (sam_bot_nav2_gz) StdoutLine: {'line': b'-- Up-to-date: /home/ubuntu/ros2_ws/src/sam_bot_nav2_gz/install/sam_bot_nav2_gz/share/sam_bot_nav2_gz/scripts/reach_goal.py\n'}
[0.133778] (sam_bot_nav2_gz) StdoutLine: {'line': b'-- Up-to-date: /home/ubuntu/ros2_ws/src/sam_bot_nav2_gz/install/sam_bot_nav2_gz/share/sam_bot_nav2_gz/scripts/follow_waypoints.py\n'}
[0.133847] (sam_bot_nav2_gz) StdoutLine: {'line': b'-- Up-to-date: /home/ubuntu/ros2_ws/src/sam_bot_nav2_gz/install/sam_bot_nav2_gz/share/sam_bot_nav2_gz/launch\n'}
[0.133923] (sam_bot_nav2_gz) StdoutLine: {'line': b'-- Up-to-date: /home/ubuntu/ros2_ws/src/sam_bot_nav2_gz/install/sam_bot_nav2_gz/share/sam_bot_nav2_gz/launch/diff_drive.launch.py\n'}
[0.133996] (sam_bot_nav2_gz) StdoutLine: {'line': b'-- Up-to-date: /home/ubuntu/ros2_ws/src/sam_bot_nav2_gz/install/sam_bot_nav2_gz/share/sam_bot_nav2_gz/launch/display.launch.py\n'}
[0.134061] (sam_bot_nav2_gz) StdoutLine: {'line': b'-- Up-to-date: /home/ubuntu/ros2_ws/src/sam_bot_nav2_gz/install/sam_bot_nav2_gz/share/sam_bot_nav2_gz/launch/tst_diff_drive.launch.py\n'}
[0.134117] (sam_bot_nav2_gz) StdoutLine: {'line': b'-- Up-to-date: /home/ubuntu/ros2_ws/src/sam_bot_nav2_gz/install/sam_bot_nav2_gz/share/sam_bot_nav2_gz/rviz\n'}
[0.134205] (sam_bot_nav2_gz) StdoutLine: {'line': b'-- Up-to-date: /home/ubuntu/ros2_ws/src/sam_bot_nav2_gz/install/sam_bot_nav2_gz/share/sam_bot_nav2_gz/rviz/navigation_config.rviz\n'}
[0.134272] (sam_bot_nav2_gz) StdoutLine: {'line': b'-- Up-to-date: /home/ubuntu/ros2_ws/src/sam_bot_nav2_gz/install/sam_bot_nav2_gz/share/sam_bot_nav2_gz/rviz/urdf_config.rviz\n'}
[0.134334] (sam_bot_nav2_gz) StdoutLine: {'line': b'-- Up-to-date: /home/ubuntu/ros2_ws/src/sam_bot_nav2_gz/install/sam_bot_nav2_gz/share/sam_bot_nav2_gz/config\n'}
[0.134407] (sam_bot_nav2_gz) StdoutLine: {'line': b'-- Up-to-date: /home/ubuntu/ros2_ws/src/sam_bot_nav2_gz/install/sam_bot_nav2_gz/share/sam_bot_nav2_gz/config/nav2_params.yaml\n'}
[0.134469] (sam_bot_nav2_gz) StdoutLine: {'line': b'-- Up-to-date: /home/ubuntu/ros2_ws/src/sam_bot_nav2_gz/install/sam_bot_nav2_gz/share/sam_bot_nav2_gz/config/diff_drive_controller_velocity.yaml\n'}
[0.134549] (sam_bot_nav2_gz) StdoutLine: {'line': b'-- Up-to-date: /home/ubuntu/ros2_ws/src/sam_bot_nav2_gz/install/sam_bot_nav2_gz/share/sam_bot_nav2_gz/config/ros_gz_example_bridge.yaml\n'}
[0.134600] (sam_bot_nav2_gz) StdoutLine: {'line': b'-- Up-to-date: /home/ubuntu/ros2_ws/src/sam_bot_nav2_gz/install/sam_bot_nav2_gz/share/sam_bot_nav2_gz/world\n'}
[0.134649] (sam_bot_nav2_gz) StdoutLine: {'line': b'-- Up-to-date: /home/ubuntu/ros2_ws/src/sam_bot_nav2_gz/install/sam_bot_nav2_gz/share/sam_bot_nav2_gz/world/empty.sdf\n'}
[0.134698] (sam_bot_nav2_gz) StdoutLine: {'line': b'-- Up-to-date: /home/ubuntu/ros2_ws/src/sam_bot_nav2_gz/install/sam_bot_nav2_gz/share/sam_bot_nav2_gz/world/turtlebot3_world.sdf\n'}
[0.134747] (sam_bot_nav2_gz) StdoutLine: {'line': b'-- Up-to-date: /home/ubuntu/ros2_ws/src/sam_bot_nav2_gz/install/sam_bot_nav2_gz/share/sam_bot_nav2_gz/models\n'}
[0.134795] (sam_bot_nav2_gz) StdoutLine: {'line': b'-- Up-to-date: /home/ubuntu/ros2_ws/src/sam_bot_nav2_gz/install/sam_bot_nav2_gz/share/sam_bot_nav2_gz/models/turtlebot3_world\n'}
[0.134844] (sam_bot_nav2_gz) StdoutLine: {'line': b'-- Up-to-date: /home/ubuntu/ros2_ws/src/sam_bot_nav2_gz/install/sam_bot_nav2_gz/share/sam_bot_nav2_gz/models/turtlebot3_world/meshes\n'}
[0.134898] (sam_bot_nav2_gz) StdoutLine: {'line': b'-- Up-to-date: /home/ubuntu/ros2_ws/src/sam_bot_nav2_gz/install/sam_bot_nav2_gz/share/sam_bot_nav2_gz/models/turtlebot3_world/meshes/wall.dae\n'}
[0.134948] (sam_bot_nav2_gz) StdoutLine: {'line': b'-- Up-to-date: /home/ubuntu/ros2_ws/src/sam_bot_nav2_gz/install/sam_bot_nav2_gz/share/sam_bot_nav2_gz/models/turtlebot3_world/meshes/hexagon.dae\n'}
[0.134997] (sam_bot_nav2_gz) StdoutLine: {'line': b'-- Up-to-date: /home/ubuntu/ros2_ws/src/sam_bot_nav2_gz/install/sam_bot_nav2_gz/share/sam_bot_nav2_gz/maps\n'}
[0.135046] (sam_bot_nav2_gz) StdoutLine: {'line': b'-- Up-to-date: /home/ubuntu/ros2_ws/src/sam_bot_nav2_gz/install/sam_bot_nav2_gz/share/sam_bot_nav2_gz/maps/turtlebot3_world.yaml\n'}
[0.135096] (sam_bot_nav2_gz) StdoutLine: {'line': b'-- Up-to-date: /home/ubuntu/ros2_ws/src/sam_bot_nav2_gz/install/sam_bot_nav2_gz/share/sam_bot_nav2_gz/maps/turtlebot3_world.pgm\n'}
[0.135146] (sam_bot_nav2_gz) StdoutLine: {'line': b'-- Up-to-date: /home/ubuntu/ros2_ws/src/sam_bot_nav2_gz/install/sam_bot_nav2_gz/lib/sam_bot_nav2_gz/reach_goal.py\n'}
[0.135195] (sam_bot_nav2_gz) StdoutLine: {'line': b'-- Up-to-date: /home/ubuntu/ros2_ws/src/sam_bot_nav2_gz/install/sam_bot_nav2_gz/lib/sam_bot_nav2_gz/follow_waypoints.py\n'}
[0.135244] (sam_bot_nav2_gz) StdoutLine: {'line': b'-- Up-to-date: /home/ubuntu/ros2_ws/src/sam_bot_nav2_gz/install/sam_bot_nav2_gz/share/ament_index/resource_index/package_run_dependencies/sam_bot_nav2_gz\n'}
[0.135303] (sam_bot_nav2_gz) StdoutLine: {'line': b'-- Up-to-date: /home/ubuntu/ros2_ws/src/sam_bot_nav2_gz/install/sam_bot_nav2_gz/share/ament_index/resource_index/parent_prefix_path/sam_bot_nav2_gz\n'}
[0.135357] (sam_bot_nav2_gz) StdoutLine: {'line': b'-- Up-to-date: /home/ubuntu/ros2_ws/src/sam_bot_nav2_gz/install/sam_bot_nav2_gz/share/sam_bot_nav2_gz/environment/ament_prefix_path.sh\n'}
[0.135406] (sam_bot_nav2_gz) StdoutLine: {'line': b'-- Up-to-date: /home/ubuntu/ros2_ws/src/sam_bot_nav2_gz/install/sam_bot_nav2_gz/share/sam_bot_nav2_gz/environment/ament_prefix_path.dsv\n'}
[0.135455] (sam_bot_nav2_gz) StdoutLine: {'line': b'-- Up-to-date: /home/ubuntu/ros2_ws/src/sam_bot_nav2_gz/install/sam_bot_nav2_gz/share/sam_bot_nav2_gz/environment/path.sh\n'}
[0.135504] (sam_bot_nav2_gz) StdoutLine: {'line': b'-- Up-to-date: /home/ubuntu/ros2_ws/src/sam_bot_nav2_gz/install/sam_bot_nav2_gz/share/sam_bot_nav2_gz/environment/path.dsv\n'}
[0.135557] (sam_bot_nav2_gz) StdoutLine: {'line': b'-- Up-to-date: /home/ubuntu/ros2_ws/src/sam_bot_nav2_gz/install/sam_bot_nav2_gz/share/sam_bot_nav2_gz/local_setup.bash\n'}
[0.135610] (sam_bot_nav2_gz) StdoutLine: {'line': b'-- Up-to-date: /home/ubuntu/ros2_ws/src/sam_bot_nav2_gz/install/sam_bot_nav2_gz/share/sam_bot_nav2_gz/local_setup.sh\n'}
[0.135663] (sam_bot_nav2_gz) StdoutLine: {'line': b'-- Up-to-date: /home/ubuntu/ros2_ws/src/sam_bot_nav2_gz/install/sam_bot_nav2_gz/share/sam_bot_nav2_gz/local_setup.zsh\n'}
[0.135715] (sam_bot_nav2_gz) StdoutLine: {'line': b'-- Up-to-date: /home/ubuntu/ros2_ws/src/sam_bot_nav2_gz/install/sam_bot_nav2_gz/share/sam_bot_nav2_gz/local_setup.dsv\n'}
[0.135768] (sam_bot_nav2_gz) StdoutLine: {'line': b'-- Up-to-date: /home/ubuntu/ros2_ws/src/sam_bot_nav2_gz/install/sam_bot_nav2_gz/share/sam_bot_nav2_gz/package.dsv\n'}
[0.135820] (sam_bot_nav2_gz) StdoutLine: {'line': b'-- Up-to-date: /home/ubuntu/ros2_ws/src/sam_bot_nav2_gz/install/sam_bot_nav2_gz/share/ament_index/resource_index/packages/sam_bot_nav2_gz\n'}
[0.135873] (sam_bot_nav2_gz) StdoutLine: {'line': b'-- Up-to-date: /home/ubuntu/ros2_ws/src/sam_bot_nav2_gz/install/sam_bot_nav2_gz/share/sam_bot_nav2_gz/cmake/sam_bot_nav2_gzConfig.cmake\n'}
[0.135926] (sam_bot_nav2_gz) StdoutLine: {'line': b'-- Up-to-date: /home/ubuntu/ros2_ws/src/sam_bot_nav2_gz/install/sam_bot_nav2_gz/share/sam_bot_nav2_gz/cmake/sam_bot_nav2_gzConfig-version.cmake\n'}
[0.135978] (sam_bot_nav2_gz) StdoutLine: {'line': b'-- Up-to-date: /home/ubuntu/ros2_ws/src/sam_bot_nav2_gz/install/sam_bot_nav2_gz/share/sam_bot_nav2_gz/package.xml\n'}
[0.136770] (sam_bot_nav2_gz) CommandEnded: {'returncode': 0}
[0.199692] (-) TimerEvent: {}
[0.266814] (sam_bot_nav2_gz) JobEnded: {'identifier': 'sam_bot_nav2_gz', 'rc': 0}
[0.267596] (-) EventReactorShutdown: {}
