[1.241s] DEBUG:colcon:Command line arguments: ['/usr/bin/colcon', 'build']
[1.241s] DEBUG:colcon:Parsed command line arguments: Namespace(log_base=None, log_level=None, verb_name='build', build_base='build', install_base='install', merge_install=False, symlink_install=False, test_result_base=None, continue_on_error=False, executor='parallel', parallel_workers=8, event_handlers=None, ignore_user_meta=False, metas=['./colcon.meta'], base_paths=['.'], packages_ignore=None, packages_ignore_regex=None, paths=None, packages_up_to=None, packages_up_to_regex=None, packages_above=None, packages_above_and_dependencies=None, packages_above_depth=None, packages_select_by_dep=None, packages_skip_by_dep=None, packages_skip_up_to=None, packages_select_build_failed=False, packages_skip_build_finished=False, packages_select_test_failures=False, packages_skip_test_passed=False, packages_select=None, packages_skip=None, packages_select_regex=None, packages_skip_regex=None, packages_start=None, packages_end=None, allow_overriding=[], cmake_args=None, cmake_target=None, cmake_target_skip_unavailable=False, cmake_clean_cache=False, cmake_clean_first=False, cmake_force_configure=False, ament_cmake_args=None, catkin_cmake_args=None, catkin_skip_building_tests=False, verb_parser=<colcon_defaults.argument_parser.defaults.DefaultArgumentsDecorator object at 0x7f33bfca6c50>, verb_extension=<colcon_core.verb.build.BuildVerb object at 0x7f33bfca74f0>, main=<bound method BuildVerb.main of <colcon_core.verb.build.BuildVerb object at 0x7f33bfca74f0>>)
[1.356s] Level 1:colcon.colcon_core.package_discovery:discover_packages(colcon_meta) check parameters
[1.356s] Level 1:colcon.colcon_core.package_discovery:discover_packages(recursive) check parameters
[1.357s] Level 1:colcon.colcon_core.package_discovery:discover_packages(ignore) check parameters
[1.357s] Level 1:colcon.colcon_core.package_discovery:discover_packages(path) check parameters
[1.357s] Level 1:colcon.colcon_core.package_discovery:discover_packages(colcon_meta) discover
[1.357s] Level 1:colcon.colcon_core.package_discovery:discover_packages(recursive) discover
[1.357s] INFO:colcon.colcon_core.package_discovery:Crawling recursively for packages in '/home/ubuntu/ros2_ws/src/sam_bot_nav2_gz'
[1.357s] Level 1:colcon.colcon_core.package_identification:_identify(.) by extensions ['ignore', 'ignore_ament_install']
[1.357s] Level 1:colcon.colcon_core.package_identification:_identify(.) by extension 'ignore'
[1.357s] Level 1:colcon.colcon_core.package_identification:_identify(.) by extension 'ignore_ament_install'
[1.357s] Level 1:colcon.colcon_core.package_identification:_identify(.) by extensions ['colcon_pkg']
[1.357s] Level 1:colcon.colcon_core.package_identification:_identify(.) by extension 'colcon_pkg'
[1.357s] Level 1:colcon.colcon_core.package_identification:_identify(.) by extensions ['colcon_meta']
[1.357s] Level 1:colcon.colcon_core.package_identification:_identify(.) by extension 'colcon_meta'
[1.357s] Level 1:colcon.colcon_core.package_identification:_identify(.) by extensions ['ros']
[1.357s] Level 1:colcon.colcon_core.package_identification:_identify(.) by extension 'ros'
[1.374s] DEBUG:colcon.colcon_core.package_identification:Package '.' with type 'ros.ament_cmake' and name 'sam_bot_nav2_gz'
[1.374s] Level 1:colcon.colcon_core.package_discovery:discover_packages(recursive) using defaults
[1.374s] Level 1:colcon.colcon_core.package_discovery:discover_packages(ignore) discover
[1.374s] Level 1:colcon.colcon_core.package_discovery:discover_packages(ignore) using defaults
[1.374s] Level 1:colcon.colcon_core.package_discovery:discover_packages(path) discover
[1.374s] Level 1:colcon.colcon_core.package_discovery:discover_packages(path) using defaults
[1.488s] Level 1:colcon.colcon_core.package_discovery:discover_packages(prefix_path) check parameters
[1.488s] Level 1:colcon.colcon_core.package_discovery:discover_packages(prefix_path) discover
[1.534s] DEBUG:colcon.colcon_installed_package_information.package_discovery:Found 342 installed packages in /opt/ros/iron
[1.535s] Level 1:colcon.colcon_core.package_discovery:discover_packages(prefix_path) using defaults
[1.624s] Level 5:colcon.colcon_core.verb:set package 'sam_bot_nav2_gz' build argument 'cmake_args' from command line to 'None'
[1.624s] Level 5:colcon.colcon_core.verb:set package 'sam_bot_nav2_gz' build argument 'cmake_target' from command line to 'None'
[1.624s] Level 5:colcon.colcon_core.verb:set package 'sam_bot_nav2_gz' build argument 'cmake_target_skip_unavailable' from command line to 'False'
[1.624s] Level 5:colcon.colcon_core.verb:set package 'sam_bot_nav2_gz' build argument 'cmake_clean_cache' from command line to 'False'
[1.624s] Level 5:colcon.colcon_core.verb:set package 'sam_bot_nav2_gz' build argument 'cmake_clean_first' from command line to 'False'
[1.624s] Level 5:colcon.colcon_core.verb:set package 'sam_bot_nav2_gz' build argument 'cmake_force_configure' from command line to 'False'
[1.624s] Level 5:colcon.colcon_core.verb:set package 'sam_bot_nav2_gz' build argument 'ament_cmake_args' from command line to 'None'
[1.624s] Level 5:colcon.colcon_core.verb:set package 'sam_bot_nav2_gz' build argument 'catkin_cmake_args' from command line to 'None'
[1.624s] Level 5:colcon.colcon_core.verb:set package 'sam_bot_nav2_gz' build argument 'catkin_skip_building_tests' from command line to 'False'
[1.624s] DEBUG:colcon.colcon_core.verb:Building package 'sam_bot_nav2_gz' with the following arguments: {'ament_cmake_args': None, 'build_base': '/home/ubuntu/ros2_ws/src/sam_bot_nav2_gz/build/sam_bot_nav2_gz', 'catkin_cmake_args': None, 'catkin_skip_building_tests': False, 'cmake_args': None, 'cmake_clean_cache': False, 'cmake_clean_first': False, 'cmake_force_configure': False, 'cmake_target': None, 'cmake_target_skip_unavailable': False, 'install_base': '/home/ubuntu/ros2_ws/src/sam_bot_nav2_gz/install/sam_bot_nav2_gz', 'merge_install': False, 'path': '/home/ubuntu/ros2_ws/src/sam_bot_nav2_gz', 'symlink_install': False, 'test_result_base': None}
[1.638s] INFO:colcon.colcon_core.executor:Executing jobs using 'parallel' executor
[1.652s] DEBUG:colcon.colcon_parallel_executor.executor.parallel:run_until_complete
[1.652s] INFO:colcon.colcon_ros.task.ament_cmake.build:Building ROS package in '/home/ubuntu/ros2_ws/src/sam_bot_nav2_gz' with build type 'ament_cmake'
[1.652s] INFO:colcon.colcon_cmake.task.cmake.build:Building CMake package in '/home/ubuntu/ros2_ws/src/sam_bot_nav2_gz'
[1.673s] INFO:colcon.colcon_core.plugin_system:Skipping extension 'colcon_core.shell.bat': Not used on non-Windows systems
[1.674s] INFO:colcon.colcon_core.shell:Skip shell extension 'powershell' for command environment: Not usable outside of PowerShell
[1.674s] DEBUG:colcon.colcon_core.shell:Skip shell extension 'dsv' for command environment
[1.707s] DEBUG:colcon.colcon_core.event_handler.log_command:Invoking command in '/home/ubuntu/ros2_ws/src/sam_bot_nav2_gz/build/sam_bot_nav2_gz': CMAKE_PREFIX_PATH=/opt/ros/iron /usr/bin/cmake /home/ubuntu/ros2_ws/src/sam_bot_nav2_gz -DCMAKE_INSTALL_PREFIX=/home/ubuntu/ros2_ws/src/sam_bot_nav2_gz/install/sam_bot_nav2_gz
[2.914s] DEBUG:colcon.colcon_core.event_handler.log_command:Invoked command in '/home/ubuntu/ros2_ws/src/sam_bot_nav2_gz/build/sam_bot_nav2_gz' returned '0': CMAKE_PREFIX_PATH=/opt/ros/iron /usr/bin/cmake /home/ubuntu/ros2_ws/src/sam_bot_nav2_gz -DCMAKE_INSTALL_PREFIX=/home/ubuntu/ros2_ws/src/sam_bot_nav2_gz/install/sam_bot_nav2_gz
[2.916s] DEBUG:colcon.colcon_core.event_handler.log_command:Invoking command in '/home/ubuntu/ros2_ws/src/sam_bot_nav2_gz/build/sam_bot_nav2_gz': CMAKE_PREFIX_PATH=/opt/ros/iron /usr/bin/cmake --build /home/ubuntu/ros2_ws/src/sam_bot_nav2_gz/build/sam_bot_nav2_gz -- -j8 -l8
[2.948s] DEBUG:colcon.colcon_core.event_handler.log_command:Invoked command in '/home/ubuntu/ros2_ws/src/sam_bot_nav2_gz/build/sam_bot_nav2_gz' returned '0': CMAKE_PREFIX_PATH=/opt/ros/iron /usr/bin/cmake --build /home/ubuntu/ros2_ws/src/sam_bot_nav2_gz/build/sam_bot_nav2_gz -- -j8 -l8
[2.975s] DEBUG:colcon.colcon_core.event_handler.log_command:Invoking command in '/home/ubuntu/ros2_ws/src/sam_bot_nav2_gz/build/sam_bot_nav2_gz': CMAKE_PREFIX_PATH=/opt/ros/iron /usr/bin/cmake --install /home/ubuntu/ros2_ws/src/sam_bot_nav2_gz/build/sam_bot_nav2_gz
[2.989s] Level 1:colcon.colcon_core.environment:create_environment_scripts_only(sam_bot_nav2_gz)
[2.989s] DEBUG:colcon.colcon_core.event_handler.log_command:Invoked command in '/home/ubuntu/ros2_ws/src/sam_bot_nav2_gz/build/sam_bot_nav2_gz' returned '0': CMAKE_PREFIX_PATH=/opt/ros/iron /usr/bin/cmake --install /home/ubuntu/ros2_ws/src/sam_bot_nav2_gz/build/sam_bot_nav2_gz
[3.010s] Level 1:colcon.colcon_core.environment:checking '/home/ubuntu/ros2_ws/src/sam_bot_nav2_gz/install/sam_bot_nav2_gz' for CMake module files
[3.011s] Level 1:colcon.colcon_core.environment:checking '/home/ubuntu/ros2_ws/src/sam_bot_nav2_gz/install/sam_bot_nav2_gz' for CMake config files
[3.011s] Level 1:colcon.colcon_core.shell:create_environment_hook('sam_bot_nav2_gz', 'cmake_prefix_path')
[3.025s] INFO:colcon.colcon_core.shell:Creating environment hook '/home/ubuntu/ros2_ws/src/sam_bot_nav2_gz/install/sam_bot_nav2_gz/share/sam_bot_nav2_gz/hook/cmake_prefix_path.ps1'
[3.026s] INFO:colcon.colcon_core.shell:Creating environment descriptor '/home/ubuntu/ros2_ws/src/sam_bot_nav2_gz/install/sam_bot_nav2_gz/share/sam_bot_nav2_gz/hook/cmake_prefix_path.dsv'
[3.026s] INFO:colcon.colcon_core.shell:Creating environment hook '/home/ubuntu/ros2_ws/src/sam_bot_nav2_gz/install/sam_bot_nav2_gz/share/sam_bot_nav2_gz/hook/cmake_prefix_path.sh'
[3.027s] Level 1:colcon.colcon_core.environment:checking '/home/ubuntu/ros2_ws/src/sam_bot_nav2_gz/install/sam_bot_nav2_gz/lib'
[3.027s] Level 1:colcon.colcon_core.environment:checking '/home/ubuntu/ros2_ws/src/sam_bot_nav2_gz/install/sam_bot_nav2_gz/bin'
[3.027s] Level 1:colcon.colcon_core.environment:checking '/home/ubuntu/ros2_ws/src/sam_bot_nav2_gz/install/sam_bot_nav2_gz/lib/pkgconfig/sam_bot_nav2_gz.pc'
[3.027s] Level 1:colcon.colcon_core.environment:checking '/home/ubuntu/ros2_ws/src/sam_bot_nav2_gz/install/sam_bot_nav2_gz/lib/python3.10/site-packages'
[3.028s] Level 1:colcon.colcon_core.environment:checking '/home/ubuntu/ros2_ws/src/sam_bot_nav2_gz/install/sam_bot_nav2_gz/bin'
[3.041s] INFO:colcon.colcon_core.shell:Creating package script '/home/ubuntu/ros2_ws/src/sam_bot_nav2_gz/install/sam_bot_nav2_gz/share/sam_bot_nav2_gz/package.ps1'
[3.042s] INFO:colcon.colcon_core.shell:Creating package descriptor '/home/ubuntu/ros2_ws/src/sam_bot_nav2_gz/install/sam_bot_nav2_gz/share/sam_bot_nav2_gz/package.dsv'
[3.043s] INFO:colcon.colcon_core.shell:Creating package script '/home/ubuntu/ros2_ws/src/sam_bot_nav2_gz/install/sam_bot_nav2_gz/share/sam_bot_nav2_gz/package.sh'
[3.044s] INFO:colcon.colcon_core.shell:Creating package script '/home/ubuntu/ros2_ws/src/sam_bot_nav2_gz/install/sam_bot_nav2_gz/share/sam_bot_nav2_gz/package.bash'
[3.045s] INFO:colcon.colcon_core.shell:Creating package script '/home/ubuntu/ros2_ws/src/sam_bot_nav2_gz/install/sam_bot_nav2_gz/share/sam_bot_nav2_gz/package.zsh'
[3.045s] Level 1:colcon.colcon_core.environment:create_file_with_runtime_dependencies(/home/ubuntu/ros2_ws/src/sam_bot_nav2_gz/install/sam_bot_nav2_gz/share/colcon-core/packages/sam_bot_nav2_gz)
[3.078s] Level 1:colcon.colcon_core.environment:create_environment_scripts_only(sam_bot_nav2_gz)
[3.093s] Level 1:colcon.colcon_core.environment:checking '/home/ubuntu/ros2_ws/src/sam_bot_nav2_gz/install/sam_bot_nav2_gz' for CMake module files
[3.094s] Level 1:colcon.colcon_core.environment:checking '/home/ubuntu/ros2_ws/src/sam_bot_nav2_gz/install/sam_bot_nav2_gz' for CMake config files
[3.094s] Level 1:colcon.colcon_core.shell:create_environment_hook('sam_bot_nav2_gz', 'cmake_prefix_path')
[3.108s] INFO:colcon.colcon_core.shell:Creating environment hook '/home/ubuntu/ros2_ws/src/sam_bot_nav2_gz/install/sam_bot_nav2_gz/share/sam_bot_nav2_gz/hook/cmake_prefix_path.ps1'
[3.109s] INFO:colcon.colcon_core.shell:Creating environment descriptor '/home/ubuntu/ros2_ws/src/sam_bot_nav2_gz/install/sam_bot_nav2_gz/share/sam_bot_nav2_gz/hook/cmake_prefix_path.dsv'
[3.109s] INFO:colcon.colcon_core.shell:Creating environment hook '/home/ubuntu/ros2_ws/src/sam_bot_nav2_gz/install/sam_bot_nav2_gz/share/sam_bot_nav2_gz/hook/cmake_prefix_path.sh'
[3.109s] Level 1:colcon.colcon_core.environment:checking '/home/ubuntu/ros2_ws/src/sam_bot_nav2_gz/install/sam_bot_nav2_gz/lib'
[3.109s] Level 1:colcon.colcon_core.environment:checking '/home/ubuntu/ros2_ws/src/sam_bot_nav2_gz/install/sam_bot_nav2_gz/bin'
[3.110s] Level 1:colcon.colcon_core.environment:checking '/home/ubuntu/ros2_ws/src/sam_bot_nav2_gz/install/sam_bot_nav2_gz/lib/pkgconfig/sam_bot_nav2_gz.pc'
[3.110s] Level 1:colcon.colcon_core.environment:checking '/home/ubuntu/ros2_ws/src/sam_bot_nav2_gz/install/sam_bot_nav2_gz/lib/python3.10/site-packages'
[3.110s] Level 1:colcon.colcon_core.environment:checking '/home/ubuntu/ros2_ws/src/sam_bot_nav2_gz/install/sam_bot_nav2_gz/bin'
[3.124s] INFO:colcon.colcon_core.shell:Creating package script '/home/ubuntu/ros2_ws/src/sam_bot_nav2_gz/install/sam_bot_nav2_gz/share/sam_bot_nav2_gz/package.ps1'
[3.125s] INFO:colcon.colcon_core.shell:Creating package descriptor '/home/ubuntu/ros2_ws/src/sam_bot_nav2_gz/install/sam_bot_nav2_gz/share/sam_bot_nav2_gz/package.dsv'
[3.125s] INFO:colcon.colcon_core.shell:Creating package script '/home/ubuntu/ros2_ws/src/sam_bot_nav2_gz/install/sam_bot_nav2_gz/share/sam_bot_nav2_gz/package.sh'
[3.125s] INFO:colcon.colcon_core.shell:Creating package script '/home/ubuntu/ros2_ws/src/sam_bot_nav2_gz/install/sam_bot_nav2_gz/share/sam_bot_nav2_gz/package.bash'
[3.125s] INFO:colcon.colcon_core.shell:Creating package script '/home/ubuntu/ros2_ws/src/sam_bot_nav2_gz/install/sam_bot_nav2_gz/share/sam_bot_nav2_gz/package.zsh'
[3.126s] Level 1:colcon.colcon_core.environment:create_file_with_runtime_dependencies(/home/ubuntu/ros2_ws/src/sam_bot_nav2_gz/install/sam_bot_nav2_gz/share/colcon-core/packages/sam_bot_nav2_gz)
[3.126s] DEBUG:colcon.colcon_parallel_executor.executor.parallel:closing loop
[3.126s] DEBUG:colcon.colcon_parallel_executor.executor.parallel:loop closed
[3.126s] DEBUG:colcon.colcon_parallel_executor.executor.parallel:run_until_complete finished with '0'
[3.126s] DEBUG:colcon.colcon_core.event_reactor:joining thread
[3.149s] INFO:colcon.colcon_core.plugin_system:Skipping extension 'colcon_notification.desktop_notification.terminal_notifier': Not used on non-Darwin systems
[3.149s] INFO:colcon.colcon_core.plugin_system:Skipping extension 'colcon_notification.desktop_notification.win32': Not used on non-Windows systems
[3.149s] INFO:colcon.colcon_notification.desktop_notification:Sending desktop notification using 'notify2'
[3.162s] DEBUG:colcon.colcon_core.event_reactor:joined thread
[3.178s] INFO:colcon.colcon_core.shell:Creating prefix script '/home/ubuntu/ros2_ws/src/sam_bot_nav2_gz/install/local_setup.ps1'
[3.179s] INFO:colcon.colcon_core.shell:Creating prefix util module '/home/ubuntu/ros2_ws/src/sam_bot_nav2_gz/install/_local_setup_util_ps1.py'
[3.180s] INFO:colcon.colcon_core.shell:Creating prefix chain script '/home/ubuntu/ros2_ws/src/sam_bot_nav2_gz/install/setup.ps1'
[3.195s] INFO:colcon.colcon_core.shell:Creating prefix script '/home/ubuntu/ros2_ws/src/sam_bot_nav2_gz/install/local_setup.sh'
[3.197s] INFO:colcon.colcon_core.shell:Creating prefix util module '/home/ubuntu/ros2_ws/src/sam_bot_nav2_gz/install/_local_setup_util_sh.py'
[3.197s] INFO:colcon.colcon_core.shell:Creating prefix chain script '/home/ubuntu/ros2_ws/src/sam_bot_nav2_gz/install/setup.sh'
[3.212s] INFO:colcon.colcon_core.shell:Creating prefix script '/home/ubuntu/ros2_ws/src/sam_bot_nav2_gz/install/local_setup.bash'
[3.212s] INFO:colcon.colcon_core.shell:Creating prefix chain script '/home/ubuntu/ros2_ws/src/sam_bot_nav2_gz/install/setup.bash'
[3.228s] INFO:colcon.colcon_core.shell:Creating prefix script '/home/ubuntu/ros2_ws/src/sam_bot_nav2_gz/install/local_setup.zsh'
[3.228s] INFO:colcon.colcon_core.shell:Creating prefix chain script '/home/ubuntu/ros2_ws/src/sam_bot_nav2_gz/install/setup.zsh'
