[0.000000] (-) TimerEvent: {}
[0.000181] (sam_bot_nav2_gz) JobQueued: {'identifier': 'sam_bot_nav2_gz', 'dependencies': OrderedDict()}
[0.000224] (sam_bot_nav2_gz) JobStarted: {'identifier': 'sam_bot_nav2_gz'}
[0.069979] (sam_bot_nav2_gz) JobProgress: {'identifier': 'sam_bot_nav2_gz', 'progress': 'cmake'}
[0.070958] (sam_bot_nav2_gz) JobProgress: {'identifier': 'sam_bot_nav2_gz', 'progress': 'build'}
[0.070990] (sam_bot_nav2_gz) Command: {'cmd': ['/usr/bin/cmake', '--build', '/home/ubuntu/ros2_ws/src/sam_bot_nav2_gz/build/sam_bot_nav2_gz', '--', '-j8', '-l8'], 'cwd': '/home/ubuntu/ros2_ws/src/sam_bot_nav2_gz/build/sam_bot_nav2_gz', 'env': OrderedDict([('USER', 'ubuntu'), ('XDG_SESSION_TYPE', 'x11'), ('SHLVL', '1'), ('LD_LIBRARY_PATH', '/opt/ros/iron/opt/rviz_ogre_vendor/lib:/opt/ros/iron/lib/x86_64-linux-gnu:/opt/ros/iron/lib'), ('HOME', '/home/ubuntu'), ('DESKTOP_SESSION', 'ubuntu'), ('ROS_PYTHON_VERSION', '3'), ('GNOME_SHELL_SESSION_MODE', 'ubuntu'), ('GTK_MODULES', 'gail:atk-bridge'), ('DBUS_STARTER_BUS_TYPE', 'session'), ('SYSTEMD_EXEC_PID', '2428'), ('DBUS_SESSION_BUS_ADDRESS', 'unix:path=/run/user/999/bus,guid=029e0f4fc8d61d8d3d98334166030c5e'), ('COLORTERM', 'truecolor'), ('IM_CONFIG_PHASE', '1'), ('COLCON_PREFIX_PATH', '/home/ubuntu/ros2_ws/src/sam_bot_nav2_gz/install'), ('ROS_DISTRO', 'iron'), ('GTK_IM_MODULE', 'ibus'), ('LOGNAME', 'ubuntu'), ('_', '/usr/bin/colcon'), ('ROS_VERSION', '2'), ('XDG_SESSION_CLASS', 'user'), ('USERNAME', 'ubuntu'), ('TERM', 'xterm-256color'), ('GNOME_DESKTOP_SESSION_ID', 'this-is-deprecated'), ('WINDOWPATH', '2'), ('PATH', '/opt/ros/iron/bin:/usr/local/sbin:/usr/local/bin:/usr/sbin:/usr/bin:/sbin:/bin:/usr/games:/usr/local/games:/snap/bin:/snap/bin'), ('SESSION_MANAGER', 'local/ubuntu:@/tmp/.ICE-unix/2428,unix/ubuntu:/tmp/.ICE-unix/2428'), ('XDG_MENU_PREFIX', 'gnome-'), ('GNOME_TERMINAL_SCREEN', '/org/gnome/Terminal/screen/da8bab79_5b1a_469b_9233_be305817c907'), ('XDG_RUNTIME_DIR', '/run/user/999'), ('DISPLAY', ':0'), ('LANG', 'C.UTF-8'), ('XDG_CURRENT_DESKTOP', 'ubuntu:GNOME'), ('XMODIFIERS', '@im=ibus'), ('XDG_SESSION_DESKTOP', 'ubuntu'), ('XAUTHORITY', '/run/user/999/gdm/Xauthority'), ('GNOME_TERMINAL_SERVICE', ':1.115'), ('SSH_AGENT_LAUNCHER', 'gnome-keyring'), ('SSH_AUTH_SOCK', '/run/user/999/keyring/ssh'), ('AMENT_PREFIX_PATH', '/home/ubuntu/ros2_ws/src/sam_bot_nav2_gz/install/sam_bot_nav2_gz:/opt/ros/iron'), ('SHELL', '/bin/bash'), ('QT_ACCESSIBILITY', '1'), ('GDMSESSION', 'ubuntu'), ('GPG_AGENT_INFO', '/run/user/999/gnupg/S.gpg-agent:0:1'), ('ROS_AUTOMATIC_DISCOVERY_RANGE', 'SUBNET'), ('QT_IM_MODULE', 'ibus'), ('PWD', '/home/ubuntu/ros2_ws/src/sam_bot_nav2_gz/build/sam_bot_nav2_gz'), ('XDG_CONFIG_DIRS', '/etc/xdg/xdg-ubuntu:/etc/xdg'), ('DBUS_STARTER_ADDRESS', 'unix:path=/run/user/999/bus,guid=029e0f4fc8d61d8d3d98334166030c5e'), ('XDG_DATA_DIRS', '/usr/share/ubuntu:/usr/share/gnome:/usr/local/share/:/usr/share/:/var/lib/snapd/desktop'), ('PYTHONPATH', '/opt/ros/iron/lib/python3.10/site-packages'), ('COLCON', '1'), ('VTE_VERSION', '6800'), ('CMAKE_PREFIX_PATH', '/home/ubuntu/ros2_ws/src/sam_bot_nav2_gz/install/sam_bot_nav2_gz:/opt/ros/iron')]), 'shell': False}
[0.099388] (-) TimerEvent: {}
[0.104404] (sam_bot_nav2_gz) CommandEnded: {'returncode': 0}
[0.123808] (sam_bot_nav2_gz) JobProgress: {'identifier': 'sam_bot_nav2_gz', 'progress': 'install'}
[0.131662] (sam_bot_nav2_gz) Command: {'cmd': ['/usr/bin/cmake', '--install', '/home/ubuntu/ros2_ws/src/sam_bot_nav2_gz/build/sam_bot_nav2_gz'], 'cwd': '/home/ubuntu/ros2_ws/src/sam_bot_nav2_gz/build/sam_bot_nav2_gz', 'env': OrderedDict([('USER', 'ubuntu'), ('XDG_SESSION_TYPE', 'x11'), ('SHLVL', '1'), ('LD_LIBRARY_PATH', '/opt/ros/iron/opt/rviz_ogre_vendor/lib:/opt/ros/iron/lib/x86_64-linux-gnu:/opt/ros/iron/lib'), ('HOME', '/home/ubuntu'), ('DESKTOP_SESSION', 'ubuntu'), ('ROS_PYTHON_VERSION', '3'), ('GNOME_SHELL_SESSION_MODE', 'ubuntu'), ('GTK_MODULES', 'gail:atk-bridge'), ('DBUS_STARTER_BUS_TYPE', 'session'), ('SYSTEMD_EXEC_PID', '2428'), ('DBUS_SESSION_BUS_ADDRESS', 'unix:path=/run/user/999/bus,guid=029e0f4fc8d61d8d3d98334166030c5e'), ('COLORTERM', 'truecolor'), ('IM_CONFIG_PHASE', '1'), ('COLCON_PREFIX_PATH', '/home/ubuntu/ros2_ws/src/sam_bot_nav2_gz/install'), ('ROS_DISTRO', 'iron'), ('GTK_IM_MODULE', 'ibus'), ('LOGNAME', 'ubuntu'), ('_', '/usr/bin/colcon'), ('ROS_VERSION', '2'), ('XDG_SESSION_CLASS', 'user'), ('USERNAME', 'ubuntu'), ('TERM', 'xterm-256color'), ('GNOME_DESKTOP_SESSION_ID', 'this-is-deprecated'), ('WINDOWPATH', '2'), ('PATH', '/opt/ros/iron/bin:/usr/local/sbin:/usr/local/bin:/usr/sbin:/usr/bin:/sbin:/bin:/usr/games:/usr/local/games:/snap/bin:/snap/bin'), ('SESSION_MANAGER', 'local/ubuntu:@/tmp/.ICE-unix/2428,unix/ubuntu:/tmp/.ICE-unix/2428'), ('XDG_MENU_PREFIX', 'gnome-'), ('GNOME_TERMINAL_SCREEN', '/org/gnome/Terminal/screen/da8bab79_5b1a_469b_9233_be305817c907'), ('XDG_RUNTIME_DIR', '/run/user/999'), ('DISPLAY', ':0'), ('LANG', 'C.UTF-8'), ('XDG_CURRENT_DESKTOP', 'ubuntu:GNOME'), ('XMODIFIERS', '@im=ibus'), ('XDG_SESSION_DESKTOP', 'ubuntu'), ('XAUTHORITY', '/run/user/999/gdm/Xauthority'), ('GNOME_TERMINAL_SERVICE', ':1.115'), ('SSH_AGENT_LAUNCHER', 'gnome-keyring'), ('SSH_AUTH_SOCK', '/run/user/999/keyring/ssh'), ('AMENT_PREFIX_PATH', '/home/ubuntu/ros2_ws/src/sam_bot_nav2_gz/install/sam_bot_nav2_gz:/opt/ros/iron'), ('SHELL', '/bin/bash'), ('QT_ACCESSIBILITY', '1'), ('GDMSESSION', 'ubuntu'), ('GPG_AGENT_INFO', '/run/user/999/gnupg/S.gpg-agent:0:1'), ('ROS_AUTOMATIC_DISCOVERY_RANGE', 'SUBNET'), ('QT_IM_MODULE', 'ibus'), ('PWD', '/home/ubuntu/ros2_ws/src/sam_bot_nav2_gz/build/sam_bot_nav2_gz'), ('XDG_CONFIG_DIRS', '/etc/xdg/xdg-ubuntu:/etc/xdg'), ('DBUS_STARTER_ADDRESS', 'unix:path=/run/user/999/bus,guid=029e0f4fc8d61d8d3d98334166030c5e'), ('XDG_DATA_DIRS', '/usr/share/ubuntu:/usr/share/gnome:/usr/local/share/:/usr/share/:/var/lib/snapd/desktop'), ('PYTHONPATH', '/opt/ros/iron/lib/python3.10/site-packages'), ('COLCON', '1'), ('VTE_VERSION', '6800'), ('CMAKE_PREFIX_PATH', '/home/ubuntu/ros2_ws/src/sam_bot_nav2_gz/install/sam_bot_nav2_gz:/opt/ros/iron')]), 'shell': False}
[0.138576] (sam_bot_nav2_gz) StdoutLine: {'line': b'-- Install configuration: ""\n'}
[0.138913] (sam_bot_nav2_gz) StdoutLine: {'line': b'-- Up-to-date: /home/ubuntu/ros2_ws/src/sam_bot_nav2_gz/install/sam_bot_nav2_gz/share/sam_bot_nav2_gz/src\n'}
[0.139045] (sam_bot_nav2_gz) StdoutLine: {'line': b'-- Up-to-date: /home/ubuntu/ros2_ws/src/sam_bot_nav2_gz/install/sam_bot_nav2_gz/share/sam_bot_nav2_gz/src/description\n'}
[0.139121] (sam_bot_nav2_gz) StdoutLine: {'line': b'-- Up-to-date: /home/ubuntu/ros2_ws/src/sam_bot_nav2_gz/install/sam_bot_nav2_gz/share/sam_bot_nav2_gz/src/description/sam_bot_description.urdf\n'}
[0.139179] (sam_bot_nav2_gz) StdoutLine: {'line': b'-- Up-to-date: /home/ubuntu/ros2_ws/src/sam_bot_nav2_gz/install/sam_bot_nav2_gz/share/sam_bot_nav2_gz/src/description/sam_bot_description_ros2_control.urdf\n'}
[0.139232] (sam_bot_nav2_gz) StdoutLine: {'line': b'-- Up-to-date: /home/ubuntu/ros2_ws/src/sam_bot_nav2_gz/install/sam_bot_nav2_gz/share/sam_bot_nav2_gz/scripts\n'}
[0.139284] (sam_bot_nav2_gz) StdoutLine: {'line': b'-- Up-to-date: /home/ubuntu/ros2_ws/src/sam_bot_nav2_gz/install/sam_bot_nav2_gz/share/sam_bot_nav2_gz/scripts/__init__.py\n'}
[0.139462] (sam_bot_nav2_gz) StdoutLine: {'line': b'-- Up-to-date: /home/ubuntu/ros2_ws/src/sam_bot_nav2_gz/install/sam_bot_nav2_gz/share/sam_bot_nav2_gz/scripts/reach_goal.py\n'}
[0.139576] (sam_bot_nav2_gz) StdoutLine: {'line': b'-- Up-to-date: /home/ubuntu/ros2_ws/src/sam_bot_nav2_gz/install/sam_bot_nav2_gz/share/sam_bot_nav2_gz/scripts/follow_waypoints.py\n'}
[0.139668] (sam_bot_nav2_gz) StdoutLine: {'line': b'-- Up-to-date: /home/ubuntu/ros2_ws/src/sam_bot_nav2_gz/install/sam_bot_nav2_gz/share/sam_bot_nav2_gz/launch\n'}
[0.139743] (sam_bot_nav2_gz) StdoutLine: {'line': b'-- Installing: /home/ubuntu/ros2_ws/src/sam_bot_nav2_gz/install/sam_bot_nav2_gz/share/sam_bot_nav2_gz/launch/diff_drive.launch.py\n'}
[0.139818] (sam_bot_nav2_gz) StdoutLine: {'line': b'-- Up-to-date: /home/ubuntu/ros2_ws/src/sam_bot_nav2_gz/install/sam_bot_nav2_gz/share/sam_bot_nav2_gz/launch/display.launch.py\n'}
[0.139896] (sam_bot_nav2_gz) StdoutLine: {'line': b'-- Up-to-date: /home/ubuntu/ros2_ws/src/sam_bot_nav2_gz/install/sam_bot_nav2_gz/share/sam_bot_nav2_gz/launch/tst_diff_drive.launch.py\n'}
[0.139967] (sam_bot_nav2_gz) StdoutLine: {'line': b'-- Up-to-date: /home/ubuntu/ros2_ws/src/sam_bot_nav2_gz/install/sam_bot_nav2_gz/share/sam_bot_nav2_gz/rviz\n'}
[0.140032] (sam_bot_nav2_gz) StdoutLine: {'line': b'-- Up-to-date: /home/ubuntu/ros2_ws/src/sam_bot_nav2_gz/install/sam_bot_nav2_gz/share/sam_bot_nav2_gz/rviz/navigation_config.rviz\n'}
[0.140093] (sam_bot_nav2_gz) StdoutLine: {'line': b'-- Up-to-date: /home/ubuntu/ros2_ws/src/sam_bot_nav2_gz/install/sam_bot_nav2_gz/share/sam_bot_nav2_gz/rviz/urdf_config.rviz\n'}
[0.140155] (sam_bot_nav2_gz) StdoutLine: {'line': b'-- Up-to-date: /home/ubuntu/ros2_ws/src/sam_bot_nav2_gz/install/sam_bot_nav2_gz/share/sam_bot_nav2_gz/config\n'}
[0.140207] (sam_bot_nav2_gz) StdoutLine: {'line': b'-- Up-to-date: /home/ubuntu/ros2_ws/src/sam_bot_nav2_gz/install/sam_bot_nav2_gz/share/sam_bot_nav2_gz/config/nav2_params.yaml\n'}
[0.140278] (sam_bot_nav2_gz) StdoutLine: {'line': b'-- Up-to-date: /home/ubuntu/ros2_ws/src/sam_bot_nav2_gz/install/sam_bot_nav2_gz/share/sam_bot_nav2_gz/config/diff_drive_controller_velocity.yaml\n'}
[0.140338] (sam_bot_nav2_gz) StdoutLine: {'line': b'-- Up-to-date: /home/ubuntu/ros2_ws/src/sam_bot_nav2_gz/install/sam_bot_nav2_gz/share/sam_bot_nav2_gz/config/ros_gz_example_bridge.yaml\n'}
[0.140388] (sam_bot_nav2_gz) StdoutLine: {'line': b'-- Up-to-date: /home/ubuntu/ros2_ws/src/sam_bot_nav2_gz/install/sam_bot_nav2_gz/share/sam_bot_nav2_gz/world\n'}
[0.140457] (sam_bot_nav2_gz) StdoutLine: {'line': b'-- Up-to-date: /home/ubuntu/ros2_ws/src/sam_bot_nav2_gz/install/sam_bot_nav2_gz/share/sam_bot_nav2_gz/world/empty.sdf\n'}
[0.140516] (sam_bot_nav2_gz) StdoutLine: {'line': b'-- Up-to-date: /home/ubuntu/ros2_ws/src/sam_bot_nav2_gz/install/sam_bot_nav2_gz/share/sam_bot_nav2_gz/world/turtlebot3_world.sdf\n'}
[0.140566] (sam_bot_nav2_gz) StdoutLine: {'line': b'-- Up-to-date: /home/ubuntu/ros2_ws/src/sam_bot_nav2_gz/install/sam_bot_nav2_gz/share/sam_bot_nav2_gz/models\n'}
[0.140628] (sam_bot_nav2_gz) StdoutLine: {'line': b'-- Up-to-date: /home/ubuntu/ros2_ws/src/sam_bot_nav2_gz/install/sam_bot_nav2_gz/share/sam_bot_nav2_gz/models/turtlebot3_world\n'}
[0.140678] (sam_bot_nav2_gz) StdoutLine: {'line': b'-- Up-to-date: /home/ubuntu/ros2_ws/src/sam_bot_nav2_gz/install/sam_bot_nav2_gz/share/sam_bot_nav2_gz/models/turtlebot3_world/meshes\n'}
[0.140764] (sam_bot_nav2_gz) StdoutLine: {'line': b'-- Up-to-date: /home/ubuntu/ros2_ws/src/sam_bot_nav2_gz/install/sam_bot_nav2_gz/share/sam_bot_nav2_gz/models/turtlebot3_world/meshes/wall.dae\n'}
[0.140830] (sam_bot_nav2_gz) StdoutLine: {'line': b'-- Up-to-date: /home/ubuntu/ros2_ws/src/sam_bot_nav2_gz/install/sam_bot_nav2_gz/share/sam_bot_nav2_gz/models/turtlebot3_world/meshes/hexagon.dae\n'}
[0.140879] (sam_bot_nav2_gz) StdoutLine: {'line': b'-- Up-to-date: /home/ubuntu/ros2_ws/src/sam_bot_nav2_gz/install/sam_bot_nav2_gz/share/sam_bot_nav2_gz/maps\n'}
[0.140927] (sam_bot_nav2_gz) StdoutLine: {'line': b'-- Up-to-date: /home/ubuntu/ros2_ws/src/sam_bot_nav2_gz/install/sam_bot_nav2_gz/share/sam_bot_nav2_gz/maps/turtlebot3_world.yaml\n'}
[0.140977] (sam_bot_nav2_gz) StdoutLine: {'line': b'-- Up-to-date: /home/ubuntu/ros2_ws/src/sam_bot_nav2_gz/install/sam_bot_nav2_gz/share/sam_bot_nav2_gz/maps/turtlebot3_world.pgm\n'}
[0.141025] (sam_bot_nav2_gz) StdoutLine: {'line': b'-- Up-to-date: /home/ubuntu/ros2_ws/src/sam_bot_nav2_gz/install/sam_bot_nav2_gz/lib/sam_bot_nav2_gz/reach_goal.py\n'}
[0.141074] (sam_bot_nav2_gz) StdoutLine: {'line': b'-- Up-to-date: /home/ubuntu/ros2_ws/src/sam_bot_nav2_gz/install/sam_bot_nav2_gz/lib/sam_bot_nav2_gz/follow_waypoints.py\n'}
[0.141123] (sam_bot_nav2_gz) StdoutLine: {'line': b'-- Up-to-date: /home/ubuntu/ros2_ws/src/sam_bot_nav2_gz/install/sam_bot_nav2_gz/share/ament_index/resource_index/package_run_dependencies/sam_bot_nav2_gz\n'}
[0.141181] (sam_bot_nav2_gz) StdoutLine: {'line': b'-- Up-to-date: /home/ubuntu/ros2_ws/src/sam_bot_nav2_gz/install/sam_bot_nav2_gz/share/ament_index/resource_index/parent_prefix_path/sam_bot_nav2_gz\n'}
[0.141245] (sam_bot_nav2_gz) StdoutLine: {'line': b'-- Up-to-date: /home/ubuntu/ros2_ws/src/sam_bot_nav2_gz/install/sam_bot_nav2_gz/share/sam_bot_nav2_gz/environment/ament_prefix_path.sh\n'}
[0.141295] (sam_bot_nav2_gz) StdoutLine: {'line': b'-- Up-to-date: /home/ubuntu/ros2_ws/src/sam_bot_nav2_gz/install/sam_bot_nav2_gz/share/sam_bot_nav2_gz/environment/ament_prefix_path.dsv\n'}
[0.141367] (sam_bot_nav2_gz) StdoutLine: {'line': b'-- Up-to-date: /home/ubuntu/ros2_ws/src/sam_bot_nav2_gz/install/sam_bot_nav2_gz/share/sam_bot_nav2_gz/environment/path.sh\n'}
[0.141428] (sam_bot_nav2_gz) StdoutLine: {'line': b'-- Up-to-date: /home/ubuntu/ros2_ws/src/sam_bot_nav2_gz/install/sam_bot_nav2_gz/share/sam_bot_nav2_gz/environment/path.dsv\n'}
[0.141478] (sam_bot_nav2_gz) StdoutLine: {'line': b'-- Up-to-date: /home/ubuntu/ros2_ws/src/sam_bot_nav2_gz/install/sam_bot_nav2_gz/share/sam_bot_nav2_gz/local_setup.bash\n'}
[0.141528] (sam_bot_nav2_gz) StdoutLine: {'line': b'-- Up-to-date: /home/ubuntu/ros2_ws/src/sam_bot_nav2_gz/install/sam_bot_nav2_gz/share/sam_bot_nav2_gz/local_setup.sh\n'}
[0.141577] (sam_bot_nav2_gz) StdoutLine: {'line': b'-- Up-to-date: /home/ubuntu/ros2_ws/src/sam_bot_nav2_gz/install/sam_bot_nav2_gz/share/sam_bot_nav2_gz/local_setup.zsh\n'}
[0.141626] (sam_bot_nav2_gz) StdoutLine: {'line': b'-- Up-to-date: /home/ubuntu/ros2_ws/src/sam_bot_nav2_gz/install/sam_bot_nav2_gz/share/sam_bot_nav2_gz/local_setup.dsv\n'}
[0.141675] (sam_bot_nav2_gz) StdoutLine: {'line': b'-- Installing: /home/ubuntu/ros2_ws/src/sam_bot_nav2_gz/install/sam_bot_nav2_gz/share/sam_bot_nav2_gz/package.dsv\n'}
[0.141724] (sam_bot_nav2_gz) StdoutLine: {'line': b'-- Up-to-date: /home/ubuntu/ros2_ws/src/sam_bot_nav2_gz/install/sam_bot_nav2_gz/share/ament_index/resource_index/packages/sam_bot_nav2_gz\n'}
[0.141772] (sam_bot_nav2_gz) StdoutLine: {'line': b'-- Up-to-date: /home/ubuntu/ros2_ws/src/sam_bot_nav2_gz/install/sam_bot_nav2_gz/share/sam_bot_nav2_gz/cmake/sam_bot_nav2_gzConfig.cmake\n'}
[0.141822] (sam_bot_nav2_gz) StdoutLine: {'line': b'-- Up-to-date: /home/ubuntu/ros2_ws/src/sam_bot_nav2_gz/install/sam_bot_nav2_gz/share/sam_bot_nav2_gz/cmake/sam_bot_nav2_gzConfig-version.cmake\n'}
[0.141872] (sam_bot_nav2_gz) StdoutLine: {'line': b'-- Up-to-date: /home/ubuntu/ros2_ws/src/sam_bot_nav2_gz/install/sam_bot_nav2_gz/share/sam_bot_nav2_gz/package.xml\n'}
[0.143048] (sam_bot_nav2_gz) CommandEnded: {'returncode': 0}
[0.199501] (-) TimerEvent: {}
[0.276575] (sam_bot_nav2_gz) JobEnded: {'identifier': 'sam_bot_nav2_gz', 'rc': 0}
[0.277202] (-) EventReactorShutdown: {}
