-- Install configuration: ""
-- Up-to-date: /home/ubuntu/ros2_ws/src/sam_bot_nav2_gz/install/sam_bot_nav2_gz/share/sam_bot_nav2_gz/src
-- Installing: /home/ubuntu/ros2_ws/src/sam_bot_nav2_gz/install/sam_bot_nav2_gz/share/sam_bot_nav2_gz/src/gz_ros2_control
-- Installing: /home/ubuntu/ros2_ws/src/sam_bot_nav2_gz/install/sam_bot_nav2_gz/share/sam_bot_nav2_gz/src/gz_ros2_control/gz_ros2_control
-- Installing: /home/ubuntu/ros2_ws/src/sam_bot_nav2_gz/install/sam_bot_nav2_gz/share/sam_bot_nav2_gz/src/gz_ros2_control/gz_ros2_control/gz_hardware_plugins.xml
-- Installing: /home/ubuntu/ros2_ws/src/sam_bot_nav2_gz/install/sam_bot_nav2_gz/share/sam_bot_nav2_gz/src/gz_ros2_control/gz_ros2_control/CHANGELOG.rst
-- Installing: /home/ubuntu/ros2_ws/src/sam_bot_nav2_gz/install/sam_bot_nav2_gz/share/sam_bot_nav2_gz/src/gz_ros2_control/gz_ros2_control/src
-- Installing: /home/ubuntu/ros2_ws/src/sam_bot_nav2_gz/install/sam_bot_nav2_gz/share/sam_bot_nav2_gz/src/gz_ros2_control/gz_ros2_control/src/gz_ros2_control_plugin.cpp
-- Installing: /home/ubuntu/ros2_ws/src/sam_bot_nav2_gz/install/sam_bot_nav2_gz/share/sam_bot_nav2_gz/src/gz_ros2_control/gz_ros2_control/src/gz_system.cpp
-- Installing: /home/ubuntu/ros2_ws/src/sam_bot_nav2_gz/install/sam_bot_nav2_gz/share/sam_bot_nav2_gz/src/gz_ros2_control/gz_ros2_control/CMakeLists.txt
-- Installing: /home/ubuntu/ros2_ws/src/sam_bot_nav2_gz/install/sam_bot_nav2_gz/share/sam_bot_nav2_gz/src/gz_ros2_control/gz_ros2_control/package.xml
-- Installing: /home/ubuntu/ros2_ws/src/sam_bot_nav2_gz/install/sam_bot_nav2_gz/share/sam_bot_nav2_gz/src/gz_ros2_control/gz_ros2_control/include
-- Installing: /home/ubuntu/ros2_ws/src/sam_bot_nav2_gz/install/sam_bot_nav2_gz/share/sam_bot_nav2_gz/src/gz_ros2_control/gz_ros2_control/include/gz_ros2_control
-- Installing: /home/ubuntu/ros2_ws/src/sam_bot_nav2_gz/install/sam_bot_nav2_gz/share/sam_bot_nav2_gz/src/gz_ros2_control/gz_ros2_control/include/gz_ros2_control/gz_system_interface.hpp
-- Installing: /home/ubuntu/ros2_ws/src/sam_bot_nav2_gz/install/sam_bot_nav2_gz/share/sam_bot_nav2_gz/src/gz_ros2_control/gz_ros2_control/include/gz_ros2_control/gz_ros2_control_plugin.hpp
-- Installing: /home/ubuntu/ros2_ws/src/sam_bot_nav2_gz/install/sam_bot_nav2_gz/share/sam_bot_nav2_gz/src/gz_ros2_control/gz_ros2_control/include/gz_ros2_control/gz_system.hpp
-- Installing: /home/ubuntu/ros2_ws/src/sam_bot_nav2_gz/install/sam_bot_nav2_gz/share/sam_bot_nav2_gz/src/gz_ros2_control/gz_ros2_control/LICENSE
-- Installing: /home/ubuntu/ros2_ws/src/sam_bot_nav2_gz/install/sam_bot_nav2_gz/share/sam_bot_nav2_gz/src/gz_ros2_control/README.md
-- Installing: /home/ubuntu/ros2_ws/src/sam_bot_nav2_gz/install/sam_bot_nav2_gz/share/sam_bot_nav2_gz/src/gz_ros2_control/.pre-commit-config.yaml
-- Installing: /home/ubuntu/ros2_ws/src/sam_bot_nav2_gz/install/sam_bot_nav2_gz/share/sam_bot_nav2_gz/src/gz_ros2_control/.github
-- Installing: /home/ubuntu/ros2_ws/src/sam_bot_nav2_gz/install/sam_bot_nav2_gz/share/sam_bot_nav2_gz/src/gz_ros2_control/.github/CODEOWNERS
-- Installing: /home/ubuntu/ros2_ws/src/sam_bot_nav2_gz/install/sam_bot_nav2_gz/share/sam_bot_nav2_gz/src/gz_ros2_control/.github/workflows
-- Installing: /home/ubuntu/ros2_ws/src/sam_bot_nav2_gz/install/sam_bot_nav2_gz/share/sam_bot_nav2_gz/src/gz_ros2_control/.github/workflows/ci-check-docs.yml
-- Installing: /home/ubuntu/ros2_ws/src/sam_bot_nav2_gz/install/sam_bot_nav2_gz/share/sam_bot_nav2_gz/src/gz_ros2_control/.github/workflows/triage.yml
-- Installing: /home/ubuntu/ros2_ws/src/sam_bot_nav2_gz/install/sam_bot_nav2_gz/share/sam_bot_nav2_gz/src/gz_ros2_control/.github/workflows/ci-iron.yaml
-- Installing: /home/ubuntu/ros2_ws/src/sam_bot_nav2_gz/install/sam_bot_nav2_gz/share/sam_bot_nav2_gz/src/gz_ros2_control/.github/workflows/ci-rolling.yaml
-- Installing: /home/ubuntu/ros2_ws/src/sam_bot_nav2_gz/install/sam_bot_nav2_gz/share/sam_bot_nav2_gz/src/gz_ros2_control/.github/workflows/ci-format.yaml
-- Installing: /home/ubuntu/ros2_ws/src/sam_bot_nav2_gz/install/sam_bot_nav2_gz/share/sam_bot_nav2_gz/src/gz_ros2_control/.github/dependabot.yml
-- Installing: /home/ubuntu/ros2_ws/src/sam_bot_nav2_gz/install/sam_bot_nav2_gz/share/sam_bot_nav2_gz/src/gz_ros2_control/gz_ros2_control_demos
-- Installing: /home/ubuntu/ros2_ws/src/sam_bot_nav2_gz/install/sam_bot_nav2_gz/share/sam_bot_nav2_gz/src/gz_ros2_control/gz_ros2_control_demos/CHANGELOG.rst
-- Installing: /home/ubuntu/ros2_ws/src/sam_bot_nav2_gz/install/sam_bot_nav2_gz/share/sam_bot_nav2_gz/src/gz_ros2_control/gz_ros2_control_demos/CMakeLists.txt
-- Installing: /home/ubuntu/ros2_ws/src/sam_bot_nav2_gz/install/sam_bot_nav2_gz/share/sam_bot_nav2_gz/src/gz_ros2_control/gz_ros2_control_demos/examples
-- Installing: /home/ubuntu/ros2_ws/src/sam_bot_nav2_gz/install/sam_bot_nav2_gz/share/sam_bot_nav2_gz/src/gz_ros2_control/gz_ros2_control_demos/examples/example_effort.cpp
-- Installing: /home/ubuntu/ros2_ws/src/sam_bot_nav2_gz/install/sam_bot_nav2_gz/share/sam_bot_nav2_gz/src/gz_ros2_control/gz_ros2_control_demos/examples/example_velocity.cpp
-- Installing: /home/ubuntu/ros2_ws/src/sam_bot_nav2_gz/install/sam_bot_nav2_gz/share/sam_bot_nav2_gz/src/gz_ros2_control/gz_ros2_control_demos/examples/example_diff_drive.cpp
-- Installing: /home/ubuntu/ros2_ws/src/sam_bot_nav2_gz/install/sam_bot_nav2_gz/share/sam_bot_nav2_gz/src/gz_ros2_control/gz_ros2_control_demos/examples/example_tricycle_drive.cpp
-- Installing: /home/ubuntu/ros2_ws/src/sam_bot_nav2_gz/install/sam_bot_nav2_gz/share/sam_bot_nav2_gz/src/gz_ros2_control/gz_ros2_control_demos/examples/example_gripper.cpp
-- Installing: /home/ubuntu/ros2_ws/src/sam_bot_nav2_gz/install/sam_bot_nav2_gz/share/sam_bot_nav2_gz/src/gz_ros2_control/gz_ros2_control_demos/examples/example_position.cpp
-- Installing: /home/ubuntu/ros2_ws/src/sam_bot_nav2_gz/install/sam_bot_nav2_gz/share/sam_bot_nav2_gz/src/gz_ros2_control/gz_ros2_control_demos/package.xml
-- Installing: /home/ubuntu/ros2_ws/src/sam_bot_nav2_gz/install/sam_bot_nav2_gz/share/sam_bot_nav2_gz/src/gz_ros2_control/gz_ros2_control_demos/launch
-- Installing: /home/ubuntu/ros2_ws/src/sam_bot_nav2_gz/install/sam_bot_nav2_gz/share/sam_bot_nav2_gz/src/gz_ros2_control/gz_ros2_control_demos/launch/cart_example_velocity.launch.py
-- Installing: /home/ubuntu/ros2_ws/src/sam_bot_nav2_gz/install/sam_bot_nav2_gz/share/sam_bot_nav2_gz/src/gz_ros2_control/gz_ros2_control_demos/launch/cart_example_effort.launch.py
-- Installing: /home/ubuntu/ros2_ws/src/sam_bot_nav2_gz/install/sam_bot_nav2_gz/share/sam_bot_nav2_gz/src/gz_ros2_control/gz_ros2_control_demos/launch/tricycle_drive_example.launch.py
-- Installing: /home/ubuntu/ros2_ws/src/sam_bot_nav2_gz/install/sam_bot_nav2_gz/share/sam_bot_nav2_gz/src/gz_ros2_control/gz_ros2_control_demos/launch/diff_drive_example.launch.py
-- Installing: /home/ubuntu/ros2_ws/src/sam_bot_nav2_gz/install/sam_bot_nav2_gz/share/sam_bot_nav2_gz/src/gz_ros2_control/gz_ros2_control_demos/launch/gripper_mimic_joint_example.launch.py
-- Installing: /home/ubuntu/ros2_ws/src/sam_bot_nav2_gz/install/sam_bot_nav2_gz/share/sam_bot_nav2_gz/src/gz_ros2_control/gz_ros2_control_demos/launch/cart_example_position.launch.py
-- Installing: /home/ubuntu/ros2_ws/src/sam_bot_nav2_gz/install/sam_bot_nav2_gz/share/sam_bot_nav2_gz/src/gz_ros2_control/gz_ros2_control_demos/urdf
-- Installing: /home/ubuntu/ros2_ws/src/sam_bot_nav2_gz/install/sam_bot_nav2_gz/share/sam_bot_nav2_gz/src/gz_ros2_control/gz_ros2_control_demos/urdf/test_cart_position.xacro.urdf
-- Installing: /home/ubuntu/ros2_ws/src/sam_bot_nav2_gz/install/sam_bot_nav2_gz/share/sam_bot_nav2_gz/src/gz_ros2_control/gz_ros2_control_demos/urdf/test_cart_effort.xacro.urdf
-- Installing: /home/ubuntu/ros2_ws/src/sam_bot_nav2_gz/install/sam_bot_nav2_gz/share/sam_bot_nav2_gz/src/gz_ros2_control/gz_ros2_control_demos/urdf/test_gripper_mimic_joint.xacro.urdf
-- Installing: /home/ubuntu/ros2_ws/src/sam_bot_nav2_gz/install/sam_bot_nav2_gz/share/sam_bot_nav2_gz/src/gz_ros2_control/gz_ros2_control_demos/urdf/test_tricycle_drive.xacro.urdf
-- Installing: /home/ubuntu/ros2_ws/src/sam_bot_nav2_gz/install/sam_bot_nav2_gz/share/sam_bot_nav2_gz/src/gz_ros2_control/gz_ros2_control_demos/urdf/test_diff_drive.xacro.urdf
-- Installing: /home/ubuntu/ros2_ws/src/sam_bot_nav2_gz/install/sam_bot_nav2_gz/share/sam_bot_nav2_gz/src/gz_ros2_control/gz_ros2_control_demos/urdf/test_cart_velocity.xacro.urdf
-- Installing: /home/ubuntu/ros2_ws/src/sam_bot_nav2_gz/install/sam_bot_nav2_gz/share/sam_bot_nav2_gz/src/gz_ros2_control/gz_ros2_control_demos/config
-- Installing: /home/ubuntu/ros2_ws/src/sam_bot_nav2_gz/install/sam_bot_nav2_gz/share/sam_bot_nav2_gz/src/gz_ros2_control/gz_ros2_control_demos/config/gripper_controller.yaml
-- Installing: /home/ubuntu/ros2_ws/src/sam_bot_nav2_gz/install/sam_bot_nav2_gz/share/sam_bot_nav2_gz/src/gz_ros2_control/gz_ros2_control_demos/config/cart_controller_position.yaml
-- Installing: /home/ubuntu/ros2_ws/src/sam_bot_nav2_gz/install/sam_bot_nav2_gz/share/sam_bot_nav2_gz/src/gz_ros2_control/gz_ros2_control_demos/config/diff_drive_controller_velocity.yaml
-- Installing: /home/ubuntu/ros2_ws/src/sam_bot_nav2_gz/install/sam_bot_nav2_gz/share/sam_bot_nav2_gz/src/gz_ros2_control/gz_ros2_control_demos/config/tricycle_drive_controller.yaml
-- Installing: /home/ubuntu/ros2_ws/src/sam_bot_nav2_gz/install/sam_bot_nav2_gz/share/sam_bot_nav2_gz/src/gz_ros2_control/gz_ros2_control_demos/config/cart_controller_effort.yaml
-- Installing: /home/ubuntu/ros2_ws/src/sam_bot_nav2_gz/install/sam_bot_nav2_gz/share/sam_bot_nav2_gz/src/gz_ros2_control/gz_ros2_control_demos/config/cart_controller_velocity.yaml
-- Installing: /home/ubuntu/ros2_ws/src/sam_bot_nav2_gz/install/sam_bot_nav2_gz/share/sam_bot_nav2_gz/src/gz_ros2_control/gz_ros2_control_tests
-- Installing: /home/ubuntu/ros2_ws/src/sam_bot_nav2_gz/install/sam_bot_nav2_gz/share/sam_bot_nav2_gz/src/gz_ros2_control/gz_ros2_control_tests/CHANGELOG.rst
-- Installing: /home/ubuntu/ros2_ws/src/sam_bot_nav2_gz/install/sam_bot_nav2_gz/share/sam_bot_nav2_gz/src/gz_ros2_control/gz_ros2_control_tests/src
-- Installing: /home/ubuntu/ros2_ws/src/sam_bot_nav2_gz/install/sam_bot_nav2_gz/share/sam_bot_nav2_gz/src/gz_ros2_control/gz_ros2_control_tests/src/test_position.cpp
-- Installing: /home/ubuntu/ros2_ws/src/sam_bot_nav2_gz/install/sam_bot_nav2_gz/share/sam_bot_nav2_gz/src/gz_ros2_control/gz_ros2_control_tests/tests
-- Installing: /home/ubuntu/ros2_ws/src/sam_bot_nav2_gz/install/sam_bot_nav2_gz/share/sam_bot_nav2_gz/src/gz_ros2_control/gz_ros2_control_tests/tests/CMakeLists.txt
-- Installing: /home/ubuntu/ros2_ws/src/sam_bot_nav2_gz/install/sam_bot_nav2_gz/share/sam_bot_nav2_gz/src/gz_ros2_control/gz_ros2_control_tests/tests/position_test.py
-- Installing: /home/ubuntu/ros2_ws/src/sam_bot_nav2_gz/install/sam_bot_nav2_gz/share/sam_bot_nav2_gz/src/gz_ros2_control/gz_ros2_control_tests/CMakeLists.txt
-- Installing: /home/ubuntu/ros2_ws/src/sam_bot_nav2_gz/install/sam_bot_nav2_gz/share/sam_bot_nav2_gz/src/gz_ros2_control/gz_ros2_control_tests/package.xml
-- Installing: /home/ubuntu/ros2_ws/src/sam_bot_nav2_gz/install/sam_bot_nav2_gz/share/sam_bot_nav2_gz/src/gz_ros2_control/gz_ros2_control_tests/urdf
-- Installing: /home/ubuntu/ros2_ws/src/sam_bot_nav2_gz/install/sam_bot_nav2_gz/share/sam_bot_nav2_gz/src/gz_ros2_control/gz_ros2_control_tests/urdf/test_cart_position.xacro.urdf
-- Installing: /home/ubuntu/ros2_ws/src/sam_bot_nav2_gz/install/sam_bot_nav2_gz/share/sam_bot_nav2_gz/src/gz_ros2_control/gz_ros2_control_tests/config
-- Installing: /home/ubuntu/ros2_ws/src/sam_bot_nav2_gz/install/sam_bot_nav2_gz/share/sam_bot_nav2_gz/src/gz_ros2_control/gz_ros2_control_tests/config/cart_controller_position.yaml
-- Installing: /home/ubuntu/ros2_ws/src/sam_bot_nav2_gz/install/sam_bot_nav2_gz/share/sam_bot_nav2_gz/src/gz_ros2_control/Dockerfile
-- Installing: /home/ubuntu/ros2_ws/src/sam_bot_nav2_gz/install/sam_bot_nav2_gz/share/sam_bot_nav2_gz/src/gz_ros2_control/Dockerfile/Dockerfile
-- Installing: /home/ubuntu/ros2_ws/src/sam_bot_nav2_gz/install/sam_bot_nav2_gz/share/sam_bot_nav2_gz/src/gz_ros2_control/Dockerfile/entrypoint.sh
-- Installing: /home/ubuntu/ros2_ws/src/sam_bot_nav2_gz/install/sam_bot_nav2_gz/share/sam_bot_nav2_gz/src/gz_ros2_control/doc
-- Installing: /home/ubuntu/ros2_ws/src/sam_bot_nav2_gz/install/sam_bot_nav2_gz/share/sam_bot_nav2_gz/src/gz_ros2_control/doc/index.rst
-- Installing: /home/ubuntu/ros2_ws/src/sam_bot_nav2_gz/install/sam_bot_nav2_gz/share/sam_bot_nav2_gz/src/gz_ros2_control/doc/img
-- Installing: /home/ubuntu/ros2_ws/src/sam_bot_nav2_gz/install/sam_bot_nav2_gz/share/sam_bot_nav2_gz/src/gz_ros2_control/doc/img/diff_drive.gif
-- Installing: /home/ubuntu/ros2_ws/src/sam_bot_nav2_gz/install/sam_bot_nav2_gz/share/sam_bot_nav2_gz/src/gz_ros2_control/doc/img/gz_ros2_control.gif
-- Installing: /home/ubuntu/ros2_ws/src/sam_bot_nav2_gz/install/sam_bot_nav2_gz/share/sam_bot_nav2_gz/src/gz_ros2_control/doc/img/ign_ros2_control.gif
-- Installing: /home/ubuntu/ros2_ws/src/sam_bot_nav2_gz/install/sam_bot_nav2_gz/share/sam_bot_nav2_gz/src/gz_ros2_control/LICENSE
-- Installing: /home/ubuntu/ros2_ws/src/sam_bot_nav2_gz/install/sam_bot_nav2_gz/share/sam_bot_nav2_gz/src/gz_ros2_control/.git
-- Installing: /home/ubuntu/ros2_ws/src/sam_bot_nav2_gz/install/sam_bot_nav2_gz/share/sam_bot_nav2_gz/src/gz_ros2_control/.git/info
-- Installing: /home/ubuntu/ros2_ws/src/sam_bot_nav2_gz/install/sam_bot_nav2_gz/share/sam_bot_nav2_gz/src/gz_ros2_control/.git/info/exclude
-- Installing: /home/ubuntu/ros2_ws/src/sam_bot_nav2_gz/install/sam_bot_nav2_gz/share/sam_bot_nav2_gz/src/gz_ros2_control/.git/index
-- Installing: /home/ubuntu/ros2_ws/src/sam_bot_nav2_gz/install/sam_bot_nav2_gz/share/sam_bot_nav2_gz/src/gz_ros2_control/.git/refs
-- Installing: /home/ubuntu/ros2_ws/src/sam_bot_nav2_gz/install/sam_bot_nav2_gz/share/sam_bot_nav2_gz/src/gz_ros2_control/.git/refs/heads
-- Installing: /home/ubuntu/ros2_ws/src/sam_bot_nav2_gz/install/sam_bot_nav2_gz/share/sam_bot_nav2_gz/src/gz_ros2_control/.git/refs/heads/master
-- Installing: /home/ubuntu/ros2_ws/src/sam_bot_nav2_gz/install/sam_bot_nav2_gz/share/sam_bot_nav2_gz/src/gz_ros2_control/.git/refs/remotes
-- Installing: /home/ubuntu/ros2_ws/src/sam_bot_nav2_gz/install/sam_bot_nav2_gz/share/sam_bot_nav2_gz/src/gz_ros2_control/.git/refs/remotes/origin
-- Installing: /home/ubuntu/ros2_ws/src/sam_bot_nav2_gz/install/sam_bot_nav2_gz/share/sam_bot_nav2_gz/src/gz_ros2_control/.git/refs/remotes/origin/HEAD
-- Installing: /home/ubuntu/ros2_ws/src/sam_bot_nav2_gz/install/sam_bot_nav2_gz/share/sam_bot_nav2_gz/src/gz_ros2_control/.git/refs/tags
-- Installing: /home/ubuntu/ros2_ws/src/sam_bot_nav2_gz/install/sam_bot_nav2_gz/share/sam_bot_nav2_gz/src/gz_ros2_control/.git/branches
-- Installing: /home/ubuntu/ros2_ws/src/sam_bot_nav2_gz/install/sam_bot_nav2_gz/share/sam_bot_nav2_gz/src/gz_ros2_control/.git/description
-- Installing: /home/ubuntu/ros2_ws/src/sam_bot_nav2_gz/install/sam_bot_nav2_gz/share/sam_bot_nav2_gz/src/gz_ros2_control/.git/HEAD
-- Installing: /home/ubuntu/ros2_ws/src/sam_bot_nav2_gz/install/sam_bot_nav2_gz/share/sam_bot_nav2_gz/src/gz_ros2_control/.git/logs
-- Installing: /home/ubuntu/ros2_ws/src/sam_bot_nav2_gz/install/sam_bot_nav2_gz/share/sam_bot_nav2_gz/src/gz_ros2_control/.git/logs/refs
-- Installing: /home/ubuntu/ros2_ws/src/sam_bot_nav2_gz/install/sam_bot_nav2_gz/share/sam_bot_nav2_gz/src/gz_ros2_control/.git/logs/refs/heads
-- Installing: /home/ubuntu/ros2_ws/src/sam_bot_nav2_gz/install/sam_bot_nav2_gz/share/sam_bot_nav2_gz/src/gz_ros2_control/.git/logs/refs/heads/master
-- Installing: /home/ubuntu/ros2_ws/src/sam_bot_nav2_gz/install/sam_bot_nav2_gz/share/sam_bot_nav2_gz/src/gz_ros2_control/.git/logs/refs/remotes
-- Installing: /home/ubuntu/ros2_ws/src/sam_bot_nav2_gz/install/sam_bot_nav2_gz/share/sam_bot_nav2_gz/src/gz_ros2_control/.git/logs/refs/remotes/origin
-- Installing: /home/ubuntu/ros2_ws/src/sam_bot_nav2_gz/install/sam_bot_nav2_gz/share/sam_bot_nav2_gz/src/gz_ros2_control/.git/logs/refs/remotes/origin/HEAD
-- Installing: /home/ubuntu/ros2_ws/src/sam_bot_nav2_gz/install/sam_bot_nav2_gz/share/sam_bot_nav2_gz/src/gz_ros2_control/.git/logs/HEAD
-- Installing: /home/ubuntu/ros2_ws/src/sam_bot_nav2_gz/install/sam_bot_nav2_gz/share/sam_bot_nav2_gz/src/gz_ros2_control/.git/objects
-- Installing: /home/ubuntu/ros2_ws/src/sam_bot_nav2_gz/install/sam_bot_nav2_gz/share/sam_bot_nav2_gz/src/gz_ros2_control/.git/objects/info
-- Installing: /home/ubuntu/ros2_ws/src/sam_bot_nav2_gz/install/sam_bot_nav2_gz/share/sam_bot_nav2_gz/src/gz_ros2_control/.git/objects/pack
-- Installing: /home/ubuntu/ros2_ws/src/sam_bot_nav2_gz/install/sam_bot_nav2_gz/share/sam_bot_nav2_gz/src/gz_ros2_control/.git/objects/pack/pack-1614c82e57c8d45d0a5c18e9bd6d8fc842d8c5ac.idx
-- Installing: /home/ubuntu/ros2_ws/src/sam_bot_nav2_gz/install/sam_bot_nav2_gz/share/sam_bot_nav2_gz/src/gz_ros2_control/.git/objects/pack/pack-1614c82e57c8d45d0a5c18e9bd6d8fc842d8c5ac.pack
-- Installing: /home/ubuntu/ros2_ws/src/sam_bot_nav2_gz/install/sam_bot_nav2_gz/share/sam_bot_nav2_gz/src/gz_ros2_control/.git/hooks
-- Installing: /home/ubuntu/ros2_ws/src/sam_bot_nav2_gz/install/sam_bot_nav2_gz/share/sam_bot_nav2_gz/src/gz_ros2_control/.git/hooks/prepare-commit-msg.sample
-- Installing: /home/ubuntu/ros2_ws/src/sam_bot_nav2_gz/install/sam_bot_nav2_gz/share/sam_bot_nav2_gz/src/gz_ros2_control/.git/hooks/pre-rebase.sample
-- Installing: /home/ubuntu/ros2_ws/src/sam_bot_nav2_gz/install/sam_bot_nav2_gz/share/sam_bot_nav2_gz/src/gz_ros2_control/.git/hooks/push-to-checkout.sample
-- Installing: /home/ubuntu/ros2_ws/src/sam_bot_nav2_gz/install/sam_bot_nav2_gz/share/sam_bot_nav2_gz/src/gz_ros2_control/.git/hooks/pre-receive.sample
-- Installing: /home/ubuntu/ros2_ws/src/sam_bot_nav2_gz/install/sam_bot_nav2_gz/share/sam_bot_nav2_gz/src/gz_ros2_control/.git/hooks/commit-msg.sample
-- Installing: /home/ubuntu/ros2_ws/src/sam_bot_nav2_gz/install/sam_bot_nav2_gz/share/sam_bot_nav2_gz/src/gz_ros2_control/.git/hooks/pre-merge-commit.sample
-- Installing: /home/ubuntu/ros2_ws/src/sam_bot_nav2_gz/install/sam_bot_nav2_gz/share/sam_bot_nav2_gz/src/gz_ros2_control/.git/hooks/fsmonitor-watchman.sample
-- Installing: /home/ubuntu/ros2_ws/src/sam_bot_nav2_gz/install/sam_bot_nav2_gz/share/sam_bot_nav2_gz/src/gz_ros2_control/.git/hooks/applypatch-msg.sample
-- Installing: /home/ubuntu/ros2_ws/src/sam_bot_nav2_gz/install/sam_bot_nav2_gz/share/sam_bot_nav2_gz/src/gz_ros2_control/.git/hooks/pre-commit.sample
-- Installing: /home/ubuntu/ros2_ws/src/sam_bot_nav2_gz/install/sam_bot_nav2_gz/share/sam_bot_nav2_gz/src/gz_ros2_control/.git/hooks/update.sample
-- Installing: /home/ubuntu/ros2_ws/src/sam_bot_nav2_gz/install/sam_bot_nav2_gz/share/sam_bot_nav2_gz/src/gz_ros2_control/.git/hooks/pre-applypatch.sample
-- Installing: /home/ubuntu/ros2_ws/src/sam_bot_nav2_gz/install/sam_bot_nav2_gz/share/sam_bot_nav2_gz/src/gz_ros2_control/.git/hooks/pre-push.sample
-- Installing: /home/ubuntu/ros2_ws/src/sam_bot_nav2_gz/install/sam_bot_nav2_gz/share/sam_bot_nav2_gz/src/gz_ros2_control/.git/hooks/post-update.sample
-- Installing: /home/ubuntu/ros2_ws/src/sam_bot_nav2_gz/install/sam_bot_nav2_gz/share/sam_bot_nav2_gz/src/gz_ros2_control/.git/config
-- Installing: /home/ubuntu/ros2_ws/src/sam_bot_nav2_gz/install/sam_bot_nav2_gz/share/sam_bot_nav2_gz/src/gz_ros2_control/.git/packed-refs
-- Up-to-date: /home/ubuntu/ros2_ws/src/sam_bot_nav2_gz/install/sam_bot_nav2_gz/share/sam_bot_nav2_gz/src/description
-- Up-to-date: /home/ubuntu/ros2_ws/src/sam_bot_nav2_gz/install/sam_bot_nav2_gz/share/sam_bot_nav2_gz/src/description/sam_bot_description.urdf
-- Up-to-date: /home/ubuntu/ros2_ws/src/sam_bot_nav2_gz/install/sam_bot_nav2_gz/share/sam_bot_nav2_gz/src/description/sam_bot_description_ros2_control.urdf
-- Installing: /home/ubuntu/ros2_ws/src/sam_bot_nav2_gz/install/sam_bot_nav2_gz/share/sam_bot_nav2_gz/src/nav2_bringup
-- Installing: /home/ubuntu/ros2_ws/src/sam_bot_nav2_gz/install/sam_bot_nav2_gz/share/sam_bot_nav2_gz/src/nav2_bringup/rviz
-- Installing: /home/ubuntu/ros2_ws/src/sam_bot_nav2_gz/install/sam_bot_nav2_gz/share/sam_bot_nav2_gz/src/nav2_bringup/rviz/nav2_namespaced_view.rviz
-- Installing: /home/ubuntu/ros2_ws/src/sam_bot_nav2_gz/install/sam_bot_nav2_gz/share/sam_bot_nav2_gz/src/nav2_bringup/rviz/nav2_default_view.rviz
-- Installing: /home/ubuntu/ros2_ws/src/sam_bot_nav2_gz/install/sam_bot_nav2_gz/share/sam_bot_nav2_gz/src/nav2_bringup/README.md
-- Installing: /home/ubuntu/ros2_ws/src/sam_bot_nav2_gz/install/sam_bot_nav2_gz/share/sam_bot_nav2_gz/src/nav2_bringup/frames_2024-02-13_13.03.26.pdf
-- Installing: /home/ubuntu/ros2_ws/src/sam_bot_nav2_gz/install/sam_bot_nav2_gz/share/sam_bot_nav2_gz/src/nav2_bringup/CHANGELOG.rst
-- Installing: /home/ubuntu/ros2_ws/src/sam_bot_nav2_gz/install/sam_bot_nav2_gz/share/sam_bot_nav2_gz/src/nav2_bringup/worlds
-- Installing: /home/ubuntu/ros2_ws/src/sam_bot_nav2_gz/install/sam_bot_nav2_gz/share/sam_bot_nav2_gz/src/nav2_bringup/worlds/waffle.model
-- Installing: /home/ubuntu/ros2_ws/src/sam_bot_nav2_gz/install/sam_bot_nav2_gz/share/sam_bot_nav2_gz/src/nav2_bringup/worlds/world_only.model
-- Installing: /home/ubuntu/ros2_ws/src/sam_bot_nav2_gz/install/sam_bot_nav2_gz/share/sam_bot_nav2_gz/src/nav2_bringup/frames_2024-02-13_13.03.26.gv
-- Installing: /home/ubuntu/ros2_ws/src/sam_bot_nav2_gz/install/sam_bot_nav2_gz/share/sam_bot_nav2_gz/src/nav2_bringup/CMakeLists.txt
-- Installing: /home/ubuntu/ros2_ws/src/sam_bot_nav2_gz/install/sam_bot_nav2_gz/share/sam_bot_nav2_gz/src/nav2_bringup/maps
-- Installing: /home/ubuntu/ros2_ws/src/sam_bot_nav2_gz/install/sam_bot_nav2_gz/share/sam_bot_nav2_gz/src/nav2_bringup/maps/turtlebot3_world.yaml
-- Installing: /home/ubuntu/ros2_ws/src/sam_bot_nav2_gz/install/sam_bot_nav2_gz/share/sam_bot_nav2_gz/src/nav2_bringup/maps/turtlebot3_world.pgm
-- Installing: /home/ubuntu/ros2_ws/src/sam_bot_nav2_gz/install/sam_bot_nav2_gz/share/sam_bot_nav2_gz/src/nav2_bringup/package.xml
-- Installing: /home/ubuntu/ros2_ws/src/sam_bot_nav2_gz/install/sam_bot_nav2_gz/share/sam_bot_nav2_gz/src/nav2_bringup/params
-- Installing: /home/ubuntu/ros2_ws/src/sam_bot_nav2_gz/install/sam_bot_nav2_gz/share/sam_bot_nav2_gz/src/nav2_bringup/params/nav2_params.yaml
-- Installing: /home/ubuntu/ros2_ws/src/sam_bot_nav2_gz/install/sam_bot_nav2_gz/share/sam_bot_nav2_gz/src/nav2_bringup/params/nav2_multirobot_params_2.yaml
-- Installing: /home/ubuntu/ros2_ws/src/sam_bot_nav2_gz/install/sam_bot_nav2_gz/share/sam_bot_nav2_gz/src/nav2_bringup/params/nav2_multirobot_params_all.yaml
-- Installing: /home/ubuntu/ros2_ws/src/sam_bot_nav2_gz/install/sam_bot_nav2_gz/share/sam_bot_nav2_gz/src/nav2_bringup/params/nav2_multirobot_params_1.yaml
-- Installing: /home/ubuntu/ros2_ws/src/sam_bot_nav2_gz/install/sam_bot_nav2_gz/share/sam_bot_nav2_gz/src/nav2_bringup/launch
-- Installing: /home/ubuntu/ros2_ws/src/sam_bot_nav2_gz/install/sam_bot_nav2_gz/share/sam_bot_nav2_gz/src/nav2_bringup/launch/localization_launch.py
-- Installing: /home/ubuntu/ros2_ws/src/sam_bot_nav2_gz/install/sam_bot_nav2_gz/share/sam_bot_nav2_gz/src/nav2_bringup/launch/rviz_launch.py
-- Installing: /home/ubuntu/ros2_ws/src/sam_bot_nav2_gz/install/sam_bot_nav2_gz/share/sam_bot_nav2_gz/src/nav2_bringup/launch/bringup_launch.py
-- Installing: /home/ubuntu/ros2_ws/src/sam_bot_nav2_gz/install/sam_bot_nav2_gz/share/sam_bot_nav2_gz/src/nav2_bringup/launch/unique_multi_tb3_simulation_launch.py
-- Installing: /home/ubuntu/ros2_ws/src/sam_bot_nav2_gz/install/sam_bot_nav2_gz/share/sam_bot_nav2_gz/src/nav2_bringup/launch/cloned_multi_tb3_simulation_launch.py
-- Installing: /home/ubuntu/ros2_ws/src/sam_bot_nav2_gz/install/sam_bot_nav2_gz/share/sam_bot_nav2_gz/src/nav2_bringup/launch/navigation_launch.py
-- Installing: /home/ubuntu/ros2_ws/src/sam_bot_nav2_gz/install/sam_bot_nav2_gz/share/sam_bot_nav2_gz/src/nav2_bringup/launch/slam_launch.py
-- Installing: /home/ubuntu/ros2_ws/src/sam_bot_nav2_gz/install/sam_bot_nav2_gz/share/sam_bot_nav2_gz/src/nav2_bringup/launch/tb3_simulation_launch.py
-- Installing: /home/ubuntu/ros2_ws/src/sam_bot_nav2_gz/install/sam_bot_nav2_gz/share/sam_bot_nav2_gz/src/nav2_bringup/urdf
-- Installing: /home/ubuntu/ros2_ws/src/sam_bot_nav2_gz/install/sam_bot_nav2_gz/share/sam_bot_nav2_gz/src/nav2_bringup/urdf/turtlebot3_waffle.urdf
-- Up-to-date: /home/ubuntu/ros2_ws/src/sam_bot_nav2_gz/install/sam_bot_nav2_gz/share/sam_bot_nav2_gz/scripts
-- Up-to-date: /home/ubuntu/ros2_ws/src/sam_bot_nav2_gz/install/sam_bot_nav2_gz/share/sam_bot_nav2_gz/scripts/__init__.py
-- Up-to-date: /home/ubuntu/ros2_ws/src/sam_bot_nav2_gz/install/sam_bot_nav2_gz/share/sam_bot_nav2_gz/scripts/reach_goal.py
-- Up-to-date: /home/ubuntu/ros2_ws/src/sam_bot_nav2_gz/install/sam_bot_nav2_gz/share/sam_bot_nav2_gz/scripts/follow_waypoints.py
-- Up-to-date: /home/ubuntu/ros2_ws/src/sam_bot_nav2_gz/install/sam_bot_nav2_gz/share/sam_bot_nav2_gz/launch
-- Up-to-date: /home/ubuntu/ros2_ws/src/sam_bot_nav2_gz/install/sam_bot_nav2_gz/share/sam_bot_nav2_gz/launch/diff_drive.launch.py
-- Up-to-date: /home/ubuntu/ros2_ws/src/sam_bot_nav2_gz/install/sam_bot_nav2_gz/share/sam_bot_nav2_gz/launch/display.launch.py
-- Up-to-date: /home/ubuntu/ros2_ws/src/sam_bot_nav2_gz/install/sam_bot_nav2_gz/share/sam_bot_nav2_gz/launch/tst_diff_drive.launch.py
-- Up-to-date: /home/ubuntu/ros2_ws/src/sam_bot_nav2_gz/install/sam_bot_nav2_gz/share/sam_bot_nav2_gz/rviz
-- Up-to-date: /home/ubuntu/ros2_ws/src/sam_bot_nav2_gz/install/sam_bot_nav2_gz/share/sam_bot_nav2_gz/rviz/navigation_config.rviz
-- Up-to-date: /home/ubuntu/ros2_ws/src/sam_bot_nav2_gz/install/sam_bot_nav2_gz/share/sam_bot_nav2_gz/rviz/urdf_config.rviz
-- Up-to-date: /home/ubuntu/ros2_ws/src/sam_bot_nav2_gz/install/sam_bot_nav2_gz/share/sam_bot_nav2_gz/config
-- Up-to-date: /home/ubuntu/ros2_ws/src/sam_bot_nav2_gz/install/sam_bot_nav2_gz/share/sam_bot_nav2_gz/config/nav2_params.yaml
-- Up-to-date: /home/ubuntu/ros2_ws/src/sam_bot_nav2_gz/install/sam_bot_nav2_gz/share/sam_bot_nav2_gz/config/diff_drive_controller_velocity.yaml
-- Up-to-date: /home/ubuntu/ros2_ws/src/sam_bot_nav2_gz/install/sam_bot_nav2_gz/share/sam_bot_nav2_gz/config/ros_gz_example_bridge.yaml
-- Up-to-date: /home/ubuntu/ros2_ws/src/sam_bot_nav2_gz/install/sam_bot_nav2_gz/share/sam_bot_nav2_gz/world
-- Up-to-date: /home/ubuntu/ros2_ws/src/sam_bot_nav2_gz/install/sam_bot_nav2_gz/share/sam_bot_nav2_gz/world/empty.sdf
-- Up-to-date: /home/ubuntu/ros2_ws/src/sam_bot_nav2_gz/install/sam_bot_nav2_gz/share/sam_bot_nav2_gz/world/turtlebot3_world.sdf
-- Up-to-date: /home/ubuntu/ros2_ws/src/sam_bot_nav2_gz/install/sam_bot_nav2_gz/share/sam_bot_nav2_gz/models
-- Up-to-date: /home/ubuntu/ros2_ws/src/sam_bot_nav2_gz/install/sam_bot_nav2_gz/share/sam_bot_nav2_gz/models/turtlebot3_world
-- Up-to-date: /home/ubuntu/ros2_ws/src/sam_bot_nav2_gz/install/sam_bot_nav2_gz/share/sam_bot_nav2_gz/models/turtlebot3_world/meshes
-- Up-to-date: /home/ubuntu/ros2_ws/src/sam_bot_nav2_gz/install/sam_bot_nav2_gz/share/sam_bot_nav2_gz/models/turtlebot3_world/meshes/wall.dae
-- Up-to-date: /home/ubuntu/ros2_ws/src/sam_bot_nav2_gz/install/sam_bot_nav2_gz/share/sam_bot_nav2_gz/models/turtlebot3_world/meshes/hexagon.dae
-- Up-to-date: /home/ubuntu/ros2_ws/src/sam_bot_nav2_gz/install/sam_bot_nav2_gz/share/sam_bot_nav2_gz/maps
-- Up-to-date: /home/ubuntu/ros2_ws/src/sam_bot_nav2_gz/install/sam_bot_nav2_gz/share/sam_bot_nav2_gz/maps/turtlebot3_world.yaml
-- Up-to-date: /home/ubuntu/ros2_ws/src/sam_bot_nav2_gz/install/sam_bot_nav2_gz/share/sam_bot_nav2_gz/maps/turtlebot3_world.pgm
-- Up-to-date: /home/ubuntu/ros2_ws/src/sam_bot_nav2_gz/install/sam_bot_nav2_gz/lib/sam_bot_nav2_gz/reach_goal.py
-- Up-to-date: /home/ubuntu/ros2_ws/src/sam_bot_nav2_gz/install/sam_bot_nav2_gz/lib/sam_bot_nav2_gz/follow_waypoints.py
-- Up-to-date: /home/ubuntu/ros2_ws/src/sam_bot_nav2_gz/install/sam_bot_nav2_gz/share/ament_index/resource_index/package_run_dependencies/sam_bot_nav2_gz
-- Up-to-date: /home/ubuntu/ros2_ws/src/sam_bot_nav2_gz/install/sam_bot_nav2_gz/share/ament_index/resource_index/parent_prefix_path/sam_bot_nav2_gz
-- Up-to-date: /home/ubuntu/ros2_ws/src/sam_bot_nav2_gz/install/sam_bot_nav2_gz/share/sam_bot_nav2_gz/environment/ament_prefix_path.sh
-- Up-to-date: /home/ubuntu/ros2_ws/src/sam_bot_nav2_gz/install/sam_bot_nav2_gz/share/sam_bot_nav2_gz/environment/ament_prefix_path.dsv
-- Up-to-date: /home/ubuntu/ros2_ws/src/sam_bot_nav2_gz/install/sam_bot_nav2_gz/share/sam_bot_nav2_gz/environment/path.sh
-- Up-to-date: /home/ubuntu/ros2_ws/src/sam_bot_nav2_gz/install/sam_bot_nav2_gz/share/sam_bot_nav2_gz/environment/path.dsv
-- Up-to-date: /home/ubuntu/ros2_ws/src/sam_bot_nav2_gz/install/sam_bot_nav2_gz/share/sam_bot_nav2_gz/local_setup.bash
-- Up-to-date: /home/ubuntu/ros2_ws/src/sam_bot_nav2_gz/install/sam_bot_nav2_gz/share/sam_bot_nav2_gz/local_setup.sh
-- Up-to-date: /home/ubuntu/ros2_ws/src/sam_bot_nav2_gz/install/sam_bot_nav2_gz/share/sam_bot_nav2_gz/local_setup.zsh
-- Up-to-date: /home/ubuntu/ros2_ws/src/sam_bot_nav2_gz/install/sam_bot_nav2_gz/share/sam_bot_nav2_gz/local_setup.dsv
-- Installing: /home/ubuntu/ros2_ws/src/sam_bot_nav2_gz/install/sam_bot_nav2_gz/share/sam_bot_nav2_gz/package.dsv
-- Up-to-date: /home/ubuntu/ros2_ws/src/sam_bot_nav2_gz/install/sam_bot_nav2_gz/share/ament_index/resource_index/packages/sam_bot_nav2_gz
-- Up-to-date: /home/ubuntu/ros2_ws/src/sam_bot_nav2_gz/install/sam_bot_nav2_gz/share/sam_bot_nav2_gz/cmake/sam_bot_nav2_gzConfig.cmake
-- Up-to-date: /home/ubuntu/ros2_ws/src/sam_bot_nav2_gz/install/sam_bot_nav2_gz/share/sam_bot_nav2_gz/cmake/sam_bot_nav2_gzConfig-version.cmake
-- Up-to-date: /home/ubuntu/ros2_ws/src/sam_bot_nav2_gz/install/sam_bot_nav2_gz/share/sam_bot_nav2_gz/package.xml
