[0.068s] Invoking command in '/home/ubuntu/ros2_ws/src/sam_bot_nav2_gz/build/sam_bot_nav2_gz': CMAKE_PREFIX_PATH=${CMAKE_PREFIX_PATH}:/opt/ros/iron /usr/bin/cmake --build /home/ubuntu/ros2_ws/src/sam_bot_nav2_gz/build/sam_bot_nav2_gz -- -j8 -l8
[0.099s] Invoked command in '/home/ubuntu/ros2_ws/src/sam_bot_nav2_gz/build/sam_bot_nav2_gz' returned '0': CMAKE_PREFIX_PATH=${CMAKE_PREFIX_PATH}:/opt/ros/iron /usr/bin/cmake --build /home/ubuntu/ros2_ws/src/sam_bot_nav2_gz/build/sam_bot_nav2_gz -- -j8 -l8
[0.128s] Invoking command in '/home/ubuntu/ros2_ws/src/sam_bot_nav2_gz/build/sam_bot_nav2_gz': CMAKE_PREFIX_PATH=${CMAKE_PREFIX_PATH}:/opt/ros/iron /usr/bin/cmake --install /home/ubuntu/ros2_ws/src/sam_bot_nav2_gz/build/sam_bot_nav2_gz
[0.135s] -- Install configuration: ""
[0.135s] -- Up-to-date: /home/ubuntu/ros2_ws/src/sam_bot_nav2_gz/install/sam_bot_nav2_gz/share/sam_bot_nav2_gz/src
[0.135s] -- Installing: /home/ubuntu/ros2_ws/src/sam_bot_nav2_gz/install/sam_bot_nav2_gz/share/sam_bot_nav2_gz/src/gz_ros2_control
[0.135s] -- Installing: /home/ubuntu/ros2_ws/src/sam_bot_nav2_gz/install/sam_bot_nav2_gz/share/sam_bot_nav2_gz/src/gz_ros2_control/gz_ros2_control
[0.135s] -- Installing: /home/ubuntu/ros2_ws/src/sam_bot_nav2_gz/install/sam_bot_nav2_gz/share/sam_bot_nav2_gz/src/gz_ros2_control/gz_ros2_control/gz_hardware_plugins.xml
[0.136s] -- Installing: /home/ubuntu/ros2_ws/src/sam_bot_nav2_gz/install/sam_bot_nav2_gz/share/sam_bot_nav2_gz/src/gz_ros2_control/gz_ros2_control/CHANGELOG.rst
[0.136s] -- Installing: /home/ubuntu/ros2_ws/src/sam_bot_nav2_gz/install/sam_bot_nav2_gz/share/sam_bot_nav2_gz/src/gz_ros2_control/gz_ros2_control/src
[0.136s] -- Installing: /home/ubuntu/ros2_ws/src/sam_bot_nav2_gz/install/sam_bot_nav2_gz/share/sam_bot_nav2_gz/src/gz_ros2_control/gz_ros2_control/src/gz_ros2_control_plugin.cpp
[0.136s] -- Installing: /home/ubuntu/ros2_ws/src/sam_bot_nav2_gz/install/sam_bot_nav2_gz/share/sam_bot_nav2_gz/src/gz_ros2_control/gz_ros2_control/src/gz_system.cpp
[0.136s] -- Installing: /home/ubuntu/ros2_ws/src/sam_bot_nav2_gz/install/sam_bot_nav2_gz/share/sam_bot_nav2_gz/src/gz_ros2_control/gz_ros2_control/CMakeLists.txt
[0.136s] -- Installing: /home/ubuntu/ros2_ws/src/sam_bot_nav2_gz/install/sam_bot_nav2_gz/share/sam_bot_nav2_gz/src/gz_ros2_control/gz_ros2_control/package.xml
[0.136s] -- Installing: /home/ubuntu/ros2_ws/src/sam_bot_nav2_gz/install/sam_bot_nav2_gz/share/sam_bot_nav2_gz/src/gz_ros2_control/gz_ros2_control/include
[0.136s] -- Installing: /home/ubuntu/ros2_ws/src/sam_bot_nav2_gz/install/sam_bot_nav2_gz/share/sam_bot_nav2_gz/src/gz_ros2_control/gz_ros2_control/include/gz_ros2_control
[0.137s] -- Installing: /home/ubuntu/ros2_ws/src/sam_bot_nav2_gz/install/sam_bot_nav2_gz/share/sam_bot_nav2_gz/src/gz_ros2_control/gz_ros2_control/include/gz_ros2_control/gz_system_interface.hpp
[0.137s] -- Installing: /home/ubuntu/ros2_ws/src/sam_bot_nav2_gz/install/sam_bot_nav2_gz/share/sam_bot_nav2_gz/src/gz_ros2_control/gz_ros2_control/include/gz_ros2_control/gz_ros2_control_plugin.hpp
[0.137s] -- Installing: /home/ubuntu/ros2_ws/src/sam_bot_nav2_gz/install/sam_bot_nav2_gz/share/sam_bot_nav2_gz/src/gz_ros2_control/gz_ros2_control/include/gz_ros2_control/gz_system.hpp
[0.137s] -- Installing: /home/ubuntu/ros2_ws/src/sam_bot_nav2_gz/install/sam_bot_nav2_gz/share/sam_bot_nav2_gz/src/gz_ros2_control/gz_ros2_control/LICENSE
[0.137s] -- Installing: /home/ubuntu/ros2_ws/src/sam_bot_nav2_gz/install/sam_bot_nav2_gz/share/sam_bot_nav2_gz/src/gz_ros2_control/README.md
[0.137s] -- Installing: /home/ubuntu/ros2_ws/src/sam_bot_nav2_gz/install/sam_bot_nav2_gz/share/sam_bot_nav2_gz/src/gz_ros2_control/.pre-commit-config.yaml
[0.137s] -- Installing: /home/ubuntu/ros2_ws/src/sam_bot_nav2_gz/install/sam_bot_nav2_gz/share/sam_bot_nav2_gz/src/gz_ros2_control/.github
[0.138s] -- Installing: /home/ubuntu/ros2_ws/src/sam_bot_nav2_gz/install/sam_bot_nav2_gz/share/sam_bot_nav2_gz/src/gz_ros2_control/.github/CODEOWNERS
[0.138s] -- Installing: /home/ubuntu/ros2_ws/src/sam_bot_nav2_gz/install/sam_bot_nav2_gz/share/sam_bot_nav2_gz/src/gz_ros2_control/.github/workflows
[0.138s] -- Installing: /home/ubuntu/ros2_ws/src/sam_bot_nav2_gz/install/sam_bot_nav2_gz/share/sam_bot_nav2_gz/src/gz_ros2_control/.github/workflows/ci-check-docs.yml
[0.138s] -- Installing: /home/ubuntu/ros2_ws/src/sam_bot_nav2_gz/install/sam_bot_nav2_gz/share/sam_bot_nav2_gz/src/gz_ros2_control/.github/workflows/triage.yml
[0.138s] -- Installing: /home/ubuntu/ros2_ws/src/sam_bot_nav2_gz/install/sam_bot_nav2_gz/share/sam_bot_nav2_gz/src/gz_ros2_control/.github/workflows/ci-iron.yaml
[0.138s] -- Installing: /home/ubuntu/ros2_ws/src/sam_bot_nav2_gz/install/sam_bot_nav2_gz/share/sam_bot_nav2_gz/src/gz_ros2_control/.github/workflows/ci-rolling.yaml
[0.138s] -- Installing: /home/ubuntu/ros2_ws/src/sam_bot_nav2_gz/install/sam_bot_nav2_gz/share/sam_bot_nav2_gz/src/gz_ros2_control/.github/workflows/ci-format.yaml
[0.139s] -- Installing: /home/ubuntu/ros2_ws/src/sam_bot_nav2_gz/install/sam_bot_nav2_gz/share/sam_bot_nav2_gz/src/gz_ros2_control/.github/dependabot.yml
[0.139s] -- Installing: /home/ubuntu/ros2_ws/src/sam_bot_nav2_gz/install/sam_bot_nav2_gz/share/sam_bot_nav2_gz/src/gz_ros2_control/gz_ros2_control_demos
[0.139s] -- Installing: /home/ubuntu/ros2_ws/src/sam_bot_nav2_gz/install/sam_bot_nav2_gz/share/sam_bot_nav2_gz/src/gz_ros2_control/gz_ros2_control_demos/CHANGELOG.rst
[0.139s] -- Installing: /home/ubuntu/ros2_ws/src/sam_bot_nav2_gz/install/sam_bot_nav2_gz/share/sam_bot_nav2_gz/src/gz_ros2_control/gz_ros2_control_demos/CMakeLists.txt
[0.139s] -- Installing: /home/ubuntu/ros2_ws/src/sam_bot_nav2_gz/install/sam_bot_nav2_gz/share/sam_bot_nav2_gz/src/gz_ros2_control/gz_ros2_control_demos/examples
[0.139s] -- Installing: /home/ubuntu/ros2_ws/src/sam_bot_nav2_gz/install/sam_bot_nav2_gz/share/sam_bot_nav2_gz/src/gz_ros2_control/gz_ros2_control_demos/examples/example_effort.cpp
[0.139s] -- Installing: /home/ubuntu/ros2_ws/src/sam_bot_nav2_gz/install/sam_bot_nav2_gz/share/sam_bot_nav2_gz/src/gz_ros2_control/gz_ros2_control_demos/examples/example_velocity.cpp
[0.139s] -- Installing: /home/ubuntu/ros2_ws/src/sam_bot_nav2_gz/install/sam_bot_nav2_gz/share/sam_bot_nav2_gz/src/gz_ros2_control/gz_ros2_control_demos/examples/example_diff_drive.cpp
[0.140s] -- Installing: /home/ubuntu/ros2_ws/src/sam_bot_nav2_gz/install/sam_bot_nav2_gz/share/sam_bot_nav2_gz/src/gz_ros2_control/gz_ros2_control_demos/examples/example_tricycle_drive.cpp
[0.140s] -- Installing: /home/ubuntu/ros2_ws/src/sam_bot_nav2_gz/install/sam_bot_nav2_gz/share/sam_bot_nav2_gz/src/gz_ros2_control/gz_ros2_control_demos/examples/example_gripper.cpp
[0.140s] -- Installing: /home/ubuntu/ros2_ws/src/sam_bot_nav2_gz/install/sam_bot_nav2_gz/share/sam_bot_nav2_gz/src/gz_ros2_control/gz_ros2_control_demos/examples/example_position.cpp
[0.140s] -- Installing: /home/ubuntu/ros2_ws/src/sam_bot_nav2_gz/install/sam_bot_nav2_gz/share/sam_bot_nav2_gz/src/gz_ros2_control/gz_ros2_control_demos/package.xml
[0.140s] -- Installing: /home/ubuntu/ros2_ws/src/sam_bot_nav2_gz/install/sam_bot_nav2_gz/share/sam_bot_nav2_gz/src/gz_ros2_control/gz_ros2_control_demos/launch
[0.140s] -- Installing: /home/ubuntu/ros2_ws/src/sam_bot_nav2_gz/install/sam_bot_nav2_gz/share/sam_bot_nav2_gz/src/gz_ros2_control/gz_ros2_control_demos/launch/cart_example_velocity.launch.py
[0.141s] -- Installing: /home/ubuntu/ros2_ws/src/sam_bot_nav2_gz/install/sam_bot_nav2_gz/share/sam_bot_nav2_gz/src/gz_ros2_control/gz_ros2_control_demos/launch/cart_example_effort.launch.py
[0.141s] -- Installing: /home/ubuntu/ros2_ws/src/sam_bot_nav2_gz/install/sam_bot_nav2_gz/share/sam_bot_nav2_gz/src/gz_ros2_control/gz_ros2_control_demos/launch/tricycle_drive_example.launch.py
[0.141s] -- Installing: /home/ubuntu/ros2_ws/src/sam_bot_nav2_gz/install/sam_bot_nav2_gz/share/sam_bot_nav2_gz/src/gz_ros2_control/gz_ros2_control_demos/launch/diff_drive_example.launch.py
[0.141s] -- Installing: /home/ubuntu/ros2_ws/src/sam_bot_nav2_gz/install/sam_bot_nav2_gz/share/sam_bot_nav2_gz/src/gz_ros2_control/gz_ros2_control_demos/launch/gripper_mimic_joint_example.launch.py
[0.141s] -- Installing: /home/ubuntu/ros2_ws/src/sam_bot_nav2_gz/install/sam_bot_nav2_gz/share/sam_bot_nav2_gz/src/gz_ros2_control/gz_ros2_control_demos/launch/cart_example_position.launch.py
[0.141s] -- Installing: /home/ubuntu/ros2_ws/src/sam_bot_nav2_gz/install/sam_bot_nav2_gz/share/sam_bot_nav2_gz/src/gz_ros2_control/gz_ros2_control_demos/urdf
[0.141s] -- Installing: /home/ubuntu/ros2_ws/src/sam_bot_nav2_gz/install/sam_bot_nav2_gz/share/sam_bot_nav2_gz/src/gz_ros2_control/gz_ros2_control_demos/urdf/test_cart_position.xacro.urdf
[0.142s] -- Installing: /home/ubuntu/ros2_ws/src/sam_bot_nav2_gz/install/sam_bot_nav2_gz/share/sam_bot_nav2_gz/src/gz_ros2_control/gz_ros2_control_demos/urdf/test_cart_effort.xacro.urdf
[0.142s] -- Installing: /home/ubuntu/ros2_ws/src/sam_bot_nav2_gz/install/sam_bot_nav2_gz/share/sam_bot_nav2_gz/src/gz_ros2_control/gz_ros2_control_demos/urdf/test_gripper_mimic_joint.xacro.urdf
[0.142s] -- Installing: /home/ubuntu/ros2_ws/src/sam_bot_nav2_gz/install/sam_bot_nav2_gz/share/sam_bot_nav2_gz/src/gz_ros2_control/gz_ros2_control_demos/urdf/test_tricycle_drive.xacro.urdf
[0.142s] -- Installing: /home/ubuntu/ros2_ws/src/sam_bot_nav2_gz/install/sam_bot_nav2_gz/share/sam_bot_nav2_gz/src/gz_ros2_control/gz_ros2_control_demos/urdf/test_diff_drive.xacro.urdf
[0.142s] -- Installing: /home/ubuntu/ros2_ws/src/sam_bot_nav2_gz/install/sam_bot_nav2_gz/share/sam_bot_nav2_gz/src/gz_ros2_control/gz_ros2_control_demos/urdf/test_cart_velocity.xacro.urdf
[0.142s] -- Installing: /home/ubuntu/ros2_ws/src/sam_bot_nav2_gz/install/sam_bot_nav2_gz/share/sam_bot_nav2_gz/src/gz_ros2_control/gz_ros2_control_demos/config
[0.142s] -- Installing: /home/ubuntu/ros2_ws/src/sam_bot_nav2_gz/install/sam_bot_nav2_gz/share/sam_bot_nav2_gz/src/gz_ros2_control/gz_ros2_control_demos/config/gripper_controller.yaml
[0.143s] -- Installing: /home/ubuntu/ros2_ws/src/sam_bot_nav2_gz/install/sam_bot_nav2_gz/share/sam_bot_nav2_gz/src/gz_ros2_control/gz_ros2_control_demos/config/cart_controller_position.yaml
[0.143s] -- Installing: /home/ubuntu/ros2_ws/src/sam_bot_nav2_gz/install/sam_bot_nav2_gz/share/sam_bot_nav2_gz/src/gz_ros2_control/gz_ros2_control_demos/config/diff_drive_controller_velocity.yaml
[0.143s] -- Installing: /home/ubuntu/ros2_ws/src/sam_bot_nav2_gz/install/sam_bot_nav2_gz/share/sam_bot_nav2_gz/src/gz_ros2_control/gz_ros2_control_demos/config/tricycle_drive_controller.yaml
[0.143s] -- Installing: /home/ubuntu/ros2_ws/src/sam_bot_nav2_gz/install/sam_bot_nav2_gz/share/sam_bot_nav2_gz/src/gz_ros2_control/gz_ros2_control_demos/config/cart_controller_effort.yaml
[0.143s] -- Installing: /home/ubuntu/ros2_ws/src/sam_bot_nav2_gz/install/sam_bot_nav2_gz/share/sam_bot_nav2_gz/src/gz_ros2_control/gz_ros2_control_demos/config/cart_controller_velocity.yaml
[0.143s] -- Installing: /home/ubuntu/ros2_ws/src/sam_bot_nav2_gz/install/sam_bot_nav2_gz/share/sam_bot_nav2_gz/src/gz_ros2_control/gz_ros2_control_tests
[0.143s] -- Installing: /home/ubuntu/ros2_ws/src/sam_bot_nav2_gz/install/sam_bot_nav2_gz/share/sam_bot_nav2_gz/src/gz_ros2_control/gz_ros2_control_tests/CHANGELOG.rst
[0.144s] -- Installing: /home/ubuntu/ros2_ws/src/sam_bot_nav2_gz/install/sam_bot_nav2_gz/share/sam_bot_nav2_gz/src/gz_ros2_control/gz_ros2_control_tests/src
[0.144s] -- Installing: /home/ubuntu/ros2_ws/src/sam_bot_nav2_gz/install/sam_bot_nav2_gz/share/sam_bot_nav2_gz/src/gz_ros2_control/gz_ros2_control_tests/src/test_position.cpp
[0.144s] -- Installing: /home/ubuntu/ros2_ws/src/sam_bot_nav2_gz/install/sam_bot_nav2_gz/share/sam_bot_nav2_gz/src/gz_ros2_control/gz_ros2_control_tests/tests
[0.144s] -- Installing: /home/ubuntu/ros2_ws/src/sam_bot_nav2_gz/install/sam_bot_nav2_gz/share/sam_bot_nav2_gz/src/gz_ros2_control/gz_ros2_control_tests/tests/CMakeLists.txt
[0.144s] -- Installing: /home/ubuntu/ros2_ws/src/sam_bot_nav2_gz/install/sam_bot_nav2_gz/share/sam_bot_nav2_gz/src/gz_ros2_control/gz_ros2_control_tests/tests/position_test.py
[0.144s] -- Installing: /home/ubuntu/ros2_ws/src/sam_bot_nav2_gz/install/sam_bot_nav2_gz/share/sam_bot_nav2_gz/src/gz_ros2_control/gz_ros2_control_tests/CMakeLists.txt
[0.144s] -- Installing: /home/ubuntu/ros2_ws/src/sam_bot_nav2_gz/install/sam_bot_nav2_gz/share/sam_bot_nav2_gz/src/gz_ros2_control/gz_ros2_control_tests/package.xml
[0.145s] -- Installing: /home/ubuntu/ros2_ws/src/sam_bot_nav2_gz/install/sam_bot_nav2_gz/share/sam_bot_nav2_gz/src/gz_ros2_control/gz_ros2_control_tests/urdf
[0.145s] -- Installing: /home/ubuntu/ros2_ws/src/sam_bot_nav2_gz/install/sam_bot_nav2_gz/share/sam_bot_nav2_gz/src/gz_ros2_control/gz_ros2_control_tests/urdf/test_cart_position.xacro.urdf
[0.145s] -- Installing: /home/ubuntu/ros2_ws/src/sam_bot_nav2_gz/install/sam_bot_nav2_gz/share/sam_bot_nav2_gz/src/gz_ros2_control/gz_ros2_control_tests/config
[0.145s] -- Installing: /home/ubuntu/ros2_ws/src/sam_bot_nav2_gz/install/sam_bot_nav2_gz/share/sam_bot_nav2_gz/src/gz_ros2_control/gz_ros2_control_tests/config/cart_controller_position.yaml
[0.145s] -- Installing: /home/ubuntu/ros2_ws/src/sam_bot_nav2_gz/install/sam_bot_nav2_gz/share/sam_bot_nav2_gz/src/gz_ros2_control/Dockerfile
[0.145s] -- Installing: /home/ubuntu/ros2_ws/src/sam_bot_nav2_gz/install/sam_bot_nav2_gz/share/sam_bot_nav2_gz/src/gz_ros2_control/Dockerfile/Dockerfile
[0.145s] -- Installing: /home/ubuntu/ros2_ws/src/sam_bot_nav2_gz/install/sam_bot_nav2_gz/share/sam_bot_nav2_gz/src/gz_ros2_control/Dockerfile/entrypoint.sh
[0.145s] -- Installing: /home/ubuntu/ros2_ws/src/sam_bot_nav2_gz/install/sam_bot_nav2_gz/share/sam_bot_nav2_gz/src/gz_ros2_control/doc
[0.145s] -- Installing: /home/ubuntu/ros2_ws/src/sam_bot_nav2_gz/install/sam_bot_nav2_gz/share/sam_bot_nav2_gz/src/gz_ros2_control/doc/index.rst
[0.146s] -- Installing: /home/ubuntu/ros2_ws/src/sam_bot_nav2_gz/install/sam_bot_nav2_gz/share/sam_bot_nav2_gz/src/gz_ros2_control/doc/img
[0.146s] -- Installing: /home/ubuntu/ros2_ws/src/sam_bot_nav2_gz/install/sam_bot_nav2_gz/share/sam_bot_nav2_gz/src/gz_ros2_control/doc/img/diff_drive.gif
[0.146s] -- Installing: /home/ubuntu/ros2_ws/src/sam_bot_nav2_gz/install/sam_bot_nav2_gz/share/sam_bot_nav2_gz/src/gz_ros2_control/doc/img/gz_ros2_control.gif
[0.146s] -- Installing: /home/ubuntu/ros2_ws/src/sam_bot_nav2_gz/install/sam_bot_nav2_gz/share/sam_bot_nav2_gz/src/gz_ros2_control/doc/img/ign_ros2_control.gif
[0.146s] -- Installing: /home/ubuntu/ros2_ws/src/sam_bot_nav2_gz/install/sam_bot_nav2_gz/share/sam_bot_nav2_gz/src/gz_ros2_control/LICENSE
[0.147s] -- Installing: /home/ubuntu/ros2_ws/src/sam_bot_nav2_gz/install/sam_bot_nav2_gz/share/sam_bot_nav2_gz/src/gz_ros2_control/.git
[0.147s] -- Installing: /home/ubuntu/ros2_ws/src/sam_bot_nav2_gz/install/sam_bot_nav2_gz/share/sam_bot_nav2_gz/src/gz_ros2_control/.git/info
[0.147s] -- Installing: /home/ubuntu/ros2_ws/src/sam_bot_nav2_gz/install/sam_bot_nav2_gz/share/sam_bot_nav2_gz/src/gz_ros2_control/.git/info/exclude
[0.147s] -- Installing: /home/ubuntu/ros2_ws/src/sam_bot_nav2_gz/install/sam_bot_nav2_gz/share/sam_bot_nav2_gz/src/gz_ros2_control/.git/index
[0.147s] -- Installing: /home/ubuntu/ros2_ws/src/sam_bot_nav2_gz/install/sam_bot_nav2_gz/share/sam_bot_nav2_gz/src/gz_ros2_control/.git/refs
[0.147s] -- Installing: /home/ubuntu/ros2_ws/src/sam_bot_nav2_gz/install/sam_bot_nav2_gz/share/sam_bot_nav2_gz/src/gz_ros2_control/.git/refs/heads
[0.147s] -- Installing: /home/ubuntu/ros2_ws/src/sam_bot_nav2_gz/install/sam_bot_nav2_gz/share/sam_bot_nav2_gz/src/gz_ros2_control/.git/refs/heads/master
[0.148s] -- Installing: /home/ubuntu/ros2_ws/src/sam_bot_nav2_gz/install/sam_bot_nav2_gz/share/sam_bot_nav2_gz/src/gz_ros2_control/.git/refs/remotes
[0.148s] -- Installing: /home/ubuntu/ros2_ws/src/sam_bot_nav2_gz/install/sam_bot_nav2_gz/share/sam_bot_nav2_gz/src/gz_ros2_control/.git/refs/remotes/origin
[0.148s] -- Installing: /home/ubuntu/ros2_ws/src/sam_bot_nav2_gz/install/sam_bot_nav2_gz/share/sam_bot_nav2_gz/src/gz_ros2_control/.git/refs/remotes/origin/HEAD
[0.148s] -- Installing: /home/ubuntu/ros2_ws/src/sam_bot_nav2_gz/install/sam_bot_nav2_gz/share/sam_bot_nav2_gz/src/gz_ros2_control/.git/refs/tags
[0.148s] -- Installing: /home/ubuntu/ros2_ws/src/sam_bot_nav2_gz/install/sam_bot_nav2_gz/share/sam_bot_nav2_gz/src/gz_ros2_control/.git/branches
[0.148s] -- Installing: /home/ubuntu/ros2_ws/src/sam_bot_nav2_gz/install/sam_bot_nav2_gz/share/sam_bot_nav2_gz/src/gz_ros2_control/.git/description
[0.148s] -- Installing: /home/ubuntu/ros2_ws/src/sam_bot_nav2_gz/install/sam_bot_nav2_gz/share/sam_bot_nav2_gz/src/gz_ros2_control/.git/HEAD
[0.148s] -- Installing: /home/ubuntu/ros2_ws/src/sam_bot_nav2_gz/install/sam_bot_nav2_gz/share/sam_bot_nav2_gz/src/gz_ros2_control/.git/logs
[0.149s] -- Installing: /home/ubuntu/ros2_ws/src/sam_bot_nav2_gz/install/sam_bot_nav2_gz/share/sam_bot_nav2_gz/src/gz_ros2_control/.git/logs/refs
[0.149s] -- Installing: /home/ubuntu/ros2_ws/src/sam_bot_nav2_gz/install/sam_bot_nav2_gz/share/sam_bot_nav2_gz/src/gz_ros2_control/.git/logs/refs/heads
[0.149s] -- Installing: /home/ubuntu/ros2_ws/src/sam_bot_nav2_gz/install/sam_bot_nav2_gz/share/sam_bot_nav2_gz/src/gz_ros2_control/.git/logs/refs/heads/master
[0.149s] -- Installing: /home/ubuntu/ros2_ws/src/sam_bot_nav2_gz/install/sam_bot_nav2_gz/share/sam_bot_nav2_gz/src/gz_ros2_control/.git/logs/refs/remotes
[0.149s] -- Installing: /home/ubuntu/ros2_ws/src/sam_bot_nav2_gz/install/sam_bot_nav2_gz/share/sam_bot_nav2_gz/src/gz_ros2_control/.git/logs/refs/remotes/origin
[0.149s] -- Installing: /home/ubuntu/ros2_ws/src/sam_bot_nav2_gz/install/sam_bot_nav2_gz/share/sam_bot_nav2_gz/src/gz_ros2_control/.git/logs/refs/remotes/origin/HEAD
[0.149s] -- Installing: /home/ubuntu/ros2_ws/src/sam_bot_nav2_gz/install/sam_bot_nav2_gz/share/sam_bot_nav2_gz/src/gz_ros2_control/.git/logs/HEAD
[0.149s] -- Installing: /home/ubuntu/ros2_ws/src/sam_bot_nav2_gz/install/sam_bot_nav2_gz/share/sam_bot_nav2_gz/src/gz_ros2_control/.git/objects
[0.150s] -- Installing: /home/ubuntu/ros2_ws/src/sam_bot_nav2_gz/install/sam_bot_nav2_gz/share/sam_bot_nav2_gz/src/gz_ros2_control/.git/objects/info
[0.150s] -- Installing: /home/ubuntu/ros2_ws/src/sam_bot_nav2_gz/install/sam_bot_nav2_gz/share/sam_bot_nav2_gz/src/gz_ros2_control/.git/objects/pack
[0.150s] -- Installing: /home/ubuntu/ros2_ws/src/sam_bot_nav2_gz/install/sam_bot_nav2_gz/share/sam_bot_nav2_gz/src/gz_ros2_control/.git/objects/pack/pack-1614c82e57c8d45d0a5c18e9bd6d8fc842d8c5ac.idx
[0.150s] -- Installing: /home/ubuntu/ros2_ws/src/sam_bot_nav2_gz/install/sam_bot_nav2_gz/share/sam_bot_nav2_gz/src/gz_ros2_control/.git/objects/pack/pack-1614c82e57c8d45d0a5c18e9bd6d8fc842d8c5ac.pack
[0.151s] -- Installing: /home/ubuntu/ros2_ws/src/sam_bot_nav2_gz/install/sam_bot_nav2_gz/share/sam_bot_nav2_gz/src/gz_ros2_control/.git/hooks
[0.151s] -- Installing: /home/ubuntu/ros2_ws/src/sam_bot_nav2_gz/install/sam_bot_nav2_gz/share/sam_bot_nav2_gz/src/gz_ros2_control/.git/hooks/prepare-commit-msg.sample
[0.151s] -- Installing: /home/ubuntu/ros2_ws/src/sam_bot_nav2_gz/install/sam_bot_nav2_gz/share/sam_bot_nav2_gz/src/gz_ros2_control/.git/hooks/pre-rebase.sample
[0.151s] -- Installing: /home/ubuntu/ros2_ws/src/sam_bot_nav2_gz/install/sam_bot_nav2_gz/share/sam_bot_nav2_gz/src/gz_ros2_control/.git/hooks/push-to-checkout.sample
[0.151s] -- Installing: /home/ubuntu/ros2_ws/src/sam_bot_nav2_gz/install/sam_bot_nav2_gz/share/sam_bot_nav2_gz/src/gz_ros2_control/.git/hooks/pre-receive.sample
[0.151s] -- Installing: /home/ubuntu/ros2_ws/src/sam_bot_nav2_gz/install/sam_bot_nav2_gz/share/sam_bot_nav2_gz/src/gz_ros2_control/.git/hooks/commit-msg.sample
[0.151s] -- Installing: /home/ubuntu/ros2_ws/src/sam_bot_nav2_gz/install/sam_bot_nav2_gz/share/sam_bot_nav2_gz/src/gz_ros2_control/.git/hooks/pre-merge-commit.sample
[0.152s] -- Installing: /home/ubuntu/ros2_ws/src/sam_bot_nav2_gz/install/sam_bot_nav2_gz/share/sam_bot_nav2_gz/src/gz_ros2_control/.git/hooks/fsmonitor-watchman.sample
[0.152s] -- Installing: /home/ubuntu/ros2_ws/src/sam_bot_nav2_gz/install/sam_bot_nav2_gz/share/sam_bot_nav2_gz/src/gz_ros2_control/.git/hooks/applypatch-msg.sample
[0.152s] -- Installing: /home/ubuntu/ros2_ws/src/sam_bot_nav2_gz/install/sam_bot_nav2_gz/share/sam_bot_nav2_gz/src/gz_ros2_control/.git/hooks/pre-commit.sample
[0.152s] -- Installing: /home/ubuntu/ros2_ws/src/sam_bot_nav2_gz/install/sam_bot_nav2_gz/share/sam_bot_nav2_gz/src/gz_ros2_control/.git/hooks/update.sample
[0.152s] -- Installing: /home/ubuntu/ros2_ws/src/sam_bot_nav2_gz/install/sam_bot_nav2_gz/share/sam_bot_nav2_gz/src/gz_ros2_control/.git/hooks/pre-applypatch.sample
[0.152s] -- Installing: /home/ubuntu/ros2_ws/src/sam_bot_nav2_gz/install/sam_bot_nav2_gz/share/sam_bot_nav2_gz/src/gz_ros2_control/.git/hooks/pre-push.sample
[0.153s] -- Installing: /home/ubuntu/ros2_ws/src/sam_bot_nav2_gz/install/sam_bot_nav2_gz/share/sam_bot_nav2_gz/src/gz_ros2_control/.git/hooks/post-update.sample
[0.153s] -- Installing: /home/ubuntu/ros2_ws/src/sam_bot_nav2_gz/install/sam_bot_nav2_gz/share/sam_bot_nav2_gz/src/gz_ros2_control/.git/config
[0.153s] -- Installing: /home/ubuntu/ros2_ws/src/sam_bot_nav2_gz/install/sam_bot_nav2_gz/share/sam_bot_nav2_gz/src/gz_ros2_control/.git/packed-refs
[0.153s] -- Up-to-date: /home/ubuntu/ros2_ws/src/sam_bot_nav2_gz/install/sam_bot_nav2_gz/share/sam_bot_nav2_gz/src/description
[0.153s] -- Up-to-date: /home/ubuntu/ros2_ws/src/sam_bot_nav2_gz/install/sam_bot_nav2_gz/share/sam_bot_nav2_gz/src/description/sam_bot_description.urdf
[0.153s] -- Up-to-date: /home/ubuntu/ros2_ws/src/sam_bot_nav2_gz/install/sam_bot_nav2_gz/share/sam_bot_nav2_gz/src/description/sam_bot_description_ros2_control.urdf
[0.153s] -- Installing: /home/ubuntu/ros2_ws/src/sam_bot_nav2_gz/install/sam_bot_nav2_gz/share/sam_bot_nav2_gz/src/nav2_bringup
[0.153s] -- Installing: /home/ubuntu/ros2_ws/src/sam_bot_nav2_gz/install/sam_bot_nav2_gz/share/sam_bot_nav2_gz/src/nav2_bringup/rviz
[0.154s] -- Installing: /home/ubuntu/ros2_ws/src/sam_bot_nav2_gz/install/sam_bot_nav2_gz/share/sam_bot_nav2_gz/src/nav2_bringup/rviz/nav2_namespaced_view.rviz
[0.154s] -- Installing: /home/ubuntu/ros2_ws/src/sam_bot_nav2_gz/install/sam_bot_nav2_gz/share/sam_bot_nav2_gz/src/nav2_bringup/rviz/nav2_default_view.rviz
[0.154s] -- Installing: /home/ubuntu/ros2_ws/src/sam_bot_nav2_gz/install/sam_bot_nav2_gz/share/sam_bot_nav2_gz/src/nav2_bringup/README.md
[0.154s] -- Installing: /home/ubuntu/ros2_ws/src/sam_bot_nav2_gz/install/sam_bot_nav2_gz/share/sam_bot_nav2_gz/src/nav2_bringup/frames_2024-02-13_13.03.26.pdf
[0.154s] -- Installing: /home/ubuntu/ros2_ws/src/sam_bot_nav2_gz/install/sam_bot_nav2_gz/share/sam_bot_nav2_gz/src/nav2_bringup/CHANGELOG.rst
[0.154s] -- Installing: /home/ubuntu/ros2_ws/src/sam_bot_nav2_gz/install/sam_bot_nav2_gz/share/sam_bot_nav2_gz/src/nav2_bringup/worlds
[0.154s] -- Installing: /home/ubuntu/ros2_ws/src/sam_bot_nav2_gz/install/sam_bot_nav2_gz/share/sam_bot_nav2_gz/src/nav2_bringup/worlds/waffle.model
[0.154s] -- Installing: /home/ubuntu/ros2_ws/src/sam_bot_nav2_gz/install/sam_bot_nav2_gz/share/sam_bot_nav2_gz/src/nav2_bringup/worlds/world_only.model
[0.154s] -- Installing: /home/ubuntu/ros2_ws/src/sam_bot_nav2_gz/install/sam_bot_nav2_gz/share/sam_bot_nav2_gz/src/nav2_bringup/frames_2024-02-13_13.03.26.gv
[0.155s] -- Installing: /home/ubuntu/ros2_ws/src/sam_bot_nav2_gz/install/sam_bot_nav2_gz/share/sam_bot_nav2_gz/src/nav2_bringup/CMakeLists.txt
[0.155s] -- Installing: /home/ubuntu/ros2_ws/src/sam_bot_nav2_gz/install/sam_bot_nav2_gz/share/sam_bot_nav2_gz/src/nav2_bringup/maps
[0.155s] -- Installing: /home/ubuntu/ros2_ws/src/sam_bot_nav2_gz/install/sam_bot_nav2_gz/share/sam_bot_nav2_gz/src/nav2_bringup/maps/turtlebot3_world.yaml
[0.155s] -- Installing: /home/ubuntu/ros2_ws/src/sam_bot_nav2_gz/install/sam_bot_nav2_gz/share/sam_bot_nav2_gz/src/nav2_bringup/maps/turtlebot3_world.pgm
[0.155s] -- Installing: /home/ubuntu/ros2_ws/src/sam_bot_nav2_gz/install/sam_bot_nav2_gz/share/sam_bot_nav2_gz/src/nav2_bringup/package.xml
[0.155s] -- Installing: /home/ubuntu/ros2_ws/src/sam_bot_nav2_gz/install/sam_bot_nav2_gz/share/sam_bot_nav2_gz/src/nav2_bringup/params
[0.155s] -- Installing: /home/ubuntu/ros2_ws/src/sam_bot_nav2_gz/install/sam_bot_nav2_gz/share/sam_bot_nav2_gz/src/nav2_bringup/params/nav2_params.yaml
[0.155s] -- Installing: /home/ubuntu/ros2_ws/src/sam_bot_nav2_gz/install/sam_bot_nav2_gz/share/sam_bot_nav2_gz/src/nav2_bringup/params/nav2_multirobot_params_2.yaml
[0.156s] -- Installing: /home/ubuntu/ros2_ws/src/sam_bot_nav2_gz/install/sam_bot_nav2_gz/share/sam_bot_nav2_gz/src/nav2_bringup/params/nav2_multirobot_params_all.yaml
[0.156s] -- Installing: /home/ubuntu/ros2_ws/src/sam_bot_nav2_gz/install/sam_bot_nav2_gz/share/sam_bot_nav2_gz/src/nav2_bringup/params/nav2_multirobot_params_1.yaml
[0.156s] -- Installing: /home/ubuntu/ros2_ws/src/sam_bot_nav2_gz/install/sam_bot_nav2_gz/share/sam_bot_nav2_gz/src/nav2_bringup/launch
[0.156s] -- Installing: /home/ubuntu/ros2_ws/src/sam_bot_nav2_gz/install/sam_bot_nav2_gz/share/sam_bot_nav2_gz/src/nav2_bringup/launch/localization_launch.py
[0.156s] -- Installing: /home/ubuntu/ros2_ws/src/sam_bot_nav2_gz/install/sam_bot_nav2_gz/share/sam_bot_nav2_gz/src/nav2_bringup/launch/rviz_launch.py
[0.157s] -- Installing: /home/ubuntu/ros2_ws/src/sam_bot_nav2_gz/install/sam_bot_nav2_gz/share/sam_bot_nav2_gz/src/nav2_bringup/launch/bringup_launch.py
[0.157s] -- Installing: /home/ubuntu/ros2_ws/src/sam_bot_nav2_gz/install/sam_bot_nav2_gz/share/sam_bot_nav2_gz/src/nav2_bringup/launch/unique_multi_tb3_simulation_launch.py
[0.157s] -- Installing: /home/ubuntu/ros2_ws/src/sam_bot_nav2_gz/install/sam_bot_nav2_gz/share/sam_bot_nav2_gz/src/nav2_bringup/launch/cloned_multi_tb3_simulation_launch.py
[0.157s] -- Installing: /home/ubuntu/ros2_ws/src/sam_bot_nav2_gz/install/sam_bot_nav2_gz/share/sam_bot_nav2_gz/src/nav2_bringup/launch/navigation_launch.py
[0.157s] -- Installing: /home/ubuntu/ros2_ws/src/sam_bot_nav2_gz/install/sam_bot_nav2_gz/share/sam_bot_nav2_gz/src/nav2_bringup/launch/slam_launch.py
[0.157s] -- Installing: /home/ubuntu/ros2_ws/src/sam_bot_nav2_gz/install/sam_bot_nav2_gz/share/sam_bot_nav2_gz/src/nav2_bringup/launch/tb3_simulation_launch.py
[0.158s] -- Installing: /home/ubuntu/ros2_ws/src/sam_bot_nav2_gz/install/sam_bot_nav2_gz/share/sam_bot_nav2_gz/src/nav2_bringup/urdf
[0.158s] -- Installing: /home/ubuntu/ros2_ws/src/sam_bot_nav2_gz/install/sam_bot_nav2_gz/share/sam_bot_nav2_gz/src/nav2_bringup/urdf/turtlebot3_waffle.urdf
[0.158s] -- Up-to-date: /home/ubuntu/ros2_ws/src/sam_bot_nav2_gz/install/sam_bot_nav2_gz/share/sam_bot_nav2_gz/scripts
[0.158s] -- Up-to-date: /home/ubuntu/ros2_ws/src/sam_bot_nav2_gz/install/sam_bot_nav2_gz/share/sam_bot_nav2_gz/scripts/__init__.py
[0.158s] -- Up-to-date: /home/ubuntu/ros2_ws/src/sam_bot_nav2_gz/install/sam_bot_nav2_gz/share/sam_bot_nav2_gz/scripts/reach_goal.py
[0.158s] -- Up-to-date: /home/ubuntu/ros2_ws/src/sam_bot_nav2_gz/install/sam_bot_nav2_gz/share/sam_bot_nav2_gz/scripts/follow_waypoints.py
[0.158s] -- Up-to-date: /home/ubuntu/ros2_ws/src/sam_bot_nav2_gz/install/sam_bot_nav2_gz/share/sam_bot_nav2_gz/launch
[0.158s] -- Up-to-date: /home/ubuntu/ros2_ws/src/sam_bot_nav2_gz/install/sam_bot_nav2_gz/share/sam_bot_nav2_gz/launch/diff_drive.launch.py
[0.158s] -- Up-to-date: /home/ubuntu/ros2_ws/src/sam_bot_nav2_gz/install/sam_bot_nav2_gz/share/sam_bot_nav2_gz/launch/display.launch.py
[0.158s] -- Up-to-date: /home/ubuntu/ros2_ws/src/sam_bot_nav2_gz/install/sam_bot_nav2_gz/share/sam_bot_nav2_gz/launch/tst_diff_drive.launch.py
[0.158s] -- Up-to-date: /home/ubuntu/ros2_ws/src/sam_bot_nav2_gz/install/sam_bot_nav2_gz/share/sam_bot_nav2_gz/rviz
[0.159s] -- Up-to-date: /home/ubuntu/ros2_ws/src/sam_bot_nav2_gz/install/sam_bot_nav2_gz/share/sam_bot_nav2_gz/rviz/navigation_config.rviz
[0.159s] -- Up-to-date: /home/ubuntu/ros2_ws/src/sam_bot_nav2_gz/install/sam_bot_nav2_gz/share/sam_bot_nav2_gz/rviz/urdf_config.rviz
[0.159s] -- Up-to-date: /home/ubuntu/ros2_ws/src/sam_bot_nav2_gz/install/sam_bot_nav2_gz/share/sam_bot_nav2_gz/config
[0.159s] -- Up-to-date: /home/ubuntu/ros2_ws/src/sam_bot_nav2_gz/install/sam_bot_nav2_gz/share/sam_bot_nav2_gz/config/nav2_params.yaml
[0.159s] -- Up-to-date: /home/ubuntu/ros2_ws/src/sam_bot_nav2_gz/install/sam_bot_nav2_gz/share/sam_bot_nav2_gz/config/diff_drive_controller_velocity.yaml
[0.159s] -- Up-to-date: /home/ubuntu/ros2_ws/src/sam_bot_nav2_gz/install/sam_bot_nav2_gz/share/sam_bot_nav2_gz/config/ros_gz_example_bridge.yaml
[0.159s] -- Up-to-date: /home/ubuntu/ros2_ws/src/sam_bot_nav2_gz/install/sam_bot_nav2_gz/share/sam_bot_nav2_gz/world
[0.159s] -- Up-to-date: /home/ubuntu/ros2_ws/src/sam_bot_nav2_gz/install/sam_bot_nav2_gz/share/sam_bot_nav2_gz/world/empty.sdf
[0.159s] -- Up-to-date: /home/ubuntu/ros2_ws/src/sam_bot_nav2_gz/install/sam_bot_nav2_gz/share/sam_bot_nav2_gz/world/turtlebot3_world.sdf
[0.159s] -- Up-to-date: /home/ubuntu/ros2_ws/src/sam_bot_nav2_gz/install/sam_bot_nav2_gz/share/sam_bot_nav2_gz/models
[0.159s] -- Up-to-date: /home/ubuntu/ros2_ws/src/sam_bot_nav2_gz/install/sam_bot_nav2_gz/share/sam_bot_nav2_gz/models/turtlebot3_world
[0.159s] -- Up-to-date: /home/ubuntu/ros2_ws/src/sam_bot_nav2_gz/install/sam_bot_nav2_gz/share/sam_bot_nav2_gz/models/turtlebot3_world/meshes
[0.159s] -- Up-to-date: /home/ubuntu/ros2_ws/src/sam_bot_nav2_gz/install/sam_bot_nav2_gz/share/sam_bot_nav2_gz/models/turtlebot3_world/meshes/wall.dae
[0.159s] -- Up-to-date: /home/ubuntu/ros2_ws/src/sam_bot_nav2_gz/install/sam_bot_nav2_gz/share/sam_bot_nav2_gz/models/turtlebot3_world/meshes/hexagon.dae
[0.159s] -- Up-to-date: /home/ubuntu/ros2_ws/src/sam_bot_nav2_gz/install/sam_bot_nav2_gz/share/sam_bot_nav2_gz/maps
[0.159s] -- Up-to-date: /home/ubuntu/ros2_ws/src/sam_bot_nav2_gz/install/sam_bot_nav2_gz/share/sam_bot_nav2_gz/maps/turtlebot3_world.yaml
[0.160s] -- Up-to-date: /home/ubuntu/ros2_ws/src/sam_bot_nav2_gz/install/sam_bot_nav2_gz/share/sam_bot_nav2_gz/maps/turtlebot3_world.pgm
[0.160s] -- Up-to-date: /home/ubuntu/ros2_ws/src/sam_bot_nav2_gz/install/sam_bot_nav2_gz/lib/sam_bot_nav2_gz/reach_goal.py
[0.160s] -- Up-to-date: /home/ubuntu/ros2_ws/src/sam_bot_nav2_gz/install/sam_bot_nav2_gz/lib/sam_bot_nav2_gz/follow_waypoints.py
[0.160s] -- Up-to-date: /home/ubuntu/ros2_ws/src/sam_bot_nav2_gz/install/sam_bot_nav2_gz/share/ament_index/resource_index/package_run_dependencies/sam_bot_nav2_gz
[0.160s] -- Up-to-date: /home/ubuntu/ros2_ws/src/sam_bot_nav2_gz/install/sam_bot_nav2_gz/share/ament_index/resource_index/parent_prefix_path/sam_bot_nav2_gz
[0.160s] -- Up-to-date: /home/ubuntu/ros2_ws/src/sam_bot_nav2_gz/install/sam_bot_nav2_gz/share/sam_bot_nav2_gz/environment/ament_prefix_path.sh
[0.160s] -- Up-to-date: /home/ubuntu/ros2_ws/src/sam_bot_nav2_gz/install/sam_bot_nav2_gz/share/sam_bot_nav2_gz/environment/ament_prefix_path.dsv
[0.160s] -- Up-to-date: /home/ubuntu/ros2_ws/src/sam_bot_nav2_gz/install/sam_bot_nav2_gz/share/sam_bot_nav2_gz/environment/path.sh
[0.160s] -- Up-to-date: /home/ubuntu/ros2_ws/src/sam_bot_nav2_gz/install/sam_bot_nav2_gz/share/sam_bot_nav2_gz/environment/path.dsv
[0.160s] -- Up-to-date: /home/ubuntu/ros2_ws/src/sam_bot_nav2_gz/install/sam_bot_nav2_gz/share/sam_bot_nav2_gz/local_setup.bash
[0.160s] -- Up-to-date: /home/ubuntu/ros2_ws/src/sam_bot_nav2_gz/install/sam_bot_nav2_gz/share/sam_bot_nav2_gz/local_setup.sh
[0.160s] -- Up-to-date: /home/ubuntu/ros2_ws/src/sam_bot_nav2_gz/install/sam_bot_nav2_gz/share/sam_bot_nav2_gz/local_setup.zsh
[0.160s] -- Up-to-date: /home/ubuntu/ros2_ws/src/sam_bot_nav2_gz/install/sam_bot_nav2_gz/share/sam_bot_nav2_gz/local_setup.dsv
[0.160s] -- Installing: /home/ubuntu/ros2_ws/src/sam_bot_nav2_gz/install/sam_bot_nav2_gz/share/sam_bot_nav2_gz/package.dsv
[0.160s] -- Up-to-date: /home/ubuntu/ros2_ws/src/sam_bot_nav2_gz/install/sam_bot_nav2_gz/share/ament_index/resource_index/packages/sam_bot_nav2_gz
[0.160s] -- Up-to-date: /home/ubuntu/ros2_ws/src/sam_bot_nav2_gz/install/sam_bot_nav2_gz/share/sam_bot_nav2_gz/cmake/sam_bot_nav2_gzConfig.cmake
[0.160s] -- Up-to-date: /home/ubuntu/ros2_ws/src/sam_bot_nav2_gz/install/sam_bot_nav2_gz/share/sam_bot_nav2_gz/cmake/sam_bot_nav2_gzConfig-version.cmake
[0.160s] -- Up-to-date: /home/ubuntu/ros2_ws/src/sam_bot_nav2_gz/install/sam_bot_nav2_gz/share/sam_bot_nav2_gz/package.xml
[0.161s] Invoked command in '/home/ubuntu/ros2_ws/src/sam_bot_nav2_gz/build/sam_bot_nav2_gz' returned '0': CMAKE_PREFIX_PATH=${CMAKE_PREFIX_PATH}:/opt/ros/iron /usr/bin/cmake --install /home/ubuntu/ros2_ws/src/sam_bot_nav2_gz/build/sam_bot_nav2_gz
